{"E:\\BE_Recruit\\SourceCode\\Backend\\src\\constant\\applicationConstants.js": {"path":"E:\\BE_Recruit\\SourceCode\\Backend\\src\\constant\\applicationConstants.js","statementMap":{"0":{"start":{"line":5,"column":29},"end":{"line":5,"column":87}},"1":{"start":{"line":7,"column":34},"end":{"line":10,"column":1}},"2":{"start":{"line":12,"column":28},"end":{"line":15,"column":1}},"3":{"start":{"line":17,"column":0},"end":{"line":17,"column":90}}},"fnMap":{},"branchMap":{},"s":{"0":0,"1":0,"2":0,"3":0},"f":{},"b":{}}
,"E:\\BE_Recruit\\SourceCode\\Backend\\src\\constant\\messages.js": {"path":"E:\\BE_Recruit\\SourceCode\\Backend\\src\\constant\\messages.js","statementMap":{"0":{"start":{"line":1,"column":17},"end":{"line":168,"column":1}},"1":{"start":{"line":170,"column":0},"end":{"line":170,"column":26}}},"fnMap":{},"branchMap":{},"s":{"0":0,"1":0},"f":{},"b":{}}
,"E:\\BE_Recruit\\SourceCode\\Backend\\src\\constant\\roles.js": {"path":"E:\\BE_Recruit\\SourceCode\\Backend\\src\\constant\\roles.js","statementMap":{"0":{"start":{"line":1,"column":14},"end":{"line":5,"column":1}},"1":{"start":{"line":7,"column":19},"end":{"line":11,"column":1}},"2":{"start":{"line":13,"column":0},"end":{"line":13,"column":39}}},"fnMap":{},"branchMap":{},"s":{"0":0,"1":0,"2":0},"f":{},"b":{}}
,"E:\\BE_Recruit\\SourceCode\\Backend\\src\\constant\\statusCode.js": {"path":"E:\\BE_Recruit\\SourceCode\\Backend\\src\\constant\\statusCode.js","statementMap":{"0":{"start":{"line":1,"column":20},"end":{"line":10,"column":1}},"1":{"start":{"line":12,"column":0},"end":{"line":12,"column":29}}},"fnMap":{},"branchMap":{},"s":{"0":1,"1":1},"f":{},"b":{},"_coverageSchema":"1a1c01bbd47fc00a2c39e90264f33305004495a9","hash":"c4e2af32b49f0357504411dbf4fec6a0dd01e72f"}
,"E:\\BE_Recruit\\SourceCode\\Backend\\src\\constant\\transactionConstants.js": {"path":"E:\\BE_Recruit\\SourceCode\\Backend\\src\\constant\\transactionConstants.js","statementMap":{"0":{"start":{"line":1,"column":26},"end":{"line":4,"column":1}},"1":{"start":{"line":6,"column":32},"end":{"line":6,"column":64}},"2":{"start":{"line":8,"column":29},"end":{"line":13,"column":1}},"3":{"start":{"line":15,"column":34},"end":{"line":15,"column":69}},"4":{"start":{"line":17,"column":24},"end":{"line":19,"column":1}},"5":{"start":{"line":21,"column":29},"end":{"line":23,"column":1}},"6":{"start":{"line":25,"column":0},"end":{"line":32,"column":2}}},"fnMap":{},"branchMap":{},"s":{"0":4,"1":4,"2":4,"3":4,"4":4,"5":4,"6":4},"f":{},"b":{},"_coverageSchema":"1a1c01bbd47fc00a2c39e90264f33305004495a9","hash":"d4ffc6e3f955d2b22f72e7e1aa2a71ff6de8e912"}
,"E:\\BE_Recruit\\SourceCode\\Backend\\src\\controllers\\AdminController.js": {"path":"E:\\BE_Recruit\\SourceCode\\Backend\\src\\controllers\\AdminController.js","statementMap":{"0":{"start":{"line":1,"column":26},"end":{"line":1,"column":66}},"1":{"start":{"line":2,"column":20},"end":{"line":2,"column":53}},"2":{"start":{"line":10,"column":8},"end":{"line":18,"column":9}},"3":{"start":{"line":11,"column":26},"end":{"line":11,"column":69}},"4":{"start":{"line":12,"column":12},"end":{"line":15,"column":15}},"5":{"start":{"line":17,"column":12},"end":{"line":17,"column":24}},"6":{"start":{"line":26,"column":8},"end":{"line":34,"column":9}},"7":{"start":{"line":27,"column":26},"end":{"line":27,"column":66}},"8":{"start":{"line":28,"column":12},"end":{"line":31,"column":15}},"9":{"start":{"line":33,"column":12},"end":{"line":33,"column":24}},"10":{"start":{"line":38,"column":0},"end":{"line":38,"column":39}}},"fnMap":{"0":{"name":"(anonymous_0)","decl":{"start":{"line":9,"column":4},"end":{"line":9,"column":5}},"loc":{"start":{"line":9,"column":44},"end":{"line":19,"column":5}},"line":9},"1":{"name":"(anonymous_1)","decl":{"start":{"line":25,"column":4},"end":{"line":25,"column":5}},"loc":{"start":{"line":25,"column":41},"end":{"line":35,"column":5}},"line":25}},"branchMap":{},"s":{"0":0,"1":0,"2":0,"3":0,"4":0,"5":0,"6":0,"7":0,"8":0,"9":0,"10":0},"f":{"0":0,"1":0},"b":{}}
,"E:\\BE_Recruit\\SourceCode\\Backend\\src\\controllers\\ApplicationController.js": {"path":"E:\\BE_Recruit\\SourceCode\\Backend\\src\\controllers\\ApplicationController.js","statementMap":{"0":{"start":{"line":1,"column":27},"end":{"line":1,"column":68}},"1":{"start":{"line":2,"column":20},"end":{"line":2,"column":53}},"2":{"start":{"line":3,"column":17},"end":{"line":3,"column":48}},"3":{"start":{"line":11,"column":8},"end":{"line":34,"column":9}},"4":{"start":{"line":12,"column":27},"end":{"line":12,"column":42}},"5":{"start":{"line":13,"column":59},"end":{"line":13,"column":67}},"6":{"start":{"line":15,"column":12},"end":{"line":19,"column":13}},"7":{"start":{"line":16,"column":30},"end":{"line":16,"column":80}},"8":{"start":{"line":17,"column":16},"end":{"line":17,"column":55}},"9":{"start":{"line":18,"column":16},"end":{"line":18,"column":28}},"10":{"start":{"line":21,"column":25},"end":{"line":25,"column":13}},"11":{"start":{"line":27,"column":12},"end":{"line":27,"column":69}},"12":{"start":{"line":29,"column":12},"end":{"line":31,"column":15}},"13":{"start":{"line":33,"column":12},"end":{"line":33,"column":24}},"14":{"start":{"line":42,"column":8},"end":{"line":54,"column":9}},"15":{"start":{"line":43,"column":27},"end":{"line":43,"column":42}},"16":{"start":{"line":44,"column":38},"end":{"line":44,"column":57}},"17":{"start":{"line":46,"column":12},"end":{"line":46,"column":78}},"18":{"start":{"line":48,"column":12},"end":{"line":51,"column":15}},"19":{"start":{"line":53,"column":12},"end":{"line":53,"column":24}},"20":{"start":{"line":62,"column":8},"end":{"line":72,"column":9}},"21":{"start":{"line":63,"column":27},"end":{"line":63,"column":42}},"22":{"start":{"line":64,"column":33},"end":{"line":64,"column":90}},"23":{"start":{"line":66,"column":12},"end":{"line":69,"column":15}},"24":{"start":{"line":71,"column":12},"end":{"line":71,"column":24}},"25":{"start":{"line":80,"column":8},"end":{"line":93,"column":9}},"26":{"start":{"line":81,"column":27},"end":{"line":81,"column":42}},"27":{"start":{"line":82,"column":44},"end":{"line":82,"column":62}},"28":{"start":{"line":84,"column":25},"end":{"line":84,"column":100}},"29":{"start":{"line":86,"column":12},"end":{"line":90,"column":15}},"30":{"start":{"line":92,"column":12},"end":{"line":92,"column":24}},"31":{"start":{"line":101,"column":8},"end":{"line":113,"column":9}},"32":{"start":{"line":102,"column":27},"end":{"line":102,"column":42}},"33":{"start":{"line":103,"column":27},"end":{"line":103,"column":37}},"34":{"start":{"line":105,"column":32},"end":{"line":105,"column":89}},"35":{"start":{"line":107,"column":12},"end":{"line":110,"column":15}},"36":{"start":{"line":112,"column":12},"end":{"line":112,"column":24}},"37":{"start":{"line":121,"column":8},"end":{"line":133,"column":9}},"38":{"start":{"line":122,"column":27},"end":{"line":122,"column":42}},"39":{"start":{"line":123,"column":30},"end":{"line":123,"column":40}},"40":{"start":{"line":125,"column":33},"end":{"line":125,"column":91}},"41":{"start":{"line":127,"column":12},"end":{"line":130,"column":15}},"42":{"start":{"line":132,"column":12},"end":{"line":132,"column":24}},"43":{"start":{"line":137,"column":8},"end":{"line":148,"column":9}},"44":{"start":{"line":138,"column":27},"end":{"line":138,"column":42}},"45":{"start":{"line":139,"column":25},"end":{"line":139,"column":101}},"46":{"start":{"line":141,"column":12},"end":{"line":145,"column":15}},"47":{"start":{"line":147,"column":12},"end":{"line":147,"column":24}},"48":{"start":{"line":152,"column":8},"end":{"line":163,"column":9}},"49":{"start":{"line":153,"column":27},"end":{"line":153,"column":42}},"50":{"start":{"line":154,"column":38},"end":{"line":154,"column":57}},"51":{"start":{"line":155,"column":25},"end":{"line":155,"column":94}},"52":{"start":{"line":156,"column":36},"end":{"line":156,"column":69}},"53":{"start":{"line":158,"column":12},"end":{"line":158,"column":60}},"54":{"start":{"line":159,"column":12},"end":{"line":159,"column":100}},"55":{"start":{"line":160,"column":12},"end":{"line":160,"column":68}},"56":{"start":{"line":162,"column":12},"end":{"line":162,"column":24}},"57":{"start":{"line":171,"column":8},"end":{"line":183,"column":9}},"58":{"start":{"line":172,"column":27},"end":{"line":172,"column":42}},"59":{"start":{"line":173,"column":27},"end":{"line":173,"column":37}},"60":{"start":{"line":175,"column":32},"end":{"line":175,"column":97}},"61":{"start":{"line":177,"column":12},"end":{"line":180,"column":15}},"62":{"start":{"line":182,"column":12},"end":{"line":182,"column":24}},"63":{"start":{"line":191,"column":8},"end":{"line":209,"column":9}},"64":{"start":{"line":192,"column":27},"end":{"line":192,"column":42}},"65":{"start":{"line":193,"column":27},"end":{"line":193,"column":37}},"66":{"start":{"line":194,"column":37},"end":{"line":194,"column":45}},"67":{"start":{"line":196,"column":12},"end":{"line":200,"column":13}},"68":{"start":{"line":197,"column":30},"end":{"line":197,"column":62}},"69":{"start":{"line":198,"column":16},"end":{"line":198,"column":55}},"70":{"start":{"line":199,"column":16},"end":{"line":199,"column":28}},"71":{"start":{"line":202,"column":12},"end":{"line":202,"column":87}},"72":{"start":{"line":204,"column":12},"end":{"line":206,"column":15}},"73":{"start":{"line":208,"column":12},"end":{"line":208,"column":24}},"74":{"start":{"line":213,"column":0},"end":{"line":213,"column":45}}},"fnMap":{"0":{"name":"(anonymous_0)","decl":{"start":{"line":10,"column":4},"end":{"line":10,"column":5}},"loc":{"start":{"line":10,"column":35},"end":{"line":35,"column":5}},"line":10},"1":{"name":"(anonymous_1)","decl":{"start":{"line":41,"column":4},"end":{"line":41,"column":5}},"loc":{"start":{"line":41,"column":44},"end":{"line":55,"column":5}},"line":41},"2":{"name":"(anonymous_2)","decl":{"start":{"line":61,"column":4},"end":{"line":61,"column":5}},"loc":{"start":{"line":61,"column":46},"end":{"line":73,"column":5}},"line":61},"3":{"name":"(anonymous_3)","decl":{"start":{"line":79,"column":4},"end":{"line":79,"column":5}},"loc":{"start":{"line":79,"column":44},"end":{"line":94,"column":5}},"line":79},"4":{"name":"(anonymous_4)","decl":{"start":{"line":100,"column":4},"end":{"line":100,"column":5}},"loc":{"start":{"line":100,"column":47},"end":{"line":114,"column":5}},"line":100},"5":{"name":"(anonymous_5)","decl":{"start":{"line":120,"column":4},"end":{"line":120,"column":5}},"loc":{"start":{"line":120,"column":45},"end":{"line":134,"column":5}},"line":120},"6":{"name":"(anonymous_6)","decl":{"start":{"line":136,"column":4},"end":{"line":136,"column":5}},"loc":{"start":{"line":136,"column":50},"end":{"line":149,"column":5}},"line":136},"7":{"name":"(anonymous_7)","decl":{"start":{"line":151,"column":4},"end":{"line":151,"column":5}},"loc":{"start":{"line":151,"column":56},"end":{"line":164,"column":5}},"line":151},"8":{"name":"(anonymous_8)","decl":{"start":{"line":170,"column":4},"end":{"line":170,"column":5}},"loc":{"start":{"line":170,"column":55},"end":{"line":184,"column":5}},"line":170},"9":{"name":"(anonymous_9)","decl":{"start":{"line":190,"column":4},"end":{"line":190,"column":5}},"loc":{"start":{"line":190,"column":50},"end":{"line":210,"column":5}},"line":190}},"branchMap":{"0":{"loc":{"start":{"line":15,"column":12},"end":{"line":19,"column":13}},"type":"if","locations":[{"start":{"line":15,"column":12},"end":{"line":19,"column":13}},{"start":{},"end":{}}],"line":15},"1":{"loc":{"start":{"line":15,"column":16},"end":{"line":15,"column":40}},"type":"binary-expr","locations":[{"start":{"line":15,"column":16},"end":{"line":15,"column":26}},{"start":{"line":15,"column":30},"end":{"line":15,"column":40}}],"line":15},"2":{"loc":{"start":{"line":196,"column":12},"end":{"line":200,"column":13}},"type":"if","locations":[{"start":{"line":196,"column":12},"end":{"line":200,"column":13}},{"start":{},"end":{}}],"line":196}},"s":{"0":0,"1":0,"2":0,"3":0,"4":0,"5":0,"6":0,"7":0,"8":0,"9":0,"10":0,"11":0,"12":0,"13":0,"14":0,"15":0,"16":0,"17":0,"18":0,"19":0,"20":0,"21":0,"22":0,"23":0,"24":0,"25":0,"26":0,"27":0,"28":0,"29":0,"30":0,"31":0,"32":0,"33":0,"34":0,"35":0,"36":0,"37":0,"38":0,"39":0,"40":0,"41":0,"42":0,"43":0,"44":0,"45":0,"46":0,"47":0,"48":0,"49":0,"50":0,"51":0,"52":0,"53":0,"54":0,"55":0,"56":0,"57":0,"58":0,"59":0,"60":0,"61":0,"62":0,"63":0,"64":0,"65":0,"66":0,"67":0,"68":0,"69":0,"70":0,"71":0,"72":0,"73":0,"74":0},"f":{"0":0,"1":0,"2":0,"3":0,"4":0,"5":0,"6":0,"7":0,"8":0,"9":0},"b":{"0":[0,0],"1":[0,0],"2":[0,0]}}
,"E:\\BE_Recruit\\SourceCode\\Backend\\src\\controllers\\AuthController.js": {"path":"E:\\BE_Recruit\\SourceCode\\Backend\\src\\controllers\\AuthController.js","statementMap":{"0":{"start":{"line":1,"column":20},"end":{"line":1,"column":54}},"1":{"start":{"line":2,"column":17},"end":{"line":2,"column":48}},"2":{"start":{"line":3,"column":20},"end":{"line":3,"column":53}},"3":{"start":{"line":5,"column":24},"end":{"line":15,"column":1}},"4":{"start":{"line":6,"column":24},"end":{"line":6,"column":54}},"5":{"start":{"line":7,"column":4},"end":{"line":9,"column":5}},"6":{"start":{"line":8,"column":8},"end":{"line":8,"column":56}},"7":{"start":{"line":11,"column":4},"end":{"line":14,"column":20}},"8":{"start":{"line":19,"column":8},"end":{"line":28,"column":9}},"9":{"start":{"line":20,"column":27},"end":{"line":20,"column":63}},"10":{"start":{"line":22,"column":12},"end":{"line":25,"column":15}},"11":{"start":{"line":27,"column":12},"end":{"line":27,"column":24}},"12":{"start":{"line":32,"column":8},"end":{"line":41,"column":9}},"13":{"start":{"line":33,"column":27},"end":{"line":33,"column":60}},"14":{"start":{"line":35,"column":12},"end":{"line":38,"column":15}},"15":{"start":{"line":40,"column":12},"end":{"line":40,"column":24}},"16":{"start":{"line":45,"column":8},"end":{"line":54,"column":9}},"17":{"start":{"line":46,"column":27},"end":{"line":46,"column":69}},"18":{"start":{"line":48,"column":12},"end":{"line":51,"column":15}},"19":{"start":{"line":53,"column":12},"end":{"line":53,"column":24}},"20":{"start":{"line":58,"column":8},"end":{"line":67,"column":9}},"21":{"start":{"line":59,"column":27},"end":{"line":59,"column":64}},"22":{"start":{"line":61,"column":12},"end":{"line":64,"column":15}},"23":{"start":{"line":66,"column":12},"end":{"line":66,"column":24}},"24":{"start":{"line":71,"column":8},"end":{"line":80,"column":9}},"25":{"start":{"line":72,"column":27},"end":{"line":72,"column":68}},"26":{"start":{"line":74,"column":12},"end":{"line":77,"column":15}},"27":{"start":{"line":79,"column":12},"end":{"line":79,"column":24}},"28":{"start":{"line":84,"column":8},"end":{"line":93,"column":9}},"29":{"start":{"line":85,"column":27},"end":{"line":85,"column":67}},"30":{"start":{"line":87,"column":12},"end":{"line":90,"column":15}},"31":{"start":{"line":92,"column":12},"end":{"line":92,"column":24}},"32":{"start":{"line":97,"column":8},"end":{"line":105,"column":9}},"33":{"start":{"line":98,"column":12},"end":{"line":98,"column":47}},"34":{"start":{"line":100,"column":12},"end":{"line":102,"column":15}},"35":{"start":{"line":104,"column":12},"end":{"line":104,"column":24}},"36":{"start":{"line":109,"column":8},"end":{"line":126,"column":9}},"37":{"start":{"line":110,"column":27},"end":{"line":110,"column":47}},"38":{"start":{"line":111,"column":27},"end":{"line":114,"column":14}},"39":{"start":{"line":116,"column":12},"end":{"line":123,"column":15}},"40":{"start":{"line":125,"column":12},"end":{"line":125,"column":24}},"41":{"start":{"line":130,"column":8},"end":{"line":148,"column":9}},"42":{"start":{"line":131,"column":27},"end":{"line":131,"column":85}},"43":{"start":{"line":132,"column":28},"end":{"line":134,"column":41}},"44":{"start":{"line":136,"column":12},"end":{"line":145,"column":15}},"45":{"start":{"line":147,"column":12},"end":{"line":147,"column":24}},"46":{"start":{"line":152,"column":0},"end":{"line":152,"column":38}}},"fnMap":{"0":{"name":"(anonymous_0)","decl":{"start":{"line":5,"column":24},"end":{"line":5,"column":25}},"loc":{"start":{"line":5,"column":33},"end":{"line":15,"column":1}},"line":5},"1":{"name":"(anonymous_1)","decl":{"start":{"line":18,"column":4},"end":{"line":18,"column":5}},"loc":{"start":{"line":18,"column":35},"end":{"line":29,"column":5}},"line":18},"2":{"name":"(anonymous_2)","decl":{"start":{"line":31,"column":4},"end":{"line":31,"column":5}},"loc":{"start":{"line":31,"column":32},"end":{"line":42,"column":5}},"line":31},"3":{"name":"(anonymous_3)","decl":{"start":{"line":44,"column":4},"end":{"line":44,"column":5}},"loc":{"start":{"line":44,"column":41},"end":{"line":55,"column":5}},"line":44},"4":{"name":"(anonymous_4)","decl":{"start":{"line":57,"column":4},"end":{"line":57,"column":5}},"loc":{"start":{"line":57,"column":36},"end":{"line":68,"column":5}},"line":57},"5":{"name":"(anonymous_5)","decl":{"start":{"line":70,"column":4},"end":{"line":70,"column":5}},"loc":{"start":{"line":70,"column":40},"end":{"line":81,"column":5}},"line":70},"6":{"name":"(anonymous_6)","decl":{"start":{"line":83,"column":4},"end":{"line":83,"column":5}},"loc":{"start":{"line":83,"column":39},"end":{"line":94,"column":5}},"line":83},"7":{"name":"(anonymous_7)","decl":{"start":{"line":96,"column":4},"end":{"line":96,"column":5}},"loc":{"start":{"line":96,"column":33},"end":{"line":106,"column":5}},"line":96},"8":{"name":"(anonymous_8)","decl":{"start":{"line":108,"column":4},"end":{"line":108,"column":5}},"loc":{"start":{"line":108,"column":43},"end":{"line":127,"column":5}},"line":108},"9":{"name":"(anonymous_9)","decl":{"start":{"line":129,"column":4},"end":{"line":129,"column":5}},"loc":{"start":{"line":129,"column":50},"end":{"line":149,"column":5}},"line":129}},"branchMap":{"0":{"loc":{"start":{"line":7,"column":4},"end":{"line":9,"column":5}},"type":"if","locations":[{"start":{"line":7,"column":4},"end":{"line":9,"column":5}},{"start":{},"end":{}}],"line":7},"1":{"loc":{"start":{"line":11,"column":11},"end":{"line":14,"column":19}},"type":"binary-expr","locations":[{"start":{"line":11,"column":11},"end":{"line":11,"column":40}},{"start":{"line":12,"column":8},"end":{"line":12,"column":33}},{"start":{"line":13,"column":8},"end":{"line":13,"column":45}},{"start":{"line":14,"column":8},"end":{"line":14,"column":19}}],"line":11},"2":{"loc":{"start":{"line":132,"column":28},"end":{"line":134,"column":41}},"type":"cond-expr","locations":[{"start":{"line":133,"column":18},"end":{"line":133,"column":61}},{"start":{"line":134,"column":18},"end":{"line":134,"column":41}}],"line":132},"3":{"loc":{"start":{"line":139,"column":22},"end":{"line":144,"column":26}},"type":"cond-expr","locations":[{"start":{"line":140,"column":22},"end":{"line":143,"column":21}},{"start":{"line":144,"column":22},"end":{"line":144,"column":26}}],"line":139}},"s":{"0":0,"1":0,"2":0,"3":0,"4":0,"5":0,"6":0,"7":0,"8":0,"9":0,"10":0,"11":0,"12":0,"13":0,"14":0,"15":0,"16":0,"17":0,"18":0,"19":0,"20":0,"21":0,"22":0,"23":0,"24":0,"25":0,"26":0,"27":0,"28":0,"29":0,"30":0,"31":0,"32":0,"33":0,"34":0,"35":0,"36":0,"37":0,"38":0,"39":0,"40":0,"41":0,"42":0,"43":0,"44":0,"45":0,"46":0},"f":{"0":0,"1":0,"2":0,"3":0,"4":0,"5":0,"6":0,"7":0,"8":0,"9":0},"b":{"0":[0,0],"1":[0,0,0,0],"2":[0,0],"3":[0,0]}}
,"E:\\BE_Recruit\\SourceCode\\Backend\\src\\controllers\\CategoryController.js": {"path":"E:\\BE_Recruit\\SourceCode\\Backend\\src\\controllers\\CategoryController.js","statementMap":{"0":{"start":{"line":1,"column":24},"end":{"line":1,"column":62}},"1":{"start":{"line":2,"column":20},"end":{"line":2,"column":53}},"2":{"start":{"line":3,"column":17},"end":{"line":3,"column":48}},"3":{"start":{"line":4,"column":12},"end":{"line":4,"column":26}},"4":{"start":{"line":12,"column":8},"end":{"line":20,"column":9}},"5":{"start":{"line":13,"column":31},"end":{"line":13,"column":71}},"6":{"start":{"line":14,"column":12},"end":{"line":17,"column":15}},"7":{"start":{"line":19,"column":12},"end":{"line":19,"column":24}},"8":{"start":{"line":28,"column":8},"end":{"line":37,"column":9}},"9":{"start":{"line":29,"column":27},"end":{"line":29,"column":37}},"10":{"start":{"line":30,"column":29},"end":{"line":30,"column":72}},"11":{"start":{"line":31,"column":12},"end":{"line":34,"column":15}},"12":{"start":{"line":36,"column":12},"end":{"line":36,"column":24}},"13":{"start":{"line":45,"column":8},"end":{"line":65,"column":9}},"14":{"start":{"line":46,"column":27},"end":{"line":48,"column":14}},"15":{"start":{"line":50,"column":30},"end":{"line":50,"column":55}},"16":{"start":{"line":51,"column":12},"end":{"line":55,"column":13}},"17":{"start":{"line":52,"column":28},"end":{"line":52,"column":63}},"18":{"start":{"line":53,"column":16},"end":{"line":53,"column":53}},"19":{"start":{"line":54,"column":16},"end":{"line":54,"column":26}},"20":{"start":{"line":57,"column":29},"end":{"line":57,"column":75}},"21":{"start":{"line":59,"column":12},"end":{"line":62,"column":15}},"22":{"start":{"line":64,"column":12},"end":{"line":64,"column":24}},"23":{"start":{"line":73,"column":8},"end":{"line":94,"column":9}},"24":{"start":{"line":74,"column":27},"end":{"line":76,"column":14}},"25":{"start":{"line":78,"column":30},"end":{"line":78,"column":55}},"26":{"start":{"line":79,"column":12},"end":{"line":83,"column":13}},"27":{"start":{"line":80,"column":28},"end":{"line":80,"column":63}},"28":{"start":{"line":81,"column":16},"end":{"line":81,"column":53}},"29":{"start":{"line":82,"column":16},"end":{"line":82,"column":26}},"30":{"start":{"line":85,"column":27},"end":{"line":85,"column":37}},"31":{"start":{"line":86,"column":36},"end":{"line":86,"column":86}},"32":{"start":{"line":88,"column":12},"end":{"line":91,"column":15}},"33":{"start":{"line":93,"column":12},"end":{"line":93,"column":24}},"34":{"start":{"line":102,"column":8},"end":{"line":111,"column":9}},"35":{"start":{"line":103,"column":27},"end":{"line":103,"column":37}},"36":{"start":{"line":104,"column":12},"end":{"line":104,"column":53}},"37":{"start":{"line":106,"column":12},"end":{"line":108,"column":15}},"38":{"start":{"line":110,"column":12},"end":{"line":110,"column":24}},"39":{"start":{"line":115,"column":0},"end":{"line":115,"column":42}}},"fnMap":{"0":{"name":"(anonymous_0)","decl":{"start":{"line":11,"column":4},"end":{"line":11,"column":5}},"loc":{"start":{"line":11,"column":43},"end":{"line":21,"column":5}},"line":11},"1":{"name":"(anonymous_1)","decl":{"start":{"line":27,"column":4},"end":{"line":27,"column":5}},"loc":{"start":{"line":27,"column":44},"end":{"line":38,"column":5}},"line":27},"2":{"name":"(anonymous_2)","decl":{"start":{"line":44,"column":4},"end":{"line":44,"column":5}},"loc":{"start":{"line":44,"column":41},"end":{"line":66,"column":5}},"line":44},"3":{"name":"(anonymous_3)","decl":{"start":{"line":72,"column":4},"end":{"line":72,"column":5}},"loc":{"start":{"line":72,"column":41},"end":{"line":95,"column":5}},"line":72},"4":{"name":"(anonymous_4)","decl":{"start":{"line":101,"column":4},"end":{"line":101,"column":5}},"loc":{"start":{"line":101,"column":41},"end":{"line":112,"column":5}},"line":101}},"branchMap":{"0":{"loc":{"start":{"line":51,"column":12},"end":{"line":55,"column":13}},"type":"if","locations":[{"start":{"line":51,"column":12},"end":{"line":55,"column":13}},{"start":{},"end":{}}],"line":51},"1":{"loc":{"start":{"line":79,"column":12},"end":{"line":83,"column":13}},"type":"if","locations":[{"start":{"line":79,"column":12},"end":{"line":83,"column":13}},{"start":{},"end":{}}],"line":79}},"s":{"0":0,"1":0,"2":0,"3":0,"4":0,"5":0,"6":0,"7":0,"8":0,"9":0,"10":0,"11":0,"12":0,"13":0,"14":0,"15":0,"16":0,"17":0,"18":0,"19":0,"20":0,"21":0,"22":0,"23":0,"24":0,"25":0,"26":0,"27":0,"28":0,"29":0,"30":0,"31":0,"32":0,"33":0,"34":0,"35":0,"36":0,"37":0,"38":0,"39":0},"f":{"0":0,"1":0,"2":0,"3":0,"4":0},"b":{"0":[0,0],"1":[0,0]}}
,"E:\\BE_Recruit\\SourceCode\\Backend\\src\\controllers\\ChatController.js": {"path":"E:\\BE_Recruit\\SourceCode\\Backend\\src\\controllers\\ChatController.js","statementMap":{"0":{"start":{"line":1,"column":20},"end":{"line":1,"column":54}},"1":{"start":{"line":2,"column":20},"end":{"line":2,"column":53}},"2":{"start":{"line":3,"column":17},"end":{"line":3,"column":48}},"3":{"start":{"line":11,"column":8},"end":{"line":28,"column":9}},"4":{"start":{"line":12,"column":29},"end":{"line":12,"column":44}},"5":{"start":{"line":13,"column":31},"end":{"line":13,"column":44}},"6":{"start":{"line":14,"column":39},"end":{"line":14,"column":47}},"7":{"start":{"line":16,"column":33},"end":{"line":20,"column":13}},"8":{"start":{"line":22,"column":12},"end":{"line":25,"column":15}},"9":{"start":{"line":27,"column":12},"end":{"line":27,"column":24}},"10":{"start":{"line":36,"column":8},"end":{"line":48,"column":9}},"11":{"start":{"line":37,"column":27},"end":{"line":37,"column":42}},"12":{"start":{"line":38,"column":25},"end":{"line":38,"column":38}},"13":{"start":{"line":40,"column":34},"end":{"line":40,"column":82}},"14":{"start":{"line":42,"column":12},"end":{"line":45,"column":15}},"15":{"start":{"line":47,"column":12},"end":{"line":47,"column":24}},"16":{"start":{"line":56,"column":8},"end":{"line":69,"column":9}},"17":{"start":{"line":57,"column":27},"end":{"line":57,"column":42}},"18":{"start":{"line":58,"column":25},"end":{"line":58,"column":38}},"19":{"start":{"line":59,"column":27},"end":{"line":59,"column":37}},"20":{"start":{"line":61,"column":29},"end":{"line":61,"column":76}},"21":{"start":{"line":63,"column":12},"end":{"line":66,"column":15}},"22":{"start":{"line":68,"column":12},"end":{"line":68,"column":24}},"23":{"start":{"line":77,"column":8},"end":{"line":90,"column":9}},"24":{"start":{"line":78,"column":29},"end":{"line":78,"column":44}},"25":{"start":{"line":79,"column":25},"end":{"line":79,"column":38}},"26":{"start":{"line":82,"column":28},"end":{"line":82,"column":83}},"27":{"start":{"line":84,"column":12},"end":{"line":87,"column":15}},"28":{"start":{"line":89,"column":12},"end":{"line":89,"column":24}},"29":{"start":{"line":94,"column":0},"end":{"line":94,"column":38}}},"fnMap":{"0":{"name":"(anonymous_0)","decl":{"start":{"line":10,"column":4},"end":{"line":10,"column":5}},"loc":{"start":{"line":10,"column":44},"end":{"line":29,"column":5}},"line":10},"1":{"name":"(anonymous_1)","decl":{"start":{"line":35,"column":4},"end":{"line":35,"column":5}},"loc":{"start":{"line":35,"column":43},"end":{"line":49,"column":5}},"line":35},"2":{"name":"(anonymous_2)","decl":{"start":{"line":55,"column":4},"end":{"line":55,"column":5}},"loc":{"start":{"line":55,"column":38},"end":{"line":70,"column":5}},"line":55},"3":{"name":"(anonymous_3)","decl":{"start":{"line":76,"column":4},"end":{"line":76,"column":5}},"loc":{"start":{"line":76,"column":38},"end":{"line":91,"column":5}},"line":76}},"branchMap":{},"s":{"0":0,"1":0,"2":0,"3":0,"4":0,"5":0,"6":0,"7":0,"8":0,"9":0,"10":0,"11":0,"12":0,"13":0,"14":0,"15":0,"16":0,"17":0,"18":0,"19":0,"20":0,"21":0,"22":0,"23":0,"24":0,"25":0,"26":0,"27":0,"28":0,"29":0},"f":{"0":0,"1":0,"2":0,"3":0},"b":{}}
,"E:\\BE_Recruit\\SourceCode\\Backend\\src\\controllers\\CompanyController.js": {"path":"E:\\BE_Recruit\\SourceCode\\Backend\\src\\controllers\\CompanyController.js","statementMap":{"0":{"start":{"line":1,"column":23},"end":{"line":1,"column":60}},"1":{"start":{"line":2,"column":17},"end":{"line":2,"column":48}},"2":{"start":{"line":3,"column":20},"end":{"line":3,"column":53}},"3":{"start":{"line":11,"column":8},"end":{"line":21,"column":9}},"4":{"start":{"line":12,"column":27},"end":{"line":12,"column":42}},"5":{"start":{"line":13,"column":28},"end":{"line":13,"column":69}},"6":{"start":{"line":15,"column":12},"end":{"line":18,"column":15}},"7":{"start":{"line":20,"column":12},"end":{"line":20,"column":24}},"8":{"start":{"line":29,"column":8},"end":{"line":38,"column":9}},"9":{"start":{"line":30,"column":27},"end":{"line":30,"column":42}},"10":{"start":{"line":31,"column":12},"end":{"line":31,"column":67}},"11":{"start":{"line":33,"column":12},"end":{"line":35,"column":15}},"12":{"start":{"line":37,"column":12},"end":{"line":37,"column":24}},"13":{"start":{"line":46,"column":8},"end":{"line":64,"column":9}},"14":{"start":{"line":47,"column":27},"end":{"line":47,"column":42}},"15":{"start":{"line":48,"column":25},"end":{"line":48,"column":33}},"16":{"start":{"line":50,"column":12},"end":{"line":54,"column":13}},"17":{"start":{"line":51,"column":30},"end":{"line":51,"column":66}},"18":{"start":{"line":52,"column":16},"end":{"line":52,"column":55}},"19":{"start":{"line":53,"column":16},"end":{"line":53,"column":28}},"20":{"start":{"line":56,"column":28},"end":{"line":56,"column":80}},"21":{"start":{"line":58,"column":12},"end":{"line":61,"column":15}},"22":{"start":{"line":63,"column":12},"end":{"line":63,"column":24}},"23":{"start":{"line":72,"column":8},"end":{"line":90,"column":9}},"24":{"start":{"line":73,"column":27},"end":{"line":73,"column":42}},"25":{"start":{"line":74,"column":25},"end":{"line":74,"column":33}},"26":{"start":{"line":76,"column":12},"end":{"line":80,"column":13}},"27":{"start":{"line":77,"column":30},"end":{"line":77,"column":66}},"28":{"start":{"line":78,"column":16},"end":{"line":78,"column":55}},"29":{"start":{"line":79,"column":16},"end":{"line":79,"column":28}},"30":{"start":{"line":82,"column":34},"end":{"line":82,"column":92}},"31":{"start":{"line":84,"column":12},"end":{"line":87,"column":15}},"32":{"start":{"line":89,"column":12},"end":{"line":89,"column":24}},"33":{"start":{"line":98,"column":8},"end":{"line":108,"column":9}},"34":{"start":{"line":99,"column":27},"end":{"line":99,"column":37}},"35":{"start":{"line":100,"column":28},"end":{"line":100,"column":69}},"36":{"start":{"line":102,"column":12},"end":{"line":105,"column":15}},"37":{"start":{"line":107,"column":12},"end":{"line":107,"column":24}},"38":{"start":{"line":116,"column":8},"end":{"line":125,"column":9}},"39":{"start":{"line":117,"column":27},"end":{"line":117,"column":71}},"40":{"start":{"line":119,"column":12},"end":{"line":122,"column":15}},"41":{"start":{"line":124,"column":12},"end":{"line":124,"column":24}},"42":{"start":{"line":129,"column":8},"end":{"line":140,"column":9}},"43":{"start":{"line":130,"column":27},"end":{"line":130,"column":42}},"44":{"start":{"line":131,"column":31},"end":{"line":131,"column":81}},"45":{"start":{"line":133,"column":12},"end":{"line":137,"column":15}},"46":{"start":{"line":139,"column":12},"end":{"line":139,"column":24}},"47":{"start":{"line":148,"column":8},"end":{"line":158,"column":9}},"48":{"start":{"line":149,"column":27},"end":{"line":149,"column":37}},"49":{"start":{"line":150,"column":25},"end":{"line":150,"column":64}},"50":{"start":{"line":152,"column":12},"end":{"line":155,"column":15}},"51":{"start":{"line":157,"column":12},"end":{"line":157,"column":24}},"52":{"start":{"line":162,"column":0},"end":{"line":162,"column":41}}},"fnMap":{"0":{"name":"(anonymous_0)","decl":{"start":{"line":10,"column":4},"end":{"line":10,"column":5}},"loc":{"start":{"line":10,"column":39},"end":{"line":22,"column":5}},"line":10},"1":{"name":"(anonymous_1)","decl":{"start":{"line":28,"column":4},"end":{"line":28,"column":5}},"loc":{"start":{"line":28,"column":42},"end":{"line":39,"column":5}},"line":28},"2":{"name":"(anonymous_2)","decl":{"start":{"line":45,"column":4},"end":{"line":45,"column":5}},"loc":{"start":{"line":45,"column":37},"end":{"line":65,"column":5}},"line":45},"3":{"name":"(anonymous_3)","decl":{"start":{"line":71,"column":4},"end":{"line":71,"column":5}},"loc":{"start":{"line":71,"column":43},"end":{"line":91,"column":5}},"line":71},"4":{"name":"(anonymous_4)","decl":{"start":{"line":97,"column":4},"end":{"line":97,"column":5}},"loc":{"start":{"line":97,"column":43},"end":{"line":109,"column":5}},"line":97},"5":{"name":"(anonymous_5)","decl":{"start":{"line":115,"column":4},"end":{"line":115,"column":5}},"loc":{"start":{"line":115,"column":39},"end":{"line":126,"column":5}},"line":115},"6":{"name":"(anonymous_6)","decl":{"start":{"line":128,"column":4},"end":{"line":128,"column":5}},"loc":{"start":{"line":128,"column":48},"end":{"line":141,"column":5}},"line":128},"7":{"name":"(anonymous_7)","decl":{"start":{"line":147,"column":4},"end":{"line":147,"column":5}},"loc":{"start":{"line":147,"column":41},"end":{"line":159,"column":5}},"line":147}},"branchMap":{"0":{"loc":{"start":{"line":50,"column":12},"end":{"line":54,"column":13}},"type":"if","locations":[{"start":{"line":50,"column":12},"end":{"line":54,"column":13}},{"start":{},"end":{}}],"line":50},"1":{"loc":{"start":{"line":76,"column":12},"end":{"line":80,"column":13}},"type":"if","locations":[{"start":{"line":76,"column":12},"end":{"line":80,"column":13}},{"start":{},"end":{}}],"line":76}},"s":{"0":0,"1":0,"2":0,"3":0,"4":0,"5":0,"6":0,"7":0,"8":0,"9":0,"10":0,"11":0,"12":0,"13":0,"14":0,"15":0,"16":0,"17":0,"18":0,"19":0,"20":0,"21":0,"22":0,"23":0,"24":0,"25":0,"26":0,"27":0,"28":0,"29":0,"30":0,"31":0,"32":0,"33":0,"34":0,"35":0,"36":0,"37":0,"38":0,"39":0,"40":0,"41":0,"42":0,"43":0,"44":0,"45":0,"46":0,"47":0,"48":0,"49":0,"50":0,"51":0,"52":0},"f":{"0":0,"1":0,"2":0,"3":0,"4":0,"5":0,"6":0,"7":0},"b":{"0":[0,0],"1":[0,0]}}
,"E:\\BE_Recruit\\SourceCode\\Backend\\src\\controllers\\FollowController.js": {"path":"E:\\BE_Recruit\\SourceCode\\Backend\\src\\controllers\\FollowController.js","statementMap":{"0":{"start":{"line":1,"column":22},"end":{"line":1,"column":58}},"1":{"start":{"line":2,"column":20},"end":{"line":2,"column":53}},"2":{"start":{"line":3,"column":17},"end":{"line":3,"column":48}},"3":{"start":{"line":11,"column":8},"end":{"line":28,"column":9}},"4":{"start":{"line":12,"column":27},"end":{"line":12,"column":42}},"5":{"start":{"line":13,"column":34},"end":{"line":13,"column":42}},"6":{"start":{"line":15,"column":12},"end":{"line":19,"column":13}},"7":{"start":{"line":16,"column":30},"end":{"line":16,"column":66}},"8":{"start":{"line":17,"column":16},"end":{"line":17,"column":55}},"9":{"start":{"line":18,"column":16},"end":{"line":18,"column":28}},"10":{"start":{"line":21,"column":12},"end":{"line":21,"column":65}},"11":{"start":{"line":23,"column":12},"end":{"line":25,"column":15}},"12":{"start":{"line":27,"column":12},"end":{"line":27,"column":24}},"13":{"start":{"line":36,"column":8},"end":{"line":46,"column":9}},"14":{"start":{"line":37,"column":27},"end":{"line":37,"column":42}},"15":{"start":{"line":38,"column":30},"end":{"line":38,"column":78}},"16":{"start":{"line":40,"column":12},"end":{"line":43,"column":15}},"17":{"start":{"line":45,"column":12},"end":{"line":45,"column":24}},"18":{"start":{"line":54,"column":8},"end":{"line":71,"column":9}},"19":{"start":{"line":55,"column":27},"end":{"line":55,"column":42}},"20":{"start":{"line":56,"column":34},"end":{"line":56,"column":44}},"21":{"start":{"line":58,"column":12},"end":{"line":62,"column":13}},"22":{"start":{"line":59,"column":30},"end":{"line":59,"column":66}},"23":{"start":{"line":60,"column":16},"end":{"line":60,"column":55}},"24":{"start":{"line":61,"column":16},"end":{"line":61,"column":28}},"25":{"start":{"line":64,"column":12},"end":{"line":64,"column":67}},"26":{"start":{"line":66,"column":12},"end":{"line":68,"column":15}},"27":{"start":{"line":70,"column":12},"end":{"line":70,"column":24}},"28":{"start":{"line":75,"column":0},"end":{"line":75,"column":40}}},"fnMap":{"0":{"name":"(anonymous_0)","decl":{"start":{"line":10,"column":4},"end":{"line":10,"column":5}},"loc":{"start":{"line":10,"column":40},"end":{"line":29,"column":5}},"line":10},"1":{"name":"(anonymous_1)","decl":{"start":{"line":35,"column":4},"end":{"line":35,"column":5}},"loc":{"start":{"line":35,"column":47},"end":{"line":47,"column":5}},"line":35},"2":{"name":"(anonymous_2)","decl":{"start":{"line":53,"column":4},"end":{"line":53,"column":5}},"loc":{"start":{"line":53,"column":42},"end":{"line":72,"column":5}},"line":53}},"branchMap":{"0":{"loc":{"start":{"line":15,"column":12},"end":{"line":19,"column":13}},"type":"if","locations":[{"start":{"line":15,"column":12},"end":{"line":19,"column":13}},{"start":{},"end":{}}],"line":15},"1":{"loc":{"start":{"line":58,"column":12},"end":{"line":62,"column":13}},"type":"if","locations":[{"start":{"line":58,"column":12},"end":{"line":62,"column":13}},{"start":{},"end":{}}],"line":58}},"s":{"0":0,"1":0,"2":0,"3":0,"4":0,"5":0,"6":0,"7":0,"8":0,"9":0,"10":0,"11":0,"12":0,"13":0,"14":0,"15":0,"16":0,"17":0,"18":0,"19":0,"20":0,"21":0,"22":0,"23":0,"24":0,"25":0,"26":0,"27":0,"28":0},"f":{"0":0,"1":0,"2":0},"b":{"0":[0,0],"1":[0,0]}}
,"E:\\BE_Recruit\\SourceCode\\Backend\\src\\controllers\\InterviewController.js": {"path":"E:\\BE_Recruit\\SourceCode\\Backend\\src\\controllers\\InterviewController.js","statementMap":{"0":{"start":{"line":1,"column":25},"end":{"line":1,"column":64}},"1":{"start":{"line":2,"column":20},"end":{"line":2,"column":53}},"2":{"start":{"line":3,"column":17},"end":{"line":3,"column":48}},"3":{"start":{"line":4,"column":12},"end":{"line":4,"column":26}},"4":{"start":{"line":12,"column":8},"end":{"line":39,"column":9}},"5":{"start":{"line":14,"column":27},"end":{"line":21,"column":14}},"6":{"start":{"line":23,"column":30},"end":{"line":23,"column":55}},"7":{"start":{"line":24,"column":12},"end":{"line":28,"column":13}},"8":{"start":{"line":25,"column":28},"end":{"line":25,"column":63}},"9":{"start":{"line":26,"column":16},"end":{"line":26,"column":53}},"10":{"start":{"line":27,"column":16},"end":{"line":27,"column":26}},"11":{"start":{"line":30,"column":27},"end":{"line":30,"column":42}},"12":{"start":{"line":31,"column":30},"end":{"line":31,"column":86}},"13":{"start":{"line":33,"column":12},"end":{"line":36,"column":15}},"14":{"start":{"line":38,"column":12},"end":{"line":38,"column":24}},"15":{"start":{"line":47,"column":8},"end":{"line":75,"column":9}},"16":{"start":{"line":49,"column":27},"end":{"line":55,"column":14}},"17":{"start":{"line":57,"column":30},"end":{"line":57,"column":55}},"18":{"start":{"line":58,"column":12},"end":{"line":62,"column":13}},"19":{"start":{"line":59,"column":28},"end":{"line":59,"column":63}},"20":{"start":{"line":60,"column":16},"end":{"line":60,"column":53}},"21":{"start":{"line":61,"column":16},"end":{"line":61,"column":26}},"22":{"start":{"line":64,"column":27},"end":{"line":64,"column":42}},"23":{"start":{"line":65,"column":27},"end":{"line":65,"column":37}},"24":{"start":{"line":67,"column":37},"end":{"line":67,"column":97}},"25":{"start":{"line":69,"column":12},"end":{"line":72,"column":15}},"26":{"start":{"line":74,"column":12},"end":{"line":74,"column":24}},"27":{"start":{"line":83,"column":8},"end":{"line":94,"column":9}},"28":{"start":{"line":84,"column":27},"end":{"line":84,"column":42}},"29":{"start":{"line":85,"column":27},"end":{"line":85,"column":37}},"30":{"start":{"line":87,"column":12},"end":{"line":87,"column":63}},"31":{"start":{"line":89,"column":12},"end":{"line":91,"column":15}},"32":{"start":{"line":93,"column":12},"end":{"line":93,"column":24}},"33":{"start":{"line":102,"column":8},"end":{"line":114,"column":9}},"34":{"start":{"line":103,"column":27},"end":{"line":103,"column":42}},"35":{"start":{"line":104,"column":27},"end":{"line":104,"column":37}},"36":{"start":{"line":106,"column":30},"end":{"line":106,"column":83}},"37":{"start":{"line":108,"column":12},"end":{"line":111,"column":15}},"38":{"start":{"line":113,"column":12},"end":{"line":113,"column":24}},"39":{"start":{"line":123,"column":8},"end":{"line":134,"column":9}},"40":{"start":{"line":124,"column":27},"end":{"line":124,"column":42}},"41":{"start":{"line":126,"column":31},"end":{"line":126,"column":83}},"42":{"start":{"line":128,"column":12},"end":{"line":131,"column":15}},"43":{"start":{"line":133,"column":12},"end":{"line":133,"column":24}},"44":{"start":{"line":142,"column":8},"end":{"line":153,"column":9}},"45":{"start":{"line":143,"column":27},"end":{"line":143,"column":42}},"46":{"start":{"line":145,"column":31},"end":{"line":145,"column":84}},"47":{"start":{"line":147,"column":12},"end":{"line":150,"column":15}},"48":{"start":{"line":152,"column":12},"end":{"line":152,"column":24}},"49":{"start":{"line":157,"column":0},"end":{"line":157,"column":43}}},"fnMap":{"0":{"name":"(anonymous_0)","decl":{"start":{"line":11,"column":4},"end":{"line":11,"column":5}},"loc":{"start":{"line":11,"column":42},"end":{"line":40,"column":5}},"line":11},"1":{"name":"(anonymous_1)","decl":{"start":{"line":46,"column":4},"end":{"line":46,"column":5}},"loc":{"start":{"line":46,"column":42},"end":{"line":76,"column":5}},"line":46},"2":{"name":"(anonymous_2)","decl":{"start":{"line":82,"column":4},"end":{"line":82,"column":5}},"loc":{"start":{"line":82,"column":42},"end":{"line":95,"column":5}},"line":82},"3":{"name":"(anonymous_3)","decl":{"start":{"line":101,"column":4},"end":{"line":101,"column":5}},"loc":{"start":{"line":101,"column":45},"end":{"line":115,"column":5}},"line":101},"4":{"name":"(anonymous_4)","decl":{"start":{"line":122,"column":4},"end":{"line":122,"column":5}},"loc":{"start":{"line":122,"column":48},"end":{"line":135,"column":5}},"line":122},"5":{"name":"(anonymous_5)","decl":{"start":{"line":141,"column":4},"end":{"line":141,"column":5}},"loc":{"start":{"line":141,"column":49},"end":{"line":154,"column":5}},"line":141}},"branchMap":{"0":{"loc":{"start":{"line":24,"column":12},"end":{"line":28,"column":13}},"type":"if","locations":[{"start":{"line":24,"column":12},"end":{"line":28,"column":13}},{"start":{},"end":{}}],"line":24},"1":{"loc":{"start":{"line":58,"column":12},"end":{"line":62,"column":13}},"type":"if","locations":[{"start":{"line":58,"column":12},"end":{"line":62,"column":13}},{"start":{},"end":{}}],"line":58}},"s":{"0":0,"1":0,"2":0,"3":0,"4":0,"5":0,"6":0,"7":0,"8":0,"9":0,"10":0,"11":0,"12":0,"13":0,"14":0,"15":0,"16":0,"17":0,"18":0,"19":0,"20":0,"21":0,"22":0,"23":0,"24":0,"25":0,"26":0,"27":0,"28":0,"29":0,"30":0,"31":0,"32":0,"33":0,"34":0,"35":0,"36":0,"37":0,"38":0,"39":0,"40":0,"41":0,"42":0,"43":0,"44":0,"45":0,"46":0,"47":0,"48":0,"49":0},"f":{"0":0,"1":0,"2":0,"3":0,"4":0,"5":0},"b":{"0":[0,0],"1":[0,0]}}
,"E:\\BE_Recruit\\SourceCode\\Backend\\src\\controllers\\InterviewQuestionController.js": {"path":"E:\\BE_Recruit\\SourceCode\\Backend\\src\\controllers\\InterviewQuestionController.js","statementMap":{"0":{"start":{"line":1,"column":33},"end":{"line":1,"column":80}},"1":{"start":{"line":8,"column":8},"end":{"line":30,"column":9}},"2":{"start":{"line":10,"column":34},"end":{"line":10,"column":67}},"3":{"start":{"line":11,"column":36},"end":{"line":11,"column":81}},"4":{"start":{"line":12,"column":35},"end":{"line":12,"column":50}},"5":{"start":{"line":14,"column":30},"end":{"line":14,"column":135}},"6":{"start":{"line":16,"column":12},"end":{"line":23,"column":15}},"7":{"start":{"line":25,"column":12},"end":{"line":25,"column":74}},"8":{"start":{"line":26,"column":12},"end":{"line":29,"column":15}},"9":{"start":{"line":34,"column":0},"end":{"line":34,"column":51}}},"fnMap":{"0":{"name":"(anonymous_0)","decl":{"start":{"line":7,"column":4},"end":{"line":7,"column":5}},"loc":{"start":{"line":7,"column":44},"end":{"line":31,"column":5}},"line":7}},"branchMap":{"0":{"loc":{"start":{"line":11,"column":36},"end":{"line":11,"column":81}},"type":"binary-expr","locations":[{"start":{"line":11,"column":36},"end":{"line":11,"column":72}},{"start":{"line":11,"column":76},"end":{"line":11,"column":81}}],"line":11},"1":{"loc":{"start":{"line":26,"column":30},"end":{"line":26,"column":53}},"type":"binary-expr","locations":[{"start":{"line":26,"column":30},"end":{"line":26,"column":46}},{"start":{"line":26,"column":50},"end":{"line":26,"column":53}}],"line":26},"2":{"loc":{"start":{"line":28,"column":25},"end":{"line":28,"column":92}},"type":"binary-expr","locations":[{"start":{"line":28,"column":25},"end":{"line":28,"column":38}},{"start":{"line":28,"column":42},"end":{"line":28,"column":92}}],"line":28}},"s":{"0":1,"1":3,"2":3,"3":3,"4":3,"5":3,"6":1,"7":2,"8":2,"9":1},"f":{"0":3},"b":{"0":[3,2],"1":[2,1],"2":[2,0]},"_coverageSchema":"1a1c01bbd47fc00a2c39e90264f33305004495a9","hash":"c8630a31232c57115a78e0c72cd540022e33b012"}
,"E:\\BE_Recruit\\SourceCode\\Backend\\src\\controllers\\JobController.js": {"path":"E:\\BE_Recruit\\SourceCode\\Backend\\src\\controllers\\JobController.js","statementMap":{"0":{"start":{"line":1,"column":19},"end":{"line":1,"column":52}},"1":{"start":{"line":2,"column":17},"end":{"line":2,"column":48}},"2":{"start":{"line":3,"column":20},"end":{"line":3,"column":53}},"3":{"start":{"line":11,"column":8},"end":{"line":20,"column":9}},"4":{"start":{"line":12,"column":27},"end":{"line":12,"column":62}},"5":{"start":{"line":14,"column":12},"end":{"line":17,"column":15}},"6":{"start":{"line":19,"column":12},"end":{"line":19,"column":24}},"7":{"start":{"line":28,"column":8},"end":{"line":40,"column":9}},"8":{"start":{"line":29,"column":27},"end":{"line":29,"column":37}},"9":{"start":{"line":30,"column":27},"end":{"line":30,"column":60}},"10":{"start":{"line":32,"column":24},"end":{"line":32,"column":65}},"11":{"start":{"line":34,"column":12},"end":{"line":37,"column":15}},"12":{"start":{"line":39,"column":12},"end":{"line":39,"column":24}},"13":{"start":{"line":48,"column":8},"end":{"line":67,"column":9}},"14":{"start":{"line":49,"column":27},"end":{"line":49,"column":42}},"15":{"start":{"line":50,"column":25},"end":{"line":50,"column":102}},"16":{"start":{"line":52,"column":12},"end":{"line":52,"column":55}},"17":{"start":{"line":52,"column":34},"end":{"line":52,"column":55}},"18":{"start":{"line":54,"column":27},"end":{"line":54,"column":79}},"19":{"start":{"line":56,"column":12},"end":{"line":64,"column":15}},"20":{"start":{"line":66,"column":12},"end":{"line":66,"column":24}},"21":{"start":{"line":74,"column":8},"end":{"line":87,"column":9}},"22":{"start":{"line":75,"column":27},"end":{"line":75,"column":42}},"23":{"start":{"line":76,"column":27},"end":{"line":76,"column":37}},"24":{"start":{"line":77,"column":31},"end":{"line":77,"column":39}},"25":{"start":{"line":79,"column":31},"end":{"line":79,"column":81}},"26":{"start":{"line":81,"column":12},"end":{"line":84,"column":15}},"27":{"start":{"line":86,"column":12},"end":{"line":86,"column":24}},"28":{"start":{"line":94,"column":8},"end":{"line":105,"column":9}},"29":{"start":{"line":95,"column":27},"end":{"line":95,"column":42}},"30":{"start":{"line":96,"column":27},"end":{"line":96,"column":37}},"31":{"start":{"line":98,"column":12},"end":{"line":98,"column":51}},"32":{"start":{"line":100,"column":12},"end":{"line":102,"column":15}},"33":{"start":{"line":104,"column":12},"end":{"line":104,"column":24}},"34":{"start":{"line":113,"column":8},"end":{"line":126,"column":9}},"35":{"start":{"line":114,"column":27},"end":{"line":114,"column":42}},"36":{"start":{"line":115,"column":27},"end":{"line":115,"column":37}},"37":{"start":{"line":116,"column":31},"end":{"line":116,"column":39}},"38":{"start":{"line":118,"column":31},"end":{"line":118,"column":83}},"39":{"start":{"line":120,"column":12},"end":{"line":123,"column":15}},"40":{"start":{"line":125,"column":12},"end":{"line":125,"column":24}},"41":{"start":{"line":134,"column":8},"end":{"line":146,"column":9}},"42":{"start":{"line":135,"column":27},"end":{"line":135,"column":42}},"43":{"start":{"line":136,"column":26},"end":{"line":136,"column":35}},"44":{"start":{"line":138,"column":25},"end":{"line":138,"column":66}},"45":{"start":{"line":140,"column":12},"end":{"line":143,"column":15}},"46":{"start":{"line":145,"column":12},"end":{"line":145,"column":24}},"47":{"start":{"line":154,"column":8},"end":{"line":166,"column":9}},"48":{"start":{"line":155,"column":27},"end":{"line":155,"column":42}},"49":{"start":{"line":156,"column":27},"end":{"line":156,"column":37}},"50":{"start":{"line":158,"column":24},"end":{"line":158,"column":67}},"51":{"start":{"line":160,"column":12},"end":{"line":163,"column":15}},"52":{"start":{"line":165,"column":12},"end":{"line":165,"column":24}},"53":{"start":{"line":174,"column":8},"end":{"line":183,"column":9}},"54":{"start":{"line":175,"column":25},"end":{"line":175,"column":67}},"55":{"start":{"line":177,"column":12},"end":{"line":180,"column":15}},"56":{"start":{"line":182,"column":12},"end":{"line":182,"column":24}},"57":{"start":{"line":191,"column":8},"end":{"line":201,"column":9}},"58":{"start":{"line":192,"column":27},"end":{"line":192,"column":37}},"59":{"start":{"line":194,"column":12},"end":{"line":194,"column":44}},"60":{"start":{"line":196,"column":12},"end":{"line":198,"column":15}},"61":{"start":{"line":200,"column":12},"end":{"line":200,"column":24}},"62":{"start":{"line":209,"column":8},"end":{"line":220,"column":9}},"63":{"start":{"line":210,"column":27},"end":{"line":210,"column":37}},"64":{"start":{"line":211,"column":31},"end":{"line":211,"column":39}},"65":{"start":{"line":213,"column":12},"end":{"line":213,"column":51}},"66":{"start":{"line":215,"column":12},"end":{"line":217,"column":15}},"67":{"start":{"line":219,"column":12},"end":{"line":219,"column":24}},"68":{"start":{"line":228,"column":8},"end":{"line":237,"column":9}},"69":{"start":{"line":229,"column":25},"end":{"line":229,"column":63}},"70":{"start":{"line":231,"column":12},"end":{"line":234,"column":15}},"71":{"start":{"line":236,"column":12},"end":{"line":236,"column":24}},"72":{"start":{"line":245,"column":8},"end":{"line":257,"column":9}},"73":{"start":{"line":247,"column":27},"end":{"line":247,"column":42}},"74":{"start":{"line":249,"column":27},"end":{"line":249,"column":68}},"75":{"start":{"line":251,"column":12},"end":{"line":254,"column":15}},"76":{"start":{"line":256,"column":12},"end":{"line":256,"column":24}},"77":{"start":{"line":261,"column":0},"end":{"line":261,"column":37}}},"fnMap":{"0":{"name":"(anonymous_0)","decl":{"start":{"line":10,"column":4},"end":{"line":10,"column":5}},"loc":{"start":{"line":10,"column":34},"end":{"line":21,"column":5}},"line":10},"1":{"name":"(anonymous_1)","decl":{"start":{"line":27,"column":4},"end":{"line":27,"column":5}},"loc":{"start":{"line":27,"column":39},"end":{"line":41,"column":5}},"line":27},"2":{"name":"(anonymous_2)","decl":{"start":{"line":47,"column":4},"end":{"line":47,"column":5}},"loc":{"start":{"line":47,"column":36},"end":{"line":68,"column":5}},"line":47},"3":{"name":"(anonymous_3)","decl":{"start":{"line":73,"column":4},"end":{"line":73,"column":5}},"loc":{"start":{"line":73,"column":36},"end":{"line":88,"column":5}},"line":73},"4":{"name":"(anonymous_4)","decl":{"start":{"line":93,"column":4},"end":{"line":93,"column":5}},"loc":{"start":{"line":93,"column":36},"end":{"line":106,"column":5}},"line":93},"5":{"name":"(anonymous_5)","decl":{"start":{"line":112,"column":4},"end":{"line":112,"column":5}},"loc":{"start":{"line":112,"column":42},"end":{"line":127,"column":5}},"line":112},"6":{"name":"(anonymous_6)","decl":{"start":{"line":133,"column":4},"end":{"line":133,"column":5}},"loc":{"start":{"line":133,"column":36},"end":{"line":147,"column":5}},"line":133},"7":{"name":"(anonymous_7)","decl":{"start":{"line":153,"column":4},"end":{"line":153,"column":5}},"loc":{"start":{"line":153,"column":41},"end":{"line":167,"column":5}},"line":153},"8":{"name":"(anonymous_8)","decl":{"start":{"line":173,"column":4},"end":{"line":173,"column":5}},"loc":{"start":{"line":173,"column":41},"end":{"line":184,"column":5}},"line":173},"9":{"name":"(anonymous_9)","decl":{"start":{"line":190,"column":4},"end":{"line":190,"column":5}},"loc":{"start":{"line":190,"column":37},"end":{"line":202,"column":5}},"line":190},"10":{"name":"(anonymous_10)","decl":{"start":{"line":208,"column":4},"end":{"line":208,"column":5}},"loc":{"start":{"line":208,"column":36},"end":{"line":221,"column":5}},"line":208},"11":{"name":"(anonymous_11)","decl":{"start":{"line":227,"column":4},"end":{"line":227,"column":5}},"loc":{"start":{"line":227,"column":37},"end":{"line":238,"column":5}},"line":227},"12":{"name":"(anonymous_12)","decl":{"start":{"line":244,"column":4},"end":{"line":244,"column":5}},"loc":{"start":{"line":244,"column":43},"end":{"line":258,"column":5}},"line":244}},"branchMap":{"0":{"loc":{"start":{"line":30,"column":27},"end":{"line":30,"column":60}},"type":"cond-expr","locations":[{"start":{"line":30,"column":38},"end":{"line":30,"column":53}},{"start":{"line":30,"column":56},"end":{"line":30,"column":60}}],"line":30},"1":{"loc":{"start":{"line":50,"column":25},"end":{"line":50,"column":102}},"type":"binary-expr","locations":[{"start":{"line":50,"column":25},"end":{"line":50,"column":55}},{"start":{"line":50,"column":59},"end":{"line":50,"column":87}},{"start":{"line":50,"column":91},"end":{"line":50,"column":102}}],"line":50},"2":{"loc":{"start":{"line":52,"column":12},"end":{"line":52,"column":55}},"type":"if","locations":[{"start":{"line":52,"column":12},"end":{"line":52,"column":55}},{"start":{},"end":{}}],"line":52}},"s":{"0":0,"1":0,"2":0,"3":0,"4":0,"5":0,"6":0,"7":0,"8":0,"9":0,"10":0,"11":0,"12":0,"13":0,"14":0,"15":0,"16":0,"17":0,"18":0,"19":0,"20":0,"21":0,"22":0,"23":0,"24":0,"25":0,"26":0,"27":0,"28":0,"29":0,"30":0,"31":0,"32":0,"33":0,"34":0,"35":0,"36":0,"37":0,"38":0,"39":0,"40":0,"41":0,"42":0,"43":0,"44":0,"45":0,"46":0,"47":0,"48":0,"49":0,"50":0,"51":0,"52":0,"53":0,"54":0,"55":0,"56":0,"57":0,"58":0,"59":0,"60":0,"61":0,"62":0,"63":0,"64":0,"65":0,"66":0,"67":0,"68":0,"69":0,"70":0,"71":0,"72":0,"73":0,"74":0,"75":0,"76":0,"77":0},"f":{"0":0,"1":0,"2":0,"3":0,"4":0,"5":0,"6":0,"7":0,"8":0,"9":0,"10":0,"11":0,"12":0},"b":{"0":[0,0],"1":[0,0,0],"2":[0,0]}}
,"E:\\BE_Recruit\\SourceCode\\Backend\\src\\controllers\\LevelController.js": {"path":"E:\\BE_Recruit\\SourceCode\\Backend\\src\\controllers\\LevelController.js","statementMap":{"0":{"start":{"line":1,"column":21},"end":{"line":1,"column":56}},"1":{"start":{"line":2,"column":17},"end":{"line":2,"column":48}},"2":{"start":{"line":3,"column":20},"end":{"line":3,"column":53}},"3":{"start":{"line":12,"column":8},"end":{"line":21,"column":9}},"4":{"start":{"line":13,"column":27},"end":{"line":13,"column":60}},"5":{"start":{"line":15,"column":12},"end":{"line":18,"column":15}},"6":{"start":{"line":20,"column":12},"end":{"line":20,"column":24}},"7":{"start":{"line":30,"column":8},"end":{"line":40,"column":9}},"8":{"start":{"line":31,"column":32},"end":{"line":31,"column":42}},"9":{"start":{"line":32,"column":26},"end":{"line":32,"column":76}},"10":{"start":{"line":34,"column":12},"end":{"line":37,"column":15}},"11":{"start":{"line":39,"column":12},"end":{"line":39,"column":24}},"12":{"start":{"line":49,"column":8},"end":{"line":58,"column":9}},"13":{"start":{"line":50,"column":26},"end":{"line":50,"column":66}},"14":{"start":{"line":52,"column":12},"end":{"line":55,"column":15}},"15":{"start":{"line":57,"column":12},"end":{"line":57,"column":24}},"16":{"start":{"line":67,"column":8},"end":{"line":77,"column":9}},"17":{"start":{"line":68,"column":32},"end":{"line":68,"column":42}},"18":{"start":{"line":69,"column":26},"end":{"line":69,"column":85}},"19":{"start":{"line":71,"column":12},"end":{"line":74,"column":15}},"20":{"start":{"line":76,"column":12},"end":{"line":76,"column":24}},"21":{"start":{"line":86,"column":8},"end":{"line":95,"column":9}},"22":{"start":{"line":87,"column":32},"end":{"line":87,"column":42}},"23":{"start":{"line":88,"column":12},"end":{"line":88,"column":62}},"24":{"start":{"line":90,"column":12},"end":{"line":92,"column":15}},"25":{"start":{"line":94,"column":12},"end":{"line":94,"column":24}},"26":{"start":{"line":99,"column":0},"end":{"line":99,"column":39}}},"fnMap":{"0":{"name":"(anonymous_0)","decl":{"start":{"line":11,"column":4},"end":{"line":11,"column":5}},"loc":{"start":{"line":11,"column":39},"end":{"line":22,"column":5}},"line":11},"1":{"name":"(anonymous_1)","decl":{"start":{"line":29,"column":4},"end":{"line":29,"column":5}},"loc":{"start":{"line":29,"column":39},"end":{"line":41,"column":5}},"line":29},"2":{"name":"(anonymous_2)","decl":{"start":{"line":48,"column":4},"end":{"line":48,"column":5}},"loc":{"start":{"line":48,"column":38},"end":{"line":59,"column":5}},"line":48},"3":{"name":"(anonymous_3)","decl":{"start":{"line":66,"column":4},"end":{"line":66,"column":5}},"loc":{"start":{"line":66,"column":38},"end":{"line":78,"column":5}},"line":66},"4":{"name":"(anonymous_4)","decl":{"start":{"line":85,"column":4},"end":{"line":85,"column":5}},"loc":{"start":{"line":85,"column":38},"end":{"line":96,"column":5}},"line":85}},"branchMap":{},"s":{"0":0,"1":0,"2":0,"3":0,"4":0,"5":0,"6":0,"7":0,"8":0,"9":0,"10":0,"11":0,"12":0,"13":0,"14":0,"15":0,"16":0,"17":0,"18":0,"19":0,"20":0,"21":0,"22":0,"23":0,"24":0,"25":0,"26":0},"f":{"0":0,"1":0,"2":0,"3":0,"4":0},"b":{}}
,"E:\\BE_Recruit\\SourceCode\\Backend\\src\\controllers\\LocationController.js": {"path":"E:\\BE_Recruit\\SourceCode\\Backend\\src\\controllers\\LocationController.js","statementMap":{"0":{"start":{"line":1,"column":24},"end":{"line":1,"column":62}},"1":{"start":{"line":2,"column":20},"end":{"line":2,"column":53}},"2":{"start":{"line":3,"column":17},"end":{"line":3,"column":48}},"3":{"start":{"line":4,"column":12},"end":{"line":4,"column":26}},"4":{"start":{"line":12,"column":8},"end":{"line":20,"column":9}},"5":{"start":{"line":13,"column":30},"end":{"line":13,"column":69}},"6":{"start":{"line":14,"column":12},"end":{"line":17,"column":15}},"7":{"start":{"line":19,"column":12},"end":{"line":19,"column":24}},"8":{"start":{"line":28,"column":8},"end":{"line":48,"column":9}},"9":{"start":{"line":29,"column":27},"end":{"line":31,"column":14}},"10":{"start":{"line":33,"column":30},"end":{"line":33,"column":55}},"11":{"start":{"line":34,"column":12},"end":{"line":38,"column":13}},"12":{"start":{"line":35,"column":28},"end":{"line":35,"column":63}},"13":{"start":{"line":36,"column":16},"end":{"line":36,"column":53}},"14":{"start":{"line":37,"column":16},"end":{"line":37,"column":26}},"15":{"start":{"line":40,"column":29},"end":{"line":40,"column":75}},"16":{"start":{"line":42,"column":12},"end":{"line":45,"column":15}},"17":{"start":{"line":47,"column":12},"end":{"line":47,"column":24}},"18":{"start":{"line":56,"column":8},"end":{"line":77,"column":9}},"19":{"start":{"line":57,"column":27},"end":{"line":59,"column":14}},"20":{"start":{"line":61,"column":30},"end":{"line":61,"column":55}},"21":{"start":{"line":62,"column":12},"end":{"line":66,"column":13}},"22":{"start":{"line":63,"column":28},"end":{"line":63,"column":63}},"23":{"start":{"line":64,"column":16},"end":{"line":64,"column":53}},"24":{"start":{"line":65,"column":16},"end":{"line":65,"column":26}},"25":{"start":{"line":68,"column":27},"end":{"line":68,"column":37}},"26":{"start":{"line":69,"column":36},"end":{"line":69,"column":86}},"27":{"start":{"line":71,"column":12},"end":{"line":74,"column":15}},"28":{"start":{"line":76,"column":12},"end":{"line":76,"column":24}},"29":{"start":{"line":85,"column":8},"end":{"line":94,"column":9}},"30":{"start":{"line":86,"column":27},"end":{"line":86,"column":37}},"31":{"start":{"line":87,"column":12},"end":{"line":87,"column":53}},"32":{"start":{"line":89,"column":12},"end":{"line":91,"column":15}},"33":{"start":{"line":93,"column":12},"end":{"line":93,"column":24}},"34":{"start":{"line":98,"column":0},"end":{"line":98,"column":42}}},"fnMap":{"0":{"name":"(anonymous_0)","decl":{"start":{"line":11,"column":4},"end":{"line":11,"column":5}},"loc":{"start":{"line":11,"column":42},"end":{"line":21,"column":5}},"line":11},"1":{"name":"(anonymous_1)","decl":{"start":{"line":27,"column":4},"end":{"line":27,"column":5}},"loc":{"start":{"line":27,"column":41},"end":{"line":49,"column":5}},"line":27},"2":{"name":"(anonymous_2)","decl":{"start":{"line":55,"column":4},"end":{"line":55,"column":5}},"loc":{"start":{"line":55,"column":41},"end":{"line":78,"column":5}},"line":55},"3":{"name":"(anonymous_3)","decl":{"start":{"line":84,"column":4},"end":{"line":84,"column":5}},"loc":{"start":{"line":84,"column":41},"end":{"line":95,"column":5}},"line":84}},"branchMap":{"0":{"loc":{"start":{"line":34,"column":12},"end":{"line":38,"column":13}},"type":"if","locations":[{"start":{"line":34,"column":12},"end":{"line":38,"column":13}},{"start":{},"end":{}}],"line":34},"1":{"loc":{"start":{"line":62,"column":12},"end":{"line":66,"column":13}},"type":"if","locations":[{"start":{"line":62,"column":12},"end":{"line":66,"column":13}},{"start":{},"end":{}}],"line":62}},"s":{"0":0,"1":0,"2":0,"3":0,"4":0,"5":0,"6":0,"7":0,"8":0,"9":0,"10":0,"11":0,"12":0,"13":0,"14":0,"15":0,"16":0,"17":0,"18":0,"19":0,"20":0,"21":0,"22":0,"23":0,"24":0,"25":0,"26":0,"27":0,"28":0,"29":0,"30":0,"31":0,"32":0,"33":0,"34":0},"f":{"0":0,"1":0,"2":0,"3":0},"b":{"0":[0,0],"1":[0,0]}}
,"E:\\BE_Recruit\\SourceCode\\Backend\\src\\controllers\\NotificationController.js": {"path":"E:\\BE_Recruit\\SourceCode\\Backend\\src\\controllers\\NotificationController.js","statementMap":{"0":{"start":{"line":1,"column":28},"end":{"line":1,"column":70}},"1":{"start":{"line":2,"column":20},"end":{"line":2,"column":53}},"2":{"start":{"line":3,"column":17},"end":{"line":3,"column":48}},"3":{"start":{"line":11,"column":8},"end":{"line":21,"column":9}},"4":{"start":{"line":12,"column":27},"end":{"line":12,"column":42}},"5":{"start":{"line":13,"column":34},"end":{"line":13,"column":97}},"6":{"start":{"line":15,"column":12},"end":{"line":18,"column":15}},"7":{"start":{"line":20,"column":12},"end":{"line":20,"column":24}},"8":{"start":{"line":29,"column":8},"end":{"line":39,"column":9}},"9":{"start":{"line":30,"column":27},"end":{"line":30,"column":42}},"10":{"start":{"line":31,"column":27},"end":{"line":31,"column":37}},"11":{"start":{"line":32,"column":12},"end":{"line":32,"column":61}},"12":{"start":{"line":34,"column":12},"end":{"line":36,"column":15}},"13":{"start":{"line":38,"column":12},"end":{"line":38,"column":24}},"14":{"start":{"line":47,"column":8},"end":{"line":56,"column":9}},"15":{"start":{"line":48,"column":27},"end":{"line":48,"column":42}},"16":{"start":{"line":49,"column":12},"end":{"line":49,"column":60}},"17":{"start":{"line":51,"column":12},"end":{"line":53,"column":15}},"18":{"start":{"line":55,"column":12},"end":{"line":55,"column":24}},"19":{"start":{"line":64,"column":8},"end":{"line":74,"column":9}},"20":{"start":{"line":65,"column":27},"end":{"line":65,"column":42}},"21":{"start":{"line":66,"column":26},"end":{"line":66,"column":71}},"22":{"start":{"line":68,"column":12},"end":{"line":71,"column":15}},"23":{"start":{"line":73,"column":12},"end":{"line":73,"column":24}},"24":{"start":{"line":78,"column":0},"end":{"line":78,"column":46}}},"fnMap":{"0":{"name":"(anonymous_0)","decl":{"start":{"line":10,"column":4},"end":{"line":10,"column":5}},"loc":{"start":{"line":10,"column":45},"end":{"line":22,"column":5}},"line":10},"1":{"name":"(anonymous_1)","decl":{"start":{"line":28,"column":4},"end":{"line":28,"column":5}},"loc":{"start":{"line":28,"column":37},"end":{"line":40,"column":5}},"line":28},"2":{"name":"(anonymous_2)","decl":{"start":{"line":46,"column":4},"end":{"line":46,"column":5}},"loc":{"start":{"line":46,"column":40},"end":{"line":57,"column":5}},"line":46},"3":{"name":"(anonymous_3)","decl":{"start":{"line":63,"column":4},"end":{"line":63,"column":5}},"loc":{"start":{"line":63,"column":38},"end":{"line":75,"column":5}},"line":63}},"branchMap":{},"s":{"0":0,"1":0,"2":0,"3":0,"4":0,"5":0,"6":0,"7":0,"8":0,"9":0,"10":0,"11":0,"12":0,"13":0,"14":0,"15":0,"16":0,"17":0,"18":0,"19":0,"20":0,"21":0,"22":0,"23":0,"24":0},"f":{"0":0,"1":0,"2":0,"3":0},"b":{}}
,"E:\\BE_Recruit\\SourceCode\\Backend\\src\\controllers\\PaymentController.js": {"path":"E:\\BE_Recruit\\SourceCode\\Backend\\src\\controllers\\PaymentController.js","statementMap":{"0":{"start":{"line":1,"column":27},"end":{"line":1,"column":68}},"1":{"start":{"line":2,"column":23},"end":{"line":2,"column":60}},"2":{"start":{"line":3,"column":20},"end":{"line":3,"column":53}},"3":{"start":{"line":4,"column":30},"end":{"line":4,"column":73}},"4":{"start":{"line":12,"column":8},"end":{"line":22,"column":9}},"5":{"start":{"line":13,"column":27},"end":{"line":13,"column":42}},"6":{"start":{"line":14,"column":28},"end":{"line":14,"column":82}},"7":{"start":{"line":16,"column":12},"end":{"line":19,"column":15}},"8":{"start":{"line":21,"column":12},"end":{"line":21,"column":24}},"9":{"start":{"line":30,"column":8},"end":{"line":48,"column":9}},"10":{"start":{"line":31,"column":27},"end":{"line":31,"column":73}},"11":{"start":{"line":33,"column":12},"end":{"line":43,"column":13}},"12":{"start":{"line":34,"column":37},"end":{"line":34,"column":86}},"13":{"start":{"line":35,"column":16},"end":{"line":38,"column":17}},"14":{"start":{"line":36,"column":20},"end":{"line":36,"column":78}},"15":{"start":{"line":37,"column":20},"end":{"line":37,"column":27}},"16":{"start":{"line":39,"column":16},"end":{"line":39,"column":90}},"17":{"start":{"line":41,"column":37},"end":{"line":41,"column":86}},"18":{"start":{"line":42,"column":16},"end":{"line":42,"column":63}},"19":{"start":{"line":45,"column":12},"end":{"line":45,"column":60}},"20":{"start":{"line":46,"column":33},"end":{"line":46,"column":82}},"21":{"start":{"line":47,"column":12},"end":{"line":47,"column":102}},"22":{"start":{"line":56,"column":8},"end":{"line":65,"column":9}},"23":{"start":{"line":57,"column":27},"end":{"line":57,"column":73}},"24":{"start":{"line":58,"column":12},"end":{"line":62,"column":13}},"25":{"start":{"line":59,"column":16},"end":{"line":59,"column":84}},"26":{"start":{"line":61,"column":16},"end":{"line":61,"column":92}},"27":{"start":{"line":64,"column":12},"end":{"line":64,"column":77}},"28":{"start":{"line":73,"column":8},"end":{"line":93,"column":9}},"29":{"start":{"line":74,"column":34},"end":{"line":74,"column":42}},"30":{"start":{"line":75,"column":27},"end":{"line":75,"column":42}},"31":{"start":{"line":76,"column":27},"end":{"line":79,"column":51}},"32":{"start":{"line":81,"column":27},"end":{"line":85,"column":14}},"33":{"start":{"line":87,"column":12},"end":{"line":90,"column":15}},"34":{"start":{"line":92,"column":12},"end":{"line":92,"column":24}},"35":{"start":{"line":97,"column":0},"end":{"line":97,"column":41}}},"fnMap":{"0":{"name":"(anonymous_0)","decl":{"start":{"line":11,"column":4},"end":{"line":11,"column":5}},"loc":{"start":{"line":11,"column":37},"end":{"line":23,"column":5}},"line":11},"1":{"name":"(anonymous_1)","decl":{"start":{"line":29,"column":4},"end":{"line":29,"column":5}},"loc":{"start":{"line":29,"column":41},"end":{"line":49,"column":5}},"line":29},"2":{"name":"(anonymous_2)","decl":{"start":{"line":55,"column":4},"end":{"line":55,"column":5}},"loc":{"start":{"line":55,"column":30},"end":{"line":66,"column":5}},"line":55},"3":{"name":"(anonymous_3)","decl":{"start":{"line":72,"column":4},"end":{"line":72,"column":5}},"loc":{"start":{"line":72,"column":40},"end":{"line":94,"column":5}},"line":72}},"branchMap":{"0":{"loc":{"start":{"line":33,"column":12},"end":{"line":43,"column":13}},"type":"if","locations":[{"start":{"line":33,"column":12},"end":{"line":43,"column":13}},{"start":{"line":40,"column":19},"end":{"line":43,"column":13}}],"line":33},"1":{"loc":{"start":{"line":34,"column":37},"end":{"line":34,"column":86}},"type":"binary-expr","locations":[{"start":{"line":34,"column":37},"end":{"line":34,"column":59}},{"start":{"line":34,"column":63},"end":{"line":34,"column":86}}],"line":34},"2":{"loc":{"start":{"line":35,"column":16},"end":{"line":38,"column":17}},"type":"if","locations":[{"start":{"line":35,"column":16},"end":{"line":38,"column":17}},{"start":{},"end":{}}],"line":35},"3":{"loc":{"start":{"line":41,"column":37},"end":{"line":41,"column":86}},"type":"binary-expr","locations":[{"start":{"line":41,"column":37},"end":{"line":41,"column":59}},{"start":{"line":41,"column":63},"end":{"line":41,"column":86}}],"line":41},"4":{"loc":{"start":{"line":46,"column":33},"end":{"line":46,"column":82}},"type":"binary-expr","locations":[{"start":{"line":46,"column":33},"end":{"line":46,"column":55}},{"start":{"line":46,"column":59},"end":{"line":46,"column":82}}],"line":46},"5":{"loc":{"start":{"line":58,"column":12},"end":{"line":62,"column":13}},"type":"if","locations":[{"start":{"line":58,"column":12},"end":{"line":62,"column":13}},{"start":{"line":60,"column":19},"end":{"line":62,"column":13}}],"line":58},"6":{"loc":{"start":{"line":76,"column":27},"end":{"line":79,"column":51}},"type":"binary-expr","locations":[{"start":{"line":76,"column":27},"end":{"line":76,"column":57}},{"start":{"line":77,"column":16},"end":{"line":77,"column":44}},{"start":{"line":78,"column":16},"end":{"line":78,"column":40}},{"start":{"line":79,"column":16},"end":{"line":79,"column":51}}],"line":76}},"s":{"0":0,"1":0,"2":0,"3":0,"4":0,"5":0,"6":0,"7":0,"8":0,"9":0,"10":0,"11":0,"12":0,"13":0,"14":0,"15":0,"16":0,"17":0,"18":0,"19":0,"20":0,"21":0,"22":0,"23":0,"24":0,"25":0,"26":0,"27":0,"28":0,"29":0,"30":0,"31":0,"32":0,"33":0,"34":0,"35":0},"f":{"0":0,"1":0,"2":0,"3":0},"b":{"0":[0,0],"1":[0,0],"2":[0,0],"3":[0,0],"4":[0,0],"5":[0,0],"6":[0,0,0,0]}}
,"E:\\BE_Recruit\\SourceCode\\Backend\\src\\controllers\\ResumeController.js": {"path":"E:\\BE_Recruit\\SourceCode\\Backend\\src\\controllers\\ResumeController.js","statementMap":{"0":{"start":{"line":1,"column":22},"end":{"line":1,"column":58}},"1":{"start":{"line":2,"column":20},"end":{"line":2,"column":53}},"2":{"start":{"line":3,"column":17},"end":{"line":3,"column":48}},"3":{"start":{"line":11,"column":8},"end":{"line":29,"column":9}},"4":{"start":{"line":12,"column":27},"end":{"line":12,"column":42}},"5":{"start":{"line":13,"column":25},"end":{"line":13,"column":33}},"6":{"start":{"line":15,"column":12},"end":{"line":19,"column":13}},"7":{"start":{"line":16,"column":30},"end":{"line":16,"column":65}},"8":{"start":{"line":17,"column":16},"end":{"line":17,"column":55}},"9":{"start":{"line":18,"column":16},"end":{"line":18,"column":28}},"10":{"start":{"line":21,"column":27},"end":{"line":21,"column":73}},"11":{"start":{"line":23,"column":12},"end":{"line":26,"column":15}},"12":{"start":{"line":28,"column":12},"end":{"line":28,"column":24}},"13":{"start":{"line":37,"column":8},"end":{"line":48,"column":9}},"14":{"start":{"line":38,"column":27},"end":{"line":38,"column":42}},"15":{"start":{"line":39,"column":27},"end":{"line":39,"column":37}},"16":{"start":{"line":41,"column":12},"end":{"line":41,"column":57}},"17":{"start":{"line":43,"column":12},"end":{"line":45,"column":15}},"18":{"start":{"line":47,"column":12},"end":{"line":47,"column":24}},"19":{"start":{"line":56,"column":8},"end":{"line":67,"column":9}},"20":{"start":{"line":57,"column":27},"end":{"line":57,"column":42}},"21":{"start":{"line":59,"column":28},"end":{"line":59,"column":68}},"22":{"start":{"line":61,"column":12},"end":{"line":64,"column":15}},"23":{"start":{"line":66,"column":12},"end":{"line":66,"column":24}},"24":{"start":{"line":75,"column":8},"end":{"line":87,"column":9}},"25":{"start":{"line":76,"column":27},"end":{"line":76,"column":42}},"26":{"start":{"line":77,"column":27},"end":{"line":77,"column":37}},"27":{"start":{"line":79,"column":27},"end":{"line":79,"column":74}},"28":{"start":{"line":81,"column":12},"end":{"line":84,"column":15}},"29":{"start":{"line":86,"column":12},"end":{"line":86,"column":24}},"30":{"start":{"line":95,"column":8},"end":{"line":114,"column":9}},"31":{"start":{"line":96,"column":27},"end":{"line":96,"column":42}},"32":{"start":{"line":97,"column":27},"end":{"line":97,"column":37}},"33":{"start":{"line":98,"column":25},"end":{"line":98,"column":33}},"34":{"start":{"line":100,"column":12},"end":{"line":104,"column":13}},"35":{"start":{"line":101,"column":30},"end":{"line":101,"column":70}},"36":{"start":{"line":102,"column":16},"end":{"line":102,"column":55}},"37":{"start":{"line":103,"column":16},"end":{"line":103,"column":28}},"38":{"start":{"line":106,"column":34},"end":{"line":106,"column":84}},"39":{"start":{"line":108,"column":12},"end":{"line":111,"column":15}},"40":{"start":{"line":113,"column":12},"end":{"line":113,"column":24}},"41":{"start":{"line":121,"column":8},"end":{"line":132,"column":9}},"42":{"start":{"line":122,"column":27},"end":{"line":122,"column":42}},"43":{"start":{"line":123,"column":27},"end":{"line":123,"column":37}},"44":{"start":{"line":125,"column":12},"end":{"line":125,"column":58}},"45":{"start":{"line":127,"column":12},"end":{"line":129,"column":15}},"46":{"start":{"line":131,"column":12},"end":{"line":131,"column":24}},"47":{"start":{"line":136,"column":0},"end":{"line":136,"column":40}}},"fnMap":{"0":{"name":"(anonymous_0)","decl":{"start":{"line":10,"column":4},"end":{"line":10,"column":5}},"loc":{"start":{"line":10,"column":39},"end":{"line":30,"column":5}},"line":10},"1":{"name":"(anonymous_1)","decl":{"start":{"line":36,"column":4},"end":{"line":36,"column":5}},"loc":{"start":{"line":36,"column":39},"end":{"line":49,"column":5}},"line":36},"2":{"name":"(anonymous_2)","decl":{"start":{"line":55,"column":4},"end":{"line":55,"column":5}},"loc":{"start":{"line":55,"column":39},"end":{"line":68,"column":5}},"line":55},"3":{"name":"(anonymous_3)","decl":{"start":{"line":74,"column":4},"end":{"line":74,"column":5}},"loc":{"start":{"line":74,"column":42},"end":{"line":88,"column":5}},"line":74},"4":{"name":"(anonymous_4)","decl":{"start":{"line":94,"column":4},"end":{"line":94,"column":5}},"loc":{"start":{"line":94,"column":39},"end":{"line":115,"column":5}},"line":94},"5":{"name":"(anonymous_5)","decl":{"start":{"line":120,"column":4},"end":{"line":120,"column":5}},"loc":{"start":{"line":120,"column":40},"end":{"line":133,"column":5}},"line":120}},"branchMap":{"0":{"loc":{"start":{"line":15,"column":12},"end":{"line":19,"column":13}},"type":"if","locations":[{"start":{"line":15,"column":12},"end":{"line":19,"column":13}},{"start":{},"end":{}}],"line":15},"1":{"loc":{"start":{"line":100,"column":12},"end":{"line":104,"column":13}},"type":"if","locations":[{"start":{"line":100,"column":12},"end":{"line":104,"column":13}},{"start":{},"end":{}}],"line":100}},"s":{"0":0,"1":0,"2":0,"3":0,"4":0,"5":0,"6":0,"7":0,"8":0,"9":0,"10":0,"11":0,"12":0,"13":0,"14":0,"15":0,"16":0,"17":0,"18":0,"19":0,"20":0,"21":0,"22":0,"23":0,"24":0,"25":0,"26":0,"27":0,"28":0,"29":0,"30":0,"31":0,"32":0,"33":0,"34":0,"35":0,"36":0,"37":0,"38":0,"39":0,"40":0,"41":0,"42":0,"43":0,"44":0,"45":0,"46":0,"47":0},"f":{"0":0,"1":0,"2":0,"3":0,"4":0,"5":0},"b":{"0":[0,0],"1":[0,0]}}
,"E:\\BE_Recruit\\SourceCode\\Backend\\src\\controllers\\SavedJobController.js": {"path":"E:\\BE_Recruit\\SourceCode\\Backend\\src\\controllers\\SavedJobController.js","statementMap":{"0":{"start":{"line":1,"column":24},"end":{"line":1,"column":62}},"1":{"start":{"line":2,"column":20},"end":{"line":2,"column":53}},"2":{"start":{"line":3,"column":17},"end":{"line":3,"column":48}},"3":{"start":{"line":11,"column":8},"end":{"line":28,"column":9}},"4":{"start":{"line":12,"column":27},"end":{"line":12,"column":42}},"5":{"start":{"line":13,"column":34},"end":{"line":13,"column":42}},"6":{"start":{"line":15,"column":12},"end":{"line":19,"column":13}},"7":{"start":{"line":16,"column":30},"end":{"line":16,"column":67}},"8":{"start":{"line":17,"column":16},"end":{"line":17,"column":55}},"9":{"start":{"line":18,"column":16},"end":{"line":18,"column":28}},"10":{"start":{"line":21,"column":12},"end":{"line":21,"column":61}},"11":{"start":{"line":23,"column":12},"end":{"line":25,"column":15}},"12":{"start":{"line":27,"column":12},"end":{"line":27,"column":24}},"13":{"start":{"line":36,"column":8},"end":{"line":46,"column":9}},"14":{"start":{"line":37,"column":27},"end":{"line":37,"column":42}},"15":{"start":{"line":38,"column":30},"end":{"line":38,"column":72}},"16":{"start":{"line":40,"column":12},"end":{"line":43,"column":15}},"17":{"start":{"line":45,"column":12},"end":{"line":45,"column":24}},"18":{"start":{"line":54,"column":8},"end":{"line":71,"column":9}},"19":{"start":{"line":55,"column":27},"end":{"line":55,"column":42}},"20":{"start":{"line":56,"column":27},"end":{"line":56,"column":37}},"21":{"start":{"line":58,"column":12},"end":{"line":62,"column":13}},"22":{"start":{"line":59,"column":30},"end":{"line":59,"column":66}},"23":{"start":{"line":60,"column":16},"end":{"line":60,"column":55}},"24":{"start":{"line":61,"column":16},"end":{"line":61,"column":28}},"25":{"start":{"line":64,"column":12},"end":{"line":64,"column":56}},"26":{"start":{"line":66,"column":12},"end":{"line":68,"column":15}},"27":{"start":{"line":70,"column":12},"end":{"line":70,"column":24}},"28":{"start":{"line":75,"column":0},"end":{"line":75,"column":42}}},"fnMap":{"0":{"name":"(anonymous_0)","decl":{"start":{"line":10,"column":4},"end":{"line":10,"column":5}},"loc":{"start":{"line":10,"column":34},"end":{"line":29,"column":5}},"line":10},"1":{"name":"(anonymous_1)","decl":{"start":{"line":35,"column":4},"end":{"line":35,"column":5}},"loc":{"start":{"line":35,"column":39},"end":{"line":47,"column":5}},"line":35},"2":{"name":"(anonymous_2)","decl":{"start":{"line":53,"column":4},"end":{"line":53,"column":5}},"loc":{"start":{"line":53,"column":36},"end":{"line":72,"column":5}},"line":53}},"branchMap":{"0":{"loc":{"start":{"line":15,"column":12},"end":{"line":19,"column":13}},"type":"if","locations":[{"start":{"line":15,"column":12},"end":{"line":19,"column":13}},{"start":{},"end":{}}],"line":15},"1":{"loc":{"start":{"line":58,"column":12},"end":{"line":62,"column":13}},"type":"if","locations":[{"start":{"line":58,"column":12},"end":{"line":62,"column":13}},{"start":{},"end":{}}],"line":58}},"s":{"0":0,"1":0,"2":0,"3":0,"4":0,"5":0,"6":0,"7":0,"8":0,"9":0,"10":0,"11":0,"12":0,"13":0,"14":0,"15":0,"16":0,"17":0,"18":0,"19":0,"20":0,"21":0,"22":0,"23":0,"24":0,"25":0,"26":0,"27":0,"28":0},"f":{"0":0,"1":0,"2":0},"b":{"0":[0,0],"1":[0,0]}}
,"E:\\BE_Recruit\\SourceCode\\Backend\\src\\controllers\\SkillController.js": {"path":"E:\\BE_Recruit\\SourceCode\\Backend\\src\\controllers\\SkillController.js","statementMap":{"0":{"start":{"line":1,"column":21},"end":{"line":1,"column":56}},"1":{"start":{"line":2,"column":20},"end":{"line":2,"column":53}},"2":{"start":{"line":3,"column":17},"end":{"line":3,"column":48}},"3":{"start":{"line":4,"column":12},"end":{"line":4,"column":26}},"4":{"start":{"line":12,"column":8},"end":{"line":20,"column":9}},"5":{"start":{"line":13,"column":27},"end":{"line":13,"column":60}},"6":{"start":{"line":14,"column":12},"end":{"line":17,"column":15}},"7":{"start":{"line":19,"column":12},"end":{"line":19,"column":24}},"8":{"start":{"line":28,"column":8},"end":{"line":48,"column":9}},"9":{"start":{"line":29,"column":27},"end":{"line":31,"column":14}},"10":{"start":{"line":33,"column":30},"end":{"line":33,"column":55}},"11":{"start":{"line":34,"column":12},"end":{"line":38,"column":13}},"12":{"start":{"line":35,"column":28},"end":{"line":35,"column":63}},"13":{"start":{"line":36,"column":16},"end":{"line":36,"column":53}},"14":{"start":{"line":37,"column":16},"end":{"line":37,"column":26}},"15":{"start":{"line":40,"column":26},"end":{"line":40,"column":66}},"16":{"start":{"line":42,"column":12},"end":{"line":45,"column":15}},"17":{"start":{"line":47,"column":12},"end":{"line":47,"column":24}},"18":{"start":{"line":56,"column":8},"end":{"line":77,"column":9}},"19":{"start":{"line":57,"column":27},"end":{"line":59,"column":14}},"20":{"start":{"line":61,"column":30},"end":{"line":61,"column":55}},"21":{"start":{"line":62,"column":12},"end":{"line":66,"column":13}},"22":{"start":{"line":63,"column":28},"end":{"line":63,"column":63}},"23":{"start":{"line":64,"column":16},"end":{"line":64,"column":53}},"24":{"start":{"line":65,"column":16},"end":{"line":65,"column":26}},"25":{"start":{"line":68,"column":27},"end":{"line":68,"column":37}},"26":{"start":{"line":69,"column":33},"end":{"line":69,"column":77}},"27":{"start":{"line":71,"column":12},"end":{"line":74,"column":15}},"28":{"start":{"line":76,"column":12},"end":{"line":76,"column":24}},"29":{"start":{"line":85,"column":8},"end":{"line":94
[...]
)","decl":{"start":{"line":132,"column":39},"end":{"line":132,"column":40}},"loc":{"start":{"line":132,"column":59},"end":{"line":150,"column":1}},"line":132},"1":{"name":"(anonymous_1)","decl":{"start":{"line":156,"column":36},"end":{"line":156,"column":37}},"loc":{"start":{"line":156,"column":56},"end":{"line":174,"column":1}},"line":156},"2":{"name":"(anonymous_2)","decl":{"start":{"line":176,"column":42},"end":{"line":176,"column":43}},"loc":{"start":{"line":176,"column":62},"end":{"line":199,"column":1}},"line":176},"3":{"name":"(anonymous_3)","decl":{"start":{"line":194,"column":75},"end":{"line":194,"column":76}},"loc":{"start":{"line":194,"column":88},"end":{"line":194,"column":103}},"line":194},"4":{"name":"(anonymous_4)","decl":{"start":{"line":201,"column":40},"end":{"line":201,"column":41}},"loc":{"start":{"line":201,"column":60},"end":{"line":219,"column":1}},"line":201}},"branchMap":{"0":{"loc":{"start":{"line":138,"column":4},"end":{"line":146,"column":5}},"type":"if","locations":[{"start":{"line":138,"column":4},"end":{"line":146,"column":5}},{"start":{},"end":{}}],"line":138},"1":{"loc":{"start":{"line":162,"column":4},"end":{"line":170,"column":5}},"type":"if","locations":[{"start":{"line":162,"column":4},"end":{"line":170,"column":5}},{"start":{},"end":{}}],"line":162},"2":{"loc":{"start":{"line":182,"column":4},"end":{"line":190,"column":5}},"type":"if","locations":[{"start":{"line":182,"column":4},"end":{"line":190,"column":5}},{"start":{},"end":{}}],"line":182},"3":{"loc":{"start":{"line":193,"column":4},"end":{"line":195,"column":5}},"type":"if","locations":[{"start":{"line":193,"column":4},"end":{"line":195,"column":5}},{"start":{},"end":{}}],"line":193},"4":{"loc":{"start":{"line":207,"column":4},"end":{"line":215,"column":5}},"type":"if","locations":[{"start":{"line":207,"column":4},"end":{"line":215,"column":5}},{"start":{},"end":{}}],"line":207}},"s":{"0":0,"1":0,"2":0,"3":0,"4":0,"5":0,"6":0,"7":0,"8":0,"9":0,"10":0,"11":0,"12":0,"13":0,"14":0,"15":0,"16":0,"17":0,"18":0,"19":0,"20":0,"21":0,"22":0,"23":0,"24":0,"25":0,"26":0,"27":0,"28":0,"29":0,"30":0,"31":0,"32":0,"33":0,"34":0,"35":0,"36":0},"f":{"0":0,"1":0,"2":0,"3":0,"4":0},"b":{"0":[0,0],"1":[0,0],"2":[0,0],"3":[0,0],"4":[0,0]}}
,"E:\\BE_Recruit\\SourceCode\\Backend\\src\\validators\\authValidator.js": {"path":"E:\\BE_Recruit\\SourceCode\\Backend\\src\\validators\\authValidator.js","statementMap":{"0":{"start":{"line":1,"column":12},"end":{"line":1,"column":26}},"1":{"start":{"line":2,"column":17},"end":{"line":2,"column":48}},"2":{"start":{"line":3,"column":18},"end":{"line":3,"column":46}},"3":{"start":{"line":5,"column":23},"end":{"line":41,"column":2}},"4":{"start":{"line":43,"column":31},"end":{"line":90,"column":2}},"5":{"start":{"line":92,"column":17},"end":{"line":114,"column":1}},"6":{"start":{"line":93,"column":4},"end":{"line":113,"column":6}},"7":{"start":{"line":94,"column":24},"end":{"line":94,"column":65}},"8":{"start":{"line":95,"column":33},"end":{"line":95,"column":80}},"9":{"start":{"line":97,"column":8},"end":{"line":105,"column":9}},"10":{"start":{"line":98,"column":27},"end":{"line":98,"column":70}},"11":{"start":{"line":98,"column":55},"end":{"line":98,"column":69}},"12":{"start":{"line":99,"column":12},"end":{"line":104,"column":15}},"13":{"start":{"line":107,"column":8},"end":{"line":111,"column":9}},"14":{"start":{"line":108,"column":12},"end":{"line":108,"column":30}},"15":{"start":{"line":110,"column":12},"end":{"line":110,"column":29}},"16":{"start":{"line":112,"column":8},"end":{"line":112,"column":15}},"17":{"start":{"line":116,"column":20},"end":{"line":132,"column":2}},"18":{"start":{"line":134,"column":29},"end":{"line":143,"column":2}},"19":{"start":{"line":145,"column":24},"end":{"line":162,"column":2}},"20":{"start":{"line":164,"column":27},"end":{"line":171,"column":2}},"21":{"start":{"line":173,"column":38},"end":{"line":177,"column":16}},"22":{"start":{"line":179,"column":0},"end":{"line":187,"column":2}}},"fnMap":{"0":{"name":"(anonymous_0)","decl":{"start":{"line":92,"column":17},"end":{"line":92,"column":18}},"loc":{"start":{"line":92,"column":46},"end":{"line":114,"column":1}},"line":92},"1":{"name":"(anonymous_1)","decl":{"start":{"line":93,"column":11},"end":{"line":93,"column":12}},"loc":{"start":{"line":93,"column":31},"end":{"line":113,"column":5}},"line":93},"2":{"name":"(anonymous_2)","decl":{"start":{"line":98,"column":45},"end":{"line":98,"column":46}},"loc":{"start":{"line":98,"column":55},"end":{"line":98,"column":69}},"line":98}},"branchMap":{"0":{"loc":{"start":{"line":92,"column":26},"end":{"line":92,"column":41}},"type":"default-arg","locations":[{"start":{"line":92,"column":35},"end":{"line":92,"column":41}}],"line":92},"1":{"loc":{"start":{"line":94,"column":24},"end":{"line":94,"column":65}},"type":"cond-expr","locations":[{"start":{"line":94,"column":45},"end":{"line":94,"column":54}},{"start":{"line":94,"column":57},"end":{"line":94,"column":65}}],"line":94},"2":{"loc":{"start":{"line":97,"column":8},"end":{"line":105,"column":9}},"type":"if","locations":[{"start":{"line":97,"column":8},"end":{"line":105,"column":9}},{"start":{},"end":{}}],"line":97},"3":{"loc":{"start":{"line":107,"column":8},"end":{"line":111,"column":9}},"type":"if","locations":[{"start":{"line":107,"column":8},"end":{"line":111,"column":9}},{"start":{"line":109,"column":15},"end":{"line":111,"column":9}}],"line":107}},"s":{"0":0,"1":0,"2":0,"3":0,"4":0,"5":0,"6":0,"7":0,"8":0,"9":0,"10":0,"11":0,"12":0,"13":0,"14":0,"15":0,"16":0,"17":0,"18":0,"19":0,"20":0,"21":0,"22":0},"f":{"0":0,"1":0,"2":0},"b":{"0":[0],"1":[0,0],"2":[0,0],"3":[0,0]}}
,"E:\\BE_Recruit\\SourceCode\\Backend\\src\\validators\\companyValidator.js": {"path":"E:\\BE_Recruit\\SourceCode\\Backend\\src\\validators\\companyValidator.js","statementMap":{"0":{"start":{"line":1,"column":12},"end":{"line":1,"column":26}},"1":{"start":{"line":2,"column":17},"end":{"line":2,"column":48}},"2":{"start":{"line":4,"column":17},"end":{"line":20,"column":1}},"3":{"start":{"line":5,"column":4},"end":{"line":19,"column":6}},"4":{"start":{"line":6,"column":26},"end":{"line":6,"column":74}},"5":{"start":{"line":8,"column":8},"end":{"line":16,"column":9}},"6":{"start":{"line":9,"column":33},"end":{"line":9,"column":57}},"7":{"start":{"line":10,"column":12},"end":{"line":15,"column":15}},"8":{"start":{"line":18,"column":8},"end":{"line":18,"column":15}},"9":{"start":{"line":22,"column":28},"end":{"line":59,"column":2}},"10":{"start":{"line":61,"column":0},"end":{"line":63,"column":2}}},"fnMap":{"0":{"name":"(anonymous_0)","decl":{"start":{"line":4,"column":17},"end":{"line":4,"column":18}},"loc":{"start":{"line":4,"column":29},"end":{"line":20,"column":1}},"line":4},"1":{"name":"(anonymous_1)","decl":{"start":{"line":5,"column":11},"end":{"line":5,"column":12}},"loc":{"start":{"line":5,"column":31},"end":{"line":19,"column":5}},"line":5}},"branchMap":{"0":{"loc":{"start":{"line":8,"column":8},"end":{"line":16,"column":9}},"type":"if","locations":[{"start":{"line":8,"column":8},"end":{"line":16,"column":9}},{"start":{},"end":{}}],"line":8}},"s":{"0":0,"1":0,"2":0,"3":0,"4":0,"5":0,"6":0,"7":0,"8":0,"9":0,"10":0},"f":{"0":0,"1":0},"b":{"0":[0,0]}}
,"E:\\BE_Recruit\\SourceCode\\Backend\\src\\validators\\interviewQuestionValidator.js": {"path":"E:\\BE_Recruit\\SourceCode\\Backend\\src\\validators\\interviewQuestionValidator.js","statementMap":{"0":{"start":{"line":1,"column":12},"end":{"line":1,"column":26}},"1":{"start":{"line":2,"column":20},"end":{"line":2,"column":53}},"2":{"start":{"line":4,"column":32},"end":{"line":14,"column":2}},"3":{"start":{"line":16,"column":34},"end":{"line":37,"column":1}},"4":{"start":{"line":17,"column":29},"end":{"line":23,"column":5}},"5":{"start":{"line":25,"column":4},"end":{"line":33,"column":5}},"6":{"start":{"line":26,"column":8},"end":{"line":32,"column":11}},"7":{"start":{"line":35,"column":4},"end":{"line":35,"column":32}},"8":{"start":{"line":36,"column":4},"end":{"line":36,"column":11}},"9":{"start":{"line":39,"column":0},"end":{"line":41,"column":2}}},"fnMap":{"0":{"name":"(anonymous_0)","decl":{"start":{"line":16,"column":34},"end":{"line":16,"column":35}},"loc":{"start":{"line":16,"column":54},"end":{"line":37,"column":1}},"line":16}},"branchMap":{"0":{"loc":{"start":{"line":25,"column":4},"end":{"line":33,"column":5}},"type":"if","locations":[{"start":{"line":25,"column":4},"end":{"line":33,"column":5}},{"start":{},"end":{}}],"line":25},"1":{"loc":{"start":{"line":26,"column":26},"end":{"line":26,"column":57}},"type":"binary-expr","locations":[{"start":{"line":26,"column":26},"end":{"line":26,"column":50}},{"start":{"line":26,"column":54},"end":{"line":26,"column":57}}],"line":26},"2":{"loc":{"start":{"line":29,"column":22},"end":{"line":29,"column":53}},"type":"binary-expr","locations":[{"start":{"line":29,"column":22},"end":{"line":29,"column":46}},{"start":{"line":29,"column":50},"end":{"line":29,"column":53}}],"line":29}},"s":{"0":1,"1":1,"2":1,"3":1,"4":4,"5":4,"6":2,"7":2,"8":2,"9":1},"f":{"0":4},"b":{"0":[2,2],"1":[2,0],"2":[2,0]},"_coverageSchema":"1a1c01bbd47fc00a2c39e90264f33305004495a9","hash":"6683b76fd711e6780c1344c83ccb1d1c7921d0b4"}
,"E:\\BE_Recruit\\SourceCode\\Backend\\src\\validators\\jobValidator.js": {"path":"E:\\BE_Recruit\\SourceCode\\Backend\\src\\validators\\jobValidator.js","statementMap":{"0":{"start":{"line":1,"column":12},"end":{"line":1,"column":26}},"1":{"start":{"line":2,"column":18},"end":{"line":2,"column":46}},"2":{"start":{"line":4,"column":24},"end":{"line":49,"column":2}},"3":{"start":{"line":51,"column":30},"end":{"line":59,"column":2}},"4":{"start":{"line":61,"column":32},"end":{"line":71,"column":1}},"5":{"start":{"line":62,"column":22},"end":{"line":62,"column":85}},"6":{"start":{"line":63,"column":4},"end":{"line":69,"column":5}},"7":{"start":{"line":64,"column":23},"end":{"line":64,"column":66}},"8":{"start":{"line":64,"column":51},"end":{"line":64,"column":65}},"9":{"start":{"line":65,"column":8},"end":{"line":68,"column":11}},"10":{"start":{"line":70,"column":4},"end":{"line":70,"column":11}},"11":{"start":{"line":73,"column":26},"end":{"line":83,"column":1}},"12":{"start":{"line":74,"column":22},"end":{"line":74,"column":79}},"13":{"start":{"line":75,"column":4},"end":{"line":81,"column":5}},"14":{"start":{"line":76,"column":23},"end":{"line":76,"column":66}},"15":{"start":{"line":76,"column":51},"end":{"line":76,"column":65}},"16":{"start":{"line":77,"column":8},"end":{"line":80,"column":11}},"17":{"start":{"line":82,"column":4},"end":{"line":82,"column":11}},"18":{"start":{"line":85,"column":24},"end":{"line":93,"column":2}},"19":{"start":{"line":95,"column":26},"end":{"line":105,"column":1}},"20":{"start":{"line":96,"column":22},"end":{"line":96,"column":79}},"21":{"start":{"line":97,"column":4},"end":{"line":103,"column":5}},"22":{"start":{"line":98,"column":23},"end":{"line":98,"column":66}},"23":{"start":{"line":98,"column":51},"end":{"line":98,"column":65}},"24":{"start":{"line":99,"column":8},"end":{"line":102,"column":11}},"25":{"start":{"line":104,"column":4},"end":{"line":104,"column":11}},"26":{"start":{"line":107,"column":0},"end":{"line":111,"column":2}}},"fnMap":{"0":{"name":"(anonymous_0)","decl":{"start":{"line":61,"column":32},"end":{"line":61,"column":33}},"loc":{"start":{"line":61,"column":52},"end":{"line":71,"column":1}},"line":61},"1":{"name":"(anonymous_1)","decl":{"start":{"line":64,"column":41},"end":{"line":64,"column":42}},"loc":{"start":{"line":64,"column":51},"end":{"line":64,"column":65}},"line":64},"2":{"name":"(anonymous_2)","decl":{"start":{"line":73,"column":26},"end":{"line":73,"column":27}},"loc":{"start":{"line":73,"column":46},"end":{"line":83,"column":1}},"line":73},"3":{"name":"(anonymous_3)","decl":{"start":{"line":76,"column":41},"end":{"line":76,"column":42}},"loc":{"start":{"line":76,"column":51},"end":{"line":76,"column":65}},"line":76},"4":{"name":"(anonymous_4)","decl":{"start":{"line":95,"column":26},"end":{"line":95,"column":27}},"loc":{"start":{"line":95,"column":46},"end":{"line":105,"column":1}},"line":95},"5":{"name":"(anonymous_5)","decl":{"start":{"line":98,"column":41},"end":{"line":98,"column":42}},"loc":{"start":{"line":98,"column":51},"end":{"line":98,"column":65}},"line":98}},"branchMap":{"0":{"loc":{"start":{"line":63,"column":4},"end":{"line":69,"column":5}},"type":"if","locations":[{"start":{"line":63,"column":4},"end":{"line":69,"column":5}},{"start":{},"end":{}}],"line":63},"1":{"loc":{"start":{"line":75,"column":4},"end":{"line":81,"column":5}},"type":"if","locations":[{"start":{"line":75,"column":4},"end":{"line":81,"column":5}},{"start":{},"end":{}}],"line":75},"2":{"loc":{"start":{"line":97,"column":4},"end":{"line":103,"column":5}},"type":"if","locations":[{"start":{"line":97,"column":4},"end":{"line":103,"column":5}},{"start":{},"end":{}}],"line":97}},"s":{"0":0,"1":0,"2":0,"3":0,"4":0,"5":0,"6":0,"7":0,"8":0,"9":0,"10":0,"11":0,"12":0,"13":0,"14":0,"15":0,"16":0,"17":0,"18":0,"19":0,"20":0,"21":0,"22":0,"23":0,"24":0,"25":0,"26":0},"f":{"0":0,"1":0,"2":0,"3":0,"4":0,"5":0},"b":{"0":[0,0],"1":[0,0],"2":[0,0]}}
,"E:\\BE_Recruit\\SourceCode\\Backend\\src\\validators\\levelValidator.js": {"path":"E:\\BE_Recruit\\SourceCode\\Backend\\src\\validators\\levelValidator.js","statementMap":{"0":{"start":{"line":1,"column":12},"end":{"line":1,"column":26}},"1":{"start":{"line":2,"column":17},"end":{"line":2,"column":48}},"2":{"start":{"line":4,"column":21},"end":{"line":45,"column":1}},"3":{"start":{"line":47,"column":28},"end":{"line":59,"column":1}},"4":{"start":{"line":48,"column":22},"end":{"line":48,"column":83}},"5":{"start":{"line":50,"column":4},"end":{"line":56,"column":5}},"6":{"start":{"line":51,"column":23},"end":{"line":51,"column":66}},"7":{"start":{"line":51,"column":51},"end":{"line":51,"column":65}},"8":{"start":{"line":52,"column":8},"end":{"line":55,"column":11}},"9":{"start":{"line":58,"column":4},"end":{"line":58,"column":11}},"10":{"start":{"line":61,"column":28},"end":{"line":73,"column":1}},"11":{"start":{"line":62,"column":22},"end":{"line":62,"column":83}},"12":{"start":{"line":64,"column":4},"end":{"line":70,"column":5}},"13":{"start":{"line":65,"column":23},"end":{"line":65,"column":66}},"14":{"start":{"line":65,"column":51},"end":{"line":65,"column":65}},"15":{"start":{"line":66,"column":8},"end":{"line":69,"column":11}},"16":{"start":{"line":72,"column":4},"end":{"line":72,"column":11}},"17":{"start":{"line":75,"column":24},"end":{"line":90,"column":1}},"18":{"start":{"line":76,"column":22},"end":{"line":79,"column":5}},"19":{"start":{"line":81,"column":4},"end":{"line":87,"column":5}},"20":{"start":{"line":82,"column":23},"end":{"line":82,"column":66}},"21":{"start":{"line":82,"column":51},"end":{"line":82,"column":65}},"22":{"start":{"line":83,"column":8},"end":{"line":86,"column":11}},"23":{"start":{"line":89,"column":4},"end":{"line":89,"column":11}},"24":{"start":{"line":92,"column":0},"end":{"line":96,"column":2}}},"fnMap":{"0":{"name":"(anonymous_0)","decl":{"start":{"line":47,"column":28},"end":{"line":47,"column":29}},"loc":{"start":{"line":47,"column":48},"end":{"line":59,"column":1}},"line":47},"1":{"name":"(anonymous_1)","decl":{"start":{"line":51,"column":41},"end":{"line":51,"column":42}},"loc":{"start":{"line":51,"column":51},"end":{"line":51,"column":65}},"line":51},"2":{"name":"(anonymous_2)","decl":{"start":{"line":61,"column":28},"end":{"line":61,"column":29}},"loc":{"start":{"line":61,"column":48},"end":{"line":73,"column":1}},"line":61},"3":{"name":"(anonymous_3)","decl":{"start":{"line":65,"column":41},"end":{"line":65,"column":42}},"loc":{"start":{"line":65,"column":51},"end":{"line":65,"column":65}},"line":65},"4":{"name":"(anonymous_4)","decl":{"start":{"line":75,"column":24},"end":{"line":75,"column":25}},"loc":{"start":{"line":75,"column":44},"end":{"line":90,"column":1}},"line":75},"5":{"name":"(anonymous_5)","decl":{"start":{"line":82,"column":41},"end":{"line":82,"column":42}},"loc":{"start":{"line":82,"column":51},"end":{"line":82,"column":65}},"line":82}},"branchMap":{"0":{"loc":{"start":{"line":50,"column":4},"end":{"line":56,"column":5}},"type":"if","locations":[{"start":{"line":50,"column":4},"end":{"line":56,"column":5}},{"start":{},"end":{}}],"line":50},"1":{"loc":{"start":{"line":64,"column":4},"end":{"line":70,"column":5}},"type":"if","locations":[{"start":{"line":64,"column":4},"end":{"line":70,"column":5}},{"start":{},"end":{}}],"line":64},"2":{"loc":{"start":{"line":81,"column":4},"end":{"line":87,"column":5}},"type":"if","locations":[{"start":{"line":81,"column":4},"end":{"line":87,"column":5}},{"start":{},"end":{}}],"line":81}},"s":{"0":0,"1":0,"2":0,"3":0,"4":0,"5":0,"6":0,"7":0,"8":0,"9":0,"10":0,"11":0,"12":0,"13":0,"14":0,"15":0,"16":0,"17":0,"18":0,"19":0,"20":0,"21":0,"22":0,"23":0,"24":0},"f":{"0":0,"1":0,"2":0,"3":0,"4":0,"5":0},"b":{"0":[0,0],"1":[0,0],"2":[0,0]}}
,"E:\\BE_Recruit\\SourceCode\\Backend\\src\\validators\\userValidator.js": {"path":"E:\\BE_Recruit\\SourceCode\\Backend\\src\\validators\\userValidator.js","statementMap":{"0":{"start":{"line":1,"column":12},"end":{"line":1,"column":26}},"1":{"start":{"line":2,"column":17},"end":{"line":2,"column":48}},"2":{"start":{"line":4,"column":17},"end":{"line":20,"column":1}},"3":{"start":{"line":5,"column":4},"end":{"line":19,"column":6}},"4":{"start":{"line":6,"column":26},"end":{"line":6,"column":74}},"5":{"start":{"line":8,"column":8},"end":{"line":16,"column":9}},"6":{"start":{"line":9,"column":33},"end":{"line":9,"column":57}},"7":{"start":{"line":10,"column":12},"end":{"line":15,"column":15}},"8":{"start":{"line":18,"column":8},"end":{"line":18,"column":15}},"9":{"start":{"line":22,"column":28},"end":{"line":74,"column":2}},"10":{"start":{"line":76,"column":29},"end":{"line":93,"column":2}},"11":{"start":{"line":95,"column":24},"end":{"line":110,"column":2}},"12":{"start":{"line":112,"column":23},"end":{"line":128,"column":1}},"13":{"start":{"line":113,"column":4},"end":{"line":127,"column":6}},"14":{"start":{"line":114,"column":26},"end":{"line":114,"column":76}},"15":{"start":{"line":116,"column":8},"end":{"line":124,"column":9}},"16":{"start":{"line":117,"column":33},"end":{"line":117,"column":57}},"17":{"start":{"line":118,"column":12},"end":{"line":123,"column":15}},"18":{"start":{"line":126,"column":8},"end":{"line":126,"column":15}},"19":{"start":{"line":130,"column":26},"end":{"line":141,"column":2}},"20":{"start":{"line":143,"column":30},"end":{"line":166,"column":2}},"21":{"start":{"line":168,"column":0},"end":{"line":174,"column":2}}},"fnMap":{"0":{"name":"(anonymous_0)","decl":{"start":{"line":4,"column":17},"end":{"line":4,"column":18}},"loc":{"start":{"line":4,"column":29},"end":{"line":20,"column":1}},"line":4},"1":{"name":"(anonymous_1)","decl":{"start":{"line":5,"column":11},"end":{"line":5,"column":12}},"loc":{"start":{"line":5,"column":31},"end":{"line":19,"column":5}},"line":5},"2":{"name":"(anonymous_2)","decl":{"start":{"line":112,"column":23},"end":{"line":112,"column":24}},"loc":{"start":{"line":112,"column":35},"end":{"line":128,"column":1}},"line":112},"3":{"name":"(anonymous_3)","decl":{"start":{"line":113,"column":11},"end":{"line":113,"column":12}},"loc":{"start":{"line":113,"column":31},"end":{"line":127,"column":5}},"line":113}},"branchMap":{"0":{"loc":{"start":{"line":8,"column":8},"end":{"line":16,"column":9}},"type":"if","locations":[{"start":{"line":8,"column":8},"end":{"line":16,"column":9}},{"start":{},"end":{}}],"line":8},"1":{"loc":{"start":{"line":116,"column":8},"end":{"line":124,"column":9}},"type":"if","locations":[{"start":{"line":116,"column":8},"end":{"line":124,"column":9}},{"start":{},"end":{}}],"line":116}},"s":{"0":0,"1":0,"2":0,"3":0,"4":0,"5":0,"6":0,"7":0,"8":0,"9":0,"10":0,"11":0,"12":0,"13":0,"14":0,"15":0,"16":0,"17":0,"18":0,"19":0,"20":0,"21":0},"f":{"0":0,"1":0,"2":0,"3":0},"b":{"0":[0,0],"1":[0,0]}}
}
