TN:
SF:src\constant\messages.js
FNF:0
FNH:0
DA:1,4
DA:20,4
LF:2
LH:2
BRF:0
BRH:0
end_of_record
TN:
SF:src\constant\roles.js
FNF:0
FNH:0
DA:1,1
DA:7,1
DA:13,1
LF:3
LH:3
BRF:0
BRH:0
end_of_record
TN:
SF:src\constant\statusCode.js
FNF:0
FNH:0
DA:1,3
DA:12,3
LF:2
LH:2
BRF:0
BRH:0
end_of_record
TN:
SF:src\controllers\AuthController.js
FN:6,(anonymous_0)
FNF:1
FNH:1
FNDA:3,(anonymous_0)
DA:1,1
DA:2,1
DA:3,1
DA:7,3
DA:8,3
DA:10,1
DA:15,2
DA:20,1
LF:8
LH:8
BRF:0
BRH:0
end_of_record
TN:
SF:src\models\Application.js
FNF:0
FNH:0
DA:1,1
DA:2,1
DA:4,1
DA:46,1
LF:4
LH:4
BRF:0
BRH:0
end_of_record
TN:
SF:src\models\Category.js
FNF:0
FNH:0
DA:1,1
DA:2,1
DA:4,1
DA:29,1
LF:4
LH:4
BRF:0
BRH:0
end_of_record
TN:
SF:src\models\Company.js
FNF:0
FNH:0
DA:1,1
DA:2,1
DA:4,1
DA:70,1
LF:4
LH:4
BRF:0
BRH:0
end_of_record
TN:
SF:src\models\Conversation.js
FNF:0
FNH:0
DA:1,1
DA:2,1
DA:4,1
DA:33,1
LF:4
LH:4
BRF:0
BRH:0
end_of_record
TN:
SF:src\models\Follow.js
FNF:0
FNH:0
DA:1,1
DA:2,1
DA:4,1
DA:23,1
LF:4
LH:4
BRF:0
BRH:0
end_of_record
TN:
SF:src\models\Interview.js
FNF:0
FNH:0
DA:1,1
DA:2,1
DA:4,1
DA:52,1
LF:4
LH:4
BRF:0
BRH:0
end_of_record
TN:
SF:src\models\JobPost.js
FNF:0
FNH:0
DA:1,1
DA:2,1
DA:4,1
DA:75,1
LF:4
LH:4
BRF:0
BRH:0
end_of_record
TN:
SF:src\models\JobSkill.js
FNF:0
FNH:0
DA:1,1
DA:2,1
DA:4,1
DA:21,1
LF:4
LH:4
BRF:0
BRH:0
end_of_record
TN:
SF:src\models\Location.js
FNF:0
FNH:0
DA:1,1
DA:2,1
DA:4,1
DA:24,1
LF:4
LH:4
BRF:0
BRH:0
end_of_record
TN:
SF:src\models\Message.js
FNF:0
FNH:0
DA:1,1
DA:2,1
DA:4,1
DA:43,1
LF:4
LH:4
BRF:0
BRH:0
end_of_record
TN:
SF:src\models\Notification.js
FNF:0
FNH:0
DA:1,1
DA:2,1
DA:4,1
DA:41,1
LF:4
LH:4
BRF:0
BRH:0
end_of_record
TN:
SF:src\models\Otp.js
FNF:0
FNH:0
DA:1,1
DA:2,1
DA:4,1
DA:42,1
LF:4
LH:4
BRF:0
BRH:0
end_of_record
TN:
SF:src\models\Resume.js
FNF:0
FNH:0
DA:1,1
DA:2,1
DA:4,1
DA:44,1
LF:4
LH:4
BRF:0
BRH:0
end_of_record
TN:
SF:src\models\Role.js
FNF:0
FNH:0
DA:1,1
DA:2,1
DA:4,1
DA:23,1
LF:4
LH:4
BRF:0
BRH:0
end_of_record
TN:
SF:src\models\SavedJob.js
FNF:0
FNH:0
DA:1,1
DA:2,1
DA:4,1
DA:23,1
LF:4
LH:4
BRF:0
BRH:0
end_of_record
TN:
SF:src\models\Skill.js
FNF:0
FNH:0
DA:1,1
DA:2,1
DA:4,1
DA:24,1
LF:4
LH:4
BRF:0
BRH:0
end_of_record
TN:
SF:src\models\Transaction.js
FNF:0
FNH:0
DA:1,1
DA:2,1
DA:4,1
DA:42,1
LF:4
LH:4
BRF:0
BRH:0
end_of_record
TN:
SF:src\models\User.js
FNF:0
FNH:0
DA:1,1
DA:2,1
DA:4,1
DA:64,1
LF:4
LH:4
BRF:0
BRH:0
end_of_record
TN:
SF:src\models\UserSkill.js
FNF:0
FNH:0
DA:1,1
DA:2,1
DA:4,1
DA:21,1
LF:4
LH:4
BRF:0
BRH:0
end_of_record
TN:
SF:src\repositories\ApplicationRepository.js
FN:5,(anonymous_0)
FN:9,(anonymous_1)
FN:13,(anonymous_2)
FN:17,(anonymous_3)
FN:21,(anonymous_4)
FN:29,(anonymous_5)
FNF:6
FNH:1
FNDA:1,(anonymous_0)
FNDA:0,(anonymous_1)
FNDA:0,(anonymous_2)
FNDA:0,(anonymous_3)
FNDA:0,(anonymous_4)
FNDA:0,(anonymous_5)
DA:1,1
DA:2,1
DA:6,1
DA:10,0
DA:14,0
DA:18,0
DA:22,0
DA:23,0
DA:24,0
DA:26,0
DA:30,0
DA:34,1
LF:12
LH:4
BRDA:9,0,0,0
BRDA:13,1,0,0
BRDA:17,2,0,0
BRDA:21,3,0,0
BRDA:23,4,0,0
BRDA:23,4,1,0
BRF:6
BRH:0
end_of_record
TN:
SF:src\repositories\BaseRepository.js
FN:2,(anonymous_0)
FN:6,(anonymous_1)
FN:10,(anonymous_2)
FN:14,(anonymous_3)
FN:21,(anonymous_4)
FN:28,(anonymous_5)
FN:35,(anonymous_6)
FN:43,(anonymous_7)
FN:52,(anonymous_8)
FN:56,(anonymous_9)
FN:60,(anonymous_10)
FNF:11
FNH:1
FNDA:19,(anonymous_0)
FNDA:0,(anonymous_1)
FNDA:0,(anonymous_2)
FNDA:0,(anonymous_3)
FNDA:0,(anonymous_4)
FNDA:0,(anonymous_5)
FNDA:0,(anonymous_6)
FNDA:0,(anonymous_7)
FNDA:0,(anonymous_8)
FNDA:0,(anonymous_9)
FNDA:0,(anonymous_10)
DA:3,19
DA:7,0
DA:11,0
DA:15,0
DA:22,0
DA:29,0
DA:36,0
DA:37,0
DA:38,0
DA:40,0
DA:44,0
DA:45,0
DA:46,0
DA:48,0
DA:49,0
DA:53,0
DA:57,0
DA:61,0
DA:65,1
LF:19
LH:2
BRDA:10,0,0,0
BRDA:14,1,0,0
BRDA:21,2,0,0
BRDA:21,3,0,0
BRDA:28,4,0,0
BRDA:28,5,0,0
BRDA:37,6,0,0
BRDA:37,6,1,0
BRDA:45,7,0,0
BRDA:45,7,1,0
BRDA:56,8,0,0
BRF:11
BRH:0
end_of_record
TN:
SF:src\repositories\CategoryRepository.js
FN:5,(anonymous_0)
FN:9,(anonymous_1)
FN:13,(anonymous_2)
FNF:3
FNH:1
FNDA:1,(anonymous_0)
FNDA:0,(anonymous_1)
FNDA:0,(anonymous_2)
DA:1,1
DA:2,1
DA:6,1
DA:10,0
DA:14,0
DA:18,1
LF:6
LH:4
BRDA:13,0,0,0
BRF:1
BRH:0
end_of_record
TN:
SF:src\repositories\CompanyRepository.js
FN:6,(anonymous_0)
FN:10,(anonymous_1)
FN:14,(anonymous_2)
FN:18,(anonymous_3)
FN:25,(anonymous_4)
FN:29,(anonymous_5)
FNF:6
FNH:1
FNDA:1,(anonymous_0)
FNDA:0,(anonymous_1)
FNDA:0,(anonymous_2)
FNDA:0,(anonymous_3)
FNDA:0,(anonymous_4)
FNDA:0,(anonymous_5)
DA:1,1
DA:2,1
DA:3,1
DA:7,1
DA:11,0
DA:15,0
DA:19,0
DA:26,0
DA:30,0
DA:34,1
LF:10
LH:5
BRDA:18,0,0,0
BRDA:25,1,0,0
BRF:2
BRH:0
end_of_record
TN:
SF:src\repositories\ConversationRepository.js
FN:5,(anonymous_0)
FN:9,(anonymous_1)
FN:13,(anonymous_2)
FN:17,(anonymous_3)
FN:21,(anonymous_4)
FNF:5
FNH:1
FNDA:1,(anonymous_0)
FNDA:0,(anonymous_1)
FNDA:0,(anonymous_2)
FNDA:0,(anonymous_3)
FNDA:0,(anonymous_4)
DA:1,1
DA:2,1
DA:6,1
DA:10,0
DA:14,0
DA:18,0
DA:22,0
DA:26,1
LF:8
LH:4
BRDA:9,0,0,0
BRDA:13,1,0,0
BRF:2
BRH:0
end_of_record
TN:
SF:src\repositories\FollowRepository.js
FN:5,(anonymous_0)
FN:9,(anonymous_1)
FN:13,(anonymous_2)
FN:17,(anonymous_3)
FN:21,(anonymous_4)
FN:25,(anonymous_5)
FNF:6
FNH:1
FNDA:1,(anonymous_0)
FNDA:0,(anonymous_1)
FNDA:0,(anonymous_2)
FNDA:0,(anonymous_3)
FNDA:0,(anonymous_4)
FNDA:0,(anonymous_5)
DA:1,1
DA:2,1
DA:6,1
DA:10,0
DA:14,0
DA:18,0
DA:22,0
DA:26,0
DA:30,1
LF:9
LH:4
BRDA:9,0,0,0
BRDA:13,1,0,0
BRF:2
BRH:0
end_of_record
TN:
SF:src\repositories\InterviewRepository.js
FN:6,(anonymous_0)
FN:10,(anonymous_1)
FN:14,(anonymous_2)
FN:22,(anonymous_3)
FN:26,(anonymous_4)
FNF:5
FNH:1
FNDA:1,(anonymous_0)
FNDA:0,(anonymous_1)
FNDA:0,(anonymous_2)
FNDA:0,(anonymous_3)
FNDA:0,(anonymous_4)
DA:1,1
DA:2,1
DA:3,1
DA:7,1
DA:11,0
DA:15,0
DA:23,0
DA:27,0
DA:31,1
LF:9
LH:5
BRDA:14,0,0,0
BRDA:22,1,0,0
BRF:2
BRH:0
end_of_record
TN:
SF:src\repositories\JobPostRepository.js
FN:6,(anonymous_0)
FN:10,(anonymous_1)
FN:14,(anonymous_2)
FN:18,(anonymous_3)
FN:37,(anonymous_4)
FN:45,(anonymous_5)
FNF:6
FNH:1
FNDA:1,(anonymous_0)
FNDA:0,(anonymous_1)
FNDA:0,(anonymous_2)
FNDA:0,(anonymous_3)
FNDA:0,(anonymous_4)
FNDA:0,(anonymous_5)
DA:1,1
DA:2,1
DA:3,1
DA:7,1
DA:11,0
DA:15,0
DA:19,0
DA:21,0
DA:22,0
DA:24,0
DA:25,0
DA:27,0
DA:28,0
DA:30,0
DA:31,0
DA:34,0
DA:38,0
DA:39,0
DA:40,0
DA:42,0
DA:46,0
DA:47,0
DA:48,0
DA:50,0
DA:54,1
LF:25
LH:5
BRDA:10,0,0,0
BRDA:14,1,0,0
BRDA:18,2,0,0
BRDA:18,3,0,0
BRDA:21,4,0,0
BRDA:21,4,1,0
BRDA:24,5,0,0
BRDA:24,5,1,0
BRDA:27,6,0,0
BRDA:27,6,1,0
BRDA:30,7,0,0
BRDA:30,7,1,0
BRDA:37,8,0,0
BRDA:39,9,0,0
BRDA:39,9,1,0
BRDA:47,10,0,0
BRDA:47,10,1,0
BRF:17
BRH:0
end_of_record
TN:
SF:src\repositories\JobSkillRepository.js
FN:5,(anonymous_0)
FN:9,(anonymous_1)
FN:13,(anonymous_2)
FN:17,(anonymous_3)
FN:18,(anonymous_4)
FN:22,(anonymous_5)
FNF:6
FNH:1
FNDA:1,(anonymous_0)
FNDA:0,(anonymous_1)
FNDA:0,(anonymous_2)
FNDA:0,(anonymous_3)
FNDA:0,(anonymous_4)
FNDA:0,(anonymous_5)
DA:1,1
DA:2,1
DA:6,1
DA:10,0
DA:14,0
DA:18,0
DA:19,0
DA:23,0
DA:27,1
LF:9
LH:4
BRF:0
BRH:0
end_of_record
TN:
SF:src\repositories\LocationRepository.js
FN:5,(anonymous_0)
FN:9,(anonymous_1)
FN:13,(anonymous_2)
FNF:3
FNH:1
FNDA:1,(anonymous_0)
FNDA:0,(anonymous_1)
FNDA:0,(anonymous_2)
DA:1,1
DA:2,1
DA:6,1
DA:10,0
DA:14,0
DA:18,1
LF:6
LH:4
BRDA:13,0,0,0
BRF:1
BRH:0
end_of_record
TN:
SF:src\repositories\MessageRepository.js
FN:5,(anonymous_0)
FN:9,(anonymous_1)
FN:16,(anonymous_2)
FN:20,(anonymous_3)
FN:24,(anonymous_4)
FNF:5
FNH:1
FNDA:1,(anonymous_0)
FNDA:0,(anonymous_1)
FNDA:0,(anonymous_2)
FNDA:0,(anonymous_3)
FNDA:0,(anonymous_4)
DA:1,1
DA:2,1
DA:6,1
DA:10,0
DA:17,0
DA:21,0
DA:25,0
DA:32,1
LF:8
LH:4
BRDA:9,0,0,0
BRF:1
BRH:0
end_of_record
TN:
SF:src\repositories\NotificationRepository.js
FN:5,(anonymous_0)
FN:9,(anonymous_1)
FN:13,(anonymous_2)
FN:17,(anonymous_3)
FN:21,(anonymous_4)
FN:25,(anonymous_5)
FNF:6
FNH:1
FNDA:1,(anonymous_0)
FNDA:0,(anonymous_1)
FNDA:0,(anonymous_2)
FNDA:0,(anonymous_3)
FNDA:0,(anonymous_4)
FNDA:0,(anonymous_5)
DA:1,1
DA:2,1
DA:6,1
DA:10,0
DA:14,0
DA:18,0
DA:22,0
DA:26,0
DA:33,1
LF:9
LH:4
BRDA:9,0,0,0
BRDA:13,1,0,0
BRF:2
BRH:0
end_of_record
TN:
SF:src\repositories\OtpRepository.js
FN:6,(anonymous_0)
FN:10,(anonymous_1)
FN:17,(anonymous_2)
FN:27,(anonymous_3)
FN:31,(anonymous_4)
FNF:5
FNH:1
FNDA:1,(anonymous_0)
FNDA:0,(anonymous_1)
FNDA:0,(anonymous_2)
FNDA:0,(anonymous_3)
FNDA:0,(anonymous_4)
DA:1,1
DA:2,1
DA:3,1
DA:7,1
DA:11,0
DA:18,0
DA:28,0
DA:32,0
DA:40,1
LF:9
LH:5
BRF:0
BRH:0
end_of_record
TN:
SF:src\repositories\ResumeRepository.js
FN:5,(anonymous_0)
FN:9,(anonymous_1)
FN:13,(anonymous_2)
FN:17,(anonymous_3)
FN:25,(anonymous_4)
FNF:5
FNH:1
FNDA:1,(anonymous_0)
FNDA:0,(anonymous_1)
FNDA:0,(anonymous_2)
FNDA:0,(anonymous_3)
FNDA:0,(anonymous_4)
DA:1,1
DA:2,1
DA:6,1
DA:10,0
DA:14,0
DA:18,0
DA:22,0
DA:26,0
DA:30,1
LF:9
LH:4
BRDA:9,0,0,0
BRF:1
BRH:0
end_of_record
TN:
SF:src\repositories\RoleRepository.js
FN:5,(anonymous_0)
FN:9,(anonymous_1)
FNF:2
FNH:1
FNDA:1,(anonymous_0)
FNDA:0,(anonymous_1)
DA:1,1
DA:2,1
DA:6,1
DA:10,0
DA:14,1
LF:5
LH:4
BRF:0
BRH:0
end_of_record
TN:
SF:src\repositories\SavedJobRepository.js
FN:5,(anonymous_0)
FN:9,(anonymous_1)
FN:13,(anonymous_2)
FN:17,(anonymous_3)
FN:21,(anonymous_4)
FNF:5
FNH:1
FNDA:1,(anonymous_0)
FNDA:0,(anonymous_1)
FNDA:0,(anonymous_2)
FNDA:0,(anonymous_3)
FNDA:0,(anonymous_4)
DA:1,1
DA:2,1
DA:6,1
DA:10,0
DA:14,0
DA:18,0
DA:22,0
DA:26,1
LF:8
LH:4
BRDA:9,0,0,0
BRF:1
BRH:0
end_of_record
TN:
SF:src\repositories\SkillRepository.js
FN:5,(anonymous_0)
FN:9,(anonymous_1)
FN:13,(anonymous_2)
FN:17,(anonymous_3)
FNF:4
FNH:1
FNDA:1,(anonymous_0)
FNDA:0,(anonymous_1)
FNDA:0,(anonymous_2)
FNDA:0,(anonymous_3)
DA:1,1
DA:2,1
DA:6,1
DA:10,0
DA:14,0
DA:18,0
DA:24,1
LF:7
LH:4
BRDA:13,0,0,0
BRF:1
BRH:0
end_of_record
TN:
SF:src\repositories\TransactionRepository.js
FN:5,(anonymous_0)
FN:9,(anonymous_1)
FN:13,(anonymous_2)
FN:17,(anonymous_3)
FN:21,(anonymous_4)
FNF:5
FNH:1
FNDA:1,(anonymous_0)
FNDA:0,(anonymous_1)
FNDA:0,(anonymous_2)
FNDA:0,(anonymous_3)
FNDA:0,(anonymous_4)
DA:1,1
DA:2,1
DA:6,1
DA:10,0
DA:14,0
DA:18,0
DA:22,0
DA:26,1
LF:8
LH:4
BRDA:9,0,0,0
BRDA:17,1,0,0
BRF:2
BRH:0
end_of_record
TN:
SF:src\repositories\UserRepository.js
FN:6,(anonymous_0)
FN:10,(anonymous_1)
FN:14,(anonymous_2)
FN:18,(anonymous_3)
FN:22,(anonymous_4)
FN:29,(anonymous_5)
FNF:6
FNH:1
FNDA:1,(anonymous_0)
FNDA:0,(anonymous_1)
FNDA:0,(anonymous_2)
FNDA:0,(anonymous_3)
FNDA:0,(anonymous_4)
FNDA:0,(anonymous_5)
DA:1,1
DA:2,1
DA:3,1
DA:7,1
DA:11,0
DA:15,0
DA:19,0
DA:23,0
DA:30,0
DA:34,1
LF:10
LH:5
BRDA:14,0,0,0
BRDA:18,1,0,0
BRDA:22,2,0,0
BRF:3
BRH:0
end_of_record
TN:
SF:src\repositories\UserSkillRepository.js
FN:5,(anonymous_0)
FN:9,(anonymous_1)
FN:13,(anonymous_2)
FN:17,(anonymous_3)
FN:18,(anonymous_4)
FN:22,(anonymous_5)
FN:26,(anonymous_6)
FNF:7
FNH:1
FNDA:1,(anonymous_0)
FNDA:0,(anonymous_1)
FNDA:0,(anonymous_2)
FNDA:0,(anonymous_3)
FNDA:0,(anonymous_4)
FNDA:0,(anonymous_5)
FNDA:0,(anonymous_6)
DA:1,1
DA:2,1
DA:6,1
DA:10,0
DA:14,0
DA:18,0
DA:19,0
DA:23,0
DA:27,0
DA:31,1
LF:10
LH:4
BRF:0
BRH:0
end_of_record
TN:
SF:src\routes\authRoutes.js
FNF:0
FNH:0
DA:1,0
DA:2,0
DA:3,0
DA:4,0
DA:43,0
DA:45,0
LF:6
LH:0
BRF:0
BRH:0
end_of_record
TN:
SF:src\services\AuthService.js
FN:11,(anonymous_0)
FN:56,(anonymous_1)
FNF:2
FNH:2
FNDA:9,(anonymous_0)
FNDA:1,(anonymous_1)
DA:1,2
DA:2,2
DA:3,2
DA:4,2
DA:5,2
DA:6,2
DA:8,2
DA:12,9
DA:15,9
DA:16,9
DA:17,2
DA:18,2
DA:19,2
DA:23,7
DA:24,7
DA:25,2
DA:26,2
DA:27,2
DA:31,5
DA:34,5
DA:43,5
DA:44,5
DA:47,5
DA:55,5
DA:56,1
DA:58,5
DA:65,2
LF:27
LH:27
BRDA:16,0,0,2
BRDA:16,0,1,7
BRDA:24,1,0,2
BRDA:24,1,1,5
BRF:4
BRH:4
end_of_record
TN:
SF:src\utils\emailService.js
FN:5,(anonymous_0)
FN:17,(anonymous_1)
FNF:2
FNH:1
FNDA:2,(anonymous_0)
FNDA:0,(anonymous_1)
DA:1,2
DA:2,2
DA:6,2
DA:18,0
DA:31,0
DA:32,0
DA:33,0
DA:35,0
DA:36,0
DA:41,2
LF:10
LH:4
BRF:0
BRH:0
end_of_record
TN:
SF:src\utils\otpGenerator.js
FN:4,(anonymous_0)
FN:8,(anonymous_1)
FNF:2
FNH:2
FNDA:4,(anonymous_0)
FNDA:2,(anonymous_1)
DA:1,3
DA:2,3
DA:4,3
DA:5,4
DA:8,3
DA:9,2
DA:10,2
DA:13,3
LF:8
LH:8
BRF:0
BRH:0
end_of_record
TN:
SF:src\validators\authValidator.js
FN:43,(anonymous_0)
FN:44,(anonymous_1)
FN:48,(anonymous_2)
FNF:3
FNH:3
FNDA:1,(anonymous_0)
FNDA:11,(anonymous_1)
FNDA:8,(anonymous_2)
DA:1,1
DA:2,1
DA:3,1
DA:5,1
DA:43,1
DA:44,1
DA:45,11
DA:47,11
DA:48,8
DA:49,8
DA:57,3
DA:58,3
DA:62,1
LF:13
LH:13
BRDA:47,0,0,8
BRDA:47,0,1,3
BRF:2
BRH:2
end_of_record
