TN:
SF:src\constant\applicationConstants.js
FNF:0
FNH:0
DA:5,0
DA:7,0
DA:12,0
DA:17,0
LF:4
LH:0
BRF:0
BRH:0
end_of_record
TN:
SF:src\constant\messages.js
FNF:0
FNH:0
DA:1,0
DA:170,0
LF:2
LH:0
BRF:0
BRH:0
end_of_record
TN:
SF:src\constant\roles.js
FNF:0
FNH:0
DA:1,0
DA:7,0
DA:13,0
LF:3
LH:0
BRF:0
BRH:0
end_of_record
TN:
SF:src\constant\statusCode.js
FNF:0
FNH:0
DA:1,1
DA:12,1
LF:2
LH:2
BRF:0
BRH:0
end_of_record
TN:
SF:src\constant\transactionConstants.js
FNF:0
FNH:0
DA:1,4
DA:6,4
DA:8,4
DA:15,4
DA:17,4
DA:21,4
DA:25,4
LF:7
LH:7
BRF:0
BRH:0
end_of_record
TN:
SF:src\controllers\AdminController.js
FN:9,(anonymous_0)
FN:25,(anonymous_1)
FNF:2
FNH:0
FNDA:0,(anonymous_0)
FNDA:0,(anonymous_1)
DA:1,0
DA:2,0
DA:10,0
DA:11,0
DA:12,0
DA:17,0
DA:26,0
DA:27,0
DA:28,0
DA:33,0
DA:38,0
LF:11
LH:0
BRF:0
BRH:0
end_of_record
TN:
SF:src\controllers\ApplicationController.js
FN:10,(anonymous_0)
FN:41,(anonymous_1)
FN:61,(anonymous_2)
FN:79,(anonymous_3)
FN:100,(anonymous_4)
FN:120,(anonymous_5)
FN:136,(anonymous_6)
FN:151,(anonymous_7)
FN:170,(anonymous_8)
FN:190,(anonymous_9)
FNF:10
FNH:0
FNDA:0,(anonymous_0)
FNDA:0,(anonymous_1)
FNDA:0,(anonymous_2)
FNDA:0,(anonymous_3)
FNDA:0,(anonymous_4)
FNDA:0,(anonymous_5)
FNDA:0,(anonymous_6)
FNDA:0,(anonymous_7)
FNDA:0,(anonymous_8)
FNDA:0,(anonymous_9)
DA:1,0
DA:2,0
DA:3,0
DA:11,0
DA:12,0
DA:13,0
DA:15,0
DA:16,0
DA:17,0
DA:18,0
DA:21,0
DA:27,0
DA:29,0
DA:33,0
DA:42,0
DA:43,0
DA:44,0
DA:46,0
DA:48,0
DA:53,0
DA:62,0
DA:63,0
DA:64,0
DA:66,0
DA:71,0
DA:80,0
DA:81,0
DA:82,0
DA:84,0
DA:86,0
DA:92,0
DA:101,0
DA:102,0
DA:103,0
DA:105,0
DA:107,0
DA:112,0
DA:121,0
DA:122,0
DA:123,0
DA:125,0
DA:127,0
DA:132,0
DA:137,0
DA:138,0
DA:139,0
DA:141,0
DA:147,0
DA:152,0
DA:153,0
DA:154,0
DA:155,0
DA:156,0
DA:158,0
DA:159,0
DA:160,0
DA:162,0
DA:171,0
DA:172,0
DA:173,0
DA:175,0
DA:177,0
DA:182,0
DA:191,0
DA:192,0
DA:193,0
DA:194,0
DA:196,0
DA:197,0
DA:198,0
DA:199,0
DA:202,0
DA:204,0
DA:208,0
DA:213,0
LF:75
LH:0
BRDA:15,0,0,0
BRDA:15,0,1,0
BRDA:15,1,0,0
BRDA:15,1,1,0
BRDA:196,2,0,0
BRDA:196,2,1,0
BRF:6
BRH:0
end_of_record
TN:
SF:src\controllers\AuthController.js
FN:5,(anonymous_0)
FN:18,(anonymous_1)
FN:31,(anonymous_2)
FN:44,(anonymous_3)
FN:57,(anonymous_4)
FN:70,(anonymous_5)
FN:83,(anonymous_6)
FN:96,(anonymous_7)
FN:108,(anonymous_8)
FN:129,(anonymous_9)
FNF:10
FNH:0
FNDA:0,(anonymous_0)
FNDA:0,(anonymous_1)
FNDA:0,(anonymous_2)
FNDA:0,(anonymous_3)
FNDA:0,(anonymous_4)
FNDA:0,(anonymous_5)
FNDA:0,(anonymous_6)
FNDA:0,(anonymous_7)
FNDA:0,(anonymous_8)
FNDA:0,(anonymous_9)
DA:1,0
DA:2,0
DA:3,0
DA:5,0
DA:6,0
DA:7,0
DA:8,0
DA:11,0
DA:19,0
DA:20,0
DA:22,0
DA:27,0
DA:32,0
DA:33,0
DA:35,0
DA:40,0
DA:45,0
DA:46,0
DA:48,0
DA:53,0
DA:58,0
DA:59,0
DA:61,0
DA:66,0
DA:71,0
DA:72,0
DA:74,0
DA:79,0
DA:84,0
DA:85,0
DA:87,0
DA:92,0
DA:97,0
DA:98,0
DA:100,0
DA:104,0
DA:109,0
DA:110,0
DA:111,0
DA:116,0
DA:125,0
DA:130,0
DA:131,0
DA:132,0
DA:136,0
DA:147,0
DA:152,0
LF:47
LH:0
BRDA:7,0,0,0
BRDA:7,0,1,0
BRDA:11,1,0,0
BRDA:11,1,1,0
BRDA:11,1,2,0
BRDA:11,1,3,0
BRDA:132,2,0,0
BRDA:132,2,1,0
BRDA:139,3,0,0
BRDA:139,3,1,0
BRF:10
BRH:0
end_of_record
TN:
SF:src\controllers\CategoryController.js
FN:11,(anonymous_0)
FN:27,(anonymous_1)
FN:44,(anonymous_2)
FN:72,(anonymous_3)
FN:101,(anonymous_4)
FNF:5
FNH:0
FNDA:0,(anonymous_0)
FNDA:0,(anonymous_1)
FNDA:0,(anonymous_2)
FNDA:0,(anonymous_3)
FNDA:0,(anonymous_4)
DA:1,0
DA:2,0
DA:3,0
DA:4,0
DA:12,0
DA:13,0
DA:14,0
DA:19,0
DA:28,0
DA:29,0
DA:30,0
DA:31,0
DA:36,0
DA:45,0
DA:46,0
DA:50,0
DA:51,0
DA:52,0
DA:53,0
DA:54,0
DA:57,0
DA:59,0
DA:64,0
DA:73,0
DA:74,0
DA:78,0
DA:79,0
DA:80,0
DA:81,0
DA:82,0
DA:85,0
DA:86,0
DA:88,0
DA:93,0
DA:102,0
DA:103,0
DA:104,0
DA:106,0
DA:110,0
DA:115,0
LF:40
LH:0
BRDA:51,0,0,0
BRDA:51,0,1,0
BRDA:79,1,0,0
BRDA:79,1,1,0
BRF:4
BRH:0
end_of_record
TN:
SF:src\controllers\ChatController.js
FN:10,(anonymous_0)
FN:35,(anonymous_1)
FN:55,(anonymous_2)
FN:76,(anonymous_3)
FNF:4
FNH:0
FNDA:0,(anonymous_0)
FNDA:0,(anonymous_1)
FNDA:0,(anonymous_2)
FNDA:0,(anonymous_3)
DA:1,0
DA:2,0
DA:3,0
DA:11,0
DA:12,0
DA:13,0
DA:14,0
DA:16,0
DA:22,0
DA:27,0
DA:36,0
DA:37,0
DA:38,0
DA:40,0
DA:42,0
DA:47,0
DA:56,0
DA:57,0
DA:58,0
DA:59,0
DA:61,0
DA:63,0
DA:68,0
DA:77,0
DA:78,0
DA:79,0
DA:82,0
DA:84,0
DA:89,0
DA:94,0
LF:30
LH:0
BRF:0
BRH:0
end_of_record
TN:
SF:src\controllers\CompanyController.js
FN:10,(anonymous_0)
FN:28,(anonymous_1)
FN:45,(anonymous_2)
FN:71,(anonymous_3)
FN:97,(anonymous_4)
FN:115,(anonymous_5)
FN:128,(anonymous_6)
FN:147,(anonymous_7)
FNF:8
FNH:0
FNDA:0,(anonymous_0)
FNDA:0,(anonymous_1)
FNDA:0,(anonymous_2)
FNDA:0,(anonymous_3)
FNDA:0,(anonymous_4)
FNDA:0,(anonymous_5)
FNDA:0,(anonymous_6)
FNDA:0,(anonymous_7)
DA:1,0
DA:2,0
DA:3,0
DA:11,0
DA:12,0
DA:13,0
DA:15,0
DA:20,0
DA:29,0
DA:30,0
DA:31,0
DA:33,0
DA:37,0
DA:46,0
DA:47,0
DA:48,0
DA:50,0
DA:51,0
DA:52,0
DA:53,0
DA:56,0
DA:58,0
DA:63,0
DA:72,0
DA:73,0
DA:74,0
DA:76,0
DA:77,0
DA:78,0
DA:79,0
DA:82,0
DA:84,0
DA:89,0
DA:98,0
DA:99,0
DA:100,0
DA:102,0
DA:107,0
DA:116,0
DA:117,0
DA:119,0
DA:124,0
DA:129,0
DA:130,0
DA:131,0
DA:133,0
DA:139,0
DA:148,0
DA:149,0
DA:150,0
DA:152,0
DA:157,0
DA:162,0
LF:53
LH:0
BRDA:50,0,0,0
BRDA:50,0,1,0
BRDA:76,1,0,0
BRDA:76,1,1,0
BRF:4
BRH:0
end_of_record
TN:
SF:src\controllers\FollowController.js
FN:10,(anonymous_0)
FN:35,(anonymous_1)
FN:53,(anonymous_2)
FNF:3
FNH:0
FNDA:0,(anonymous_0)
FNDA:0,(anonymous_1)
FNDA:0,(anonymous_2)
DA:1,0
DA:2,0
DA:3,0
DA:11,0
DA:12,0
DA:13,0
DA:15,0
DA:16,0
DA:17,0
DA:18,0
DA:21,0
DA:23,0
DA:27,0
DA:36,0
DA:37,0
DA:38,0
DA:40,0
DA:45,0
DA:54,0
DA:55,0
DA:56,0
DA:58,0
DA:59,0
DA:60,0
DA:61,0
DA:64,0
DA:66,0
DA:70,0
DA:75,0
LF:29
LH:0
BRDA:15,0,0,0
BRDA:15,0,1,0
BRDA:58,1,0,0
BRDA:58,1,1,0
BRF:4
BRH:0
end_of_record
TN:
SF:src\controllers\InterviewController.js
FN:11,(anonymous_0)
FN:46,(anonymous_1)
FN:82,(anonymous_2)
FN:101,(anonymous_3)
FN:122,(anonymous_4)
FN:141,(anonymous_5)
FNF:6
FNH:0
FNDA:0,(anonymous_0)
FNDA:0,(anonymous_1)
FNDA:0,(anonymous_2)
FNDA:0,(anonymous_3)
FNDA:0,(anonymous_4)
FNDA:0,(anonymous_5)
DA:1,0
DA:2,0
DA:3,0
DA:4,0
DA:12,0
DA:14,0
DA:23,0
DA:24,0
DA:25,0
DA:26,0
DA:27,0
DA:30,0
DA:31,0
DA:33,0
DA:38,0
DA:47,0
DA:49,0
DA:57,0
DA:58,0
DA:59,0
DA:60,0
DA:61,0
DA:64,0
DA:65,0
DA:67,0
DA:69,0
DA:74,0
DA:83,0
DA:84,0
DA:85,0
DA:87,0
DA:89,0
DA:93,0
DA:102,0
DA:103,0
DA:104,0
DA:106,0
DA:108,0
DA:113,0
DA:123,0
DA:124,0
DA:126,0
DA:128,0
DA:133,0
DA:142,0
DA:143,0
DA:145,0
DA:147,0
DA:152,0
DA:157,0
LF:50
LH:0
BRDA:24,0,0,0
BRDA:24,0,1,0
BRDA:58,1,0,0
BRDA:58,1,1,0
BRF:4
BRH:0
end_of_record
TN:
SF:src\controllers\InterviewQuestionController.js
FN:7,(anonymous_0)
FNF:1
FNH:1
FNDA:3,(anonymous_0)
DA:1,1
DA:8,3
DA:10,3
DA:11,3
DA:12,3
DA:14,3
DA:16,1
DA:25,2
DA:26,2
DA:34,1
LF:10
LH:10
BRDA:11,0,0,3
BRDA:11,0,1,2
BRDA:26,1,0,2
BRDA:26,1,1,1
BRDA:28,2,0,2
BRDA:28,2,1,0
BRF:6
BRH:5
end_of_record
TN:
SF:src\controllers\JobController.js
FN:10,(anonymous_0)
FN:27,(anonymous_1)
FN:47,(anonymous_2)
FN:73,(anonymous_3)
FN:93,(anonymous_4)
FN:112,(anonymous_5)
FN:133,(anonymous_6)
FN:153,(anonymous_7)
FN:173,(anonymous_8)
FN:190,(anonymous_9)
FN:208,(anonymous_10)
FN:227,(anonymous_11)
FN:244,(anonymous_12)
FNF:13
FNH:0
FNDA:0,(anonymous_0)
FNDA:0,(anonymous_1)
FNDA:0,(anonymous_2)
FNDA:0,(anonymous_3)
FNDA:0,(anonymous_4)
FNDA:0,(anonymous_5)
FNDA:0,(anonymous_6)
FNDA:0,(anonymous_7)
FNDA:0,(anonymous_8)
FNDA:0,(anonymous_9)
FNDA:0,(anonymous_10)
FNDA:0,(anonymous_11)
FNDA:0,(anonymous_12)
DA:1,0
DA:2,0
DA:3,0
DA:11,0
DA:12,0
DA:14,0
DA:19,0
DA:28,0
DA:29,0
DA:30,0
DA:32,0
DA:34,0
DA:39,0
DA:48,0
DA:49,0
DA:50,0
DA:52,0
DA:54,0
DA:56,0
DA:66,0
DA:74,0
DA:75,0
DA:76,0
DA:77,0
DA:79,0
DA:81,0
DA:86,0
DA:94,0
DA:95,0
DA:96,0
DA:98,0
DA:100,0
DA:104,0
DA:113,0
DA:114,0
DA:115,0
DA:116,0
DA:118,0
DA:120,0
DA:125,0
DA:134,0
DA:135,0
DA:136,0
DA:138,0
DA:140,0
DA:145,0
DA:154,0
DA:155,0
DA:156,0
DA:158,0
DA:160,0
DA:165,0
DA:174,0
DA:175,0
DA:177,0
DA:182,0
DA:191,0
DA:192,0
DA:194,0
DA:196,0
DA:200,0
DA:209,0
DA:210,0
DA:211,0
DA:213,0
DA:215,0
DA:219,0
DA:228,0
DA:229,0
DA:231,0
DA:236,0
DA:245,0
DA:247,0
DA:249,0
DA:251,0
DA:256,0
DA:261,0
LF:77
LH:0
BRDA:30,0,0,0
BRDA:30,0,1,0
BRDA:50,1,0,0
BRDA:50,1,1,0
BRDA:50,1,2,0
BRDA:52,2,0,0
BRDA:52,2,1,0
BRF:7
BRH:0
end_of_record
TN:
SF:src\controllers\LevelController.js
FN:11,(anonymous_0)
FN:29,(anonymous_1)
FN:48,(anonymous_2)
FN:66,(anonymous_3)
FN:85,(anonymous_4)
FNF:5
FNH:0
FNDA:0,(anonymous_0)
FNDA:0,(anonymous_1)
FNDA:0,(anonymous_2)
FNDA:0,(anonymous_3)
FNDA:0,(anonymous_4)
DA:1,0
DA:2,0
DA:3,0
DA:12,0
DA:13,0
DA:15,0
DA:20,0
DA:30,0
DA:31,0
DA:32,0
DA:34,0
DA:39,0
DA:49,0
DA:50,0
DA:52,0
DA:57,0
DA:67,0
DA:68,0
DA:69,0
DA:71,0
DA:76,0
DA:86,0
DA:87,0
DA:88,0
DA:90,0
DA:94,0
DA:99,0
LF:27
LH:0
BRF:0
BRH:0
end_of_record
TN:
SF:src\controllers\LocationController.js
FN:11,(anonymous_0)
FN:27,(anonymous_1)
FN:55,(anonymous_2)
FN:84,(anonymous_3)
FNF:4
FNH:0
FNDA:0,(anonymous_0)
FNDA:0,(anonymous_1)
FNDA:0,(anonymous_2)
FNDA:0,(anonymous_3)
DA:1,0
DA:2,0
DA:3,0
DA:4,0
DA:12,0
DA:13,0
DA:14,0
DA:19,0
DA:28,0
DA:29,0
DA:33,0
DA:34,0
DA:35,0
DA:36,0
DA:37,0
DA:40,0
DA:42,0
DA:47,0
DA:56,0
DA:57,0
DA:61,0
DA:62,0
DA:63,0
DA:64,0
DA:65,0
DA:68,0
DA:69,0
DA:71,0
DA:76,0
DA:85,0
DA:86,0
DA:87,0
DA:89,0
DA:93,0
DA:98,0
LF:35
LH:0
BRDA:34,0,0,0
BRDA:34,0,1,0
BRDA:62,1,0,0
BRDA:62,1,1,0
BRF:4
BRH:0
end_of_record
TN:
SF:src\controllers\NotificationController.js
FN:10,(anonymous_0)
FN:28,(anonymous_1)
FN:46,(anonymous_2)
FN:63,(anonymous_3)
FNF:4
FNH:0
FNDA:0,(anonymous_0)
FNDA:0,(anonymous_1)
FNDA:0,(anonymous_2)
FNDA:0,(anonymous_3)
DA:1,0
DA:2,0
DA:3,0
DA:11,0
DA:12,0
DA:13,0
DA:15,0
DA:20,0
DA:29,0
DA:30,0
DA:31,0
DA:32,0
DA:34,0
DA:38,0
DA:47,0
DA:48,0
DA:49,0
DA:51,0
DA:55,0
DA:64,0
DA:65,0
DA:66,0
DA:68,0
DA:73,0
DA:78,0
LF:25
LH:0
BRF:0
BRH:0
end_of_record
TN:
SF:src\controllers\PaymentController.js
FN:11,(anonymous_0)
FN:29,(anonymous_1)
FN:55,(anonymous_2)
FN:72,(anonymous_3)
FNF:4
FNH:0
FNDA:0,(anonymous_0)
FNDA:0,(anonymous_1)
FNDA:0,(anonymous_2)
FNDA:0,(anonymous_3)
DA:1,0
DA:2,0
DA:3,0
DA:4,0
DA:12,0
DA:13,0
DA:14,0
DA:16,0
DA:21,0
DA:30,0
DA:31,0
DA:33,0
DA:34,0
DA:35,0
DA:36,0
DA:37,0
DA:39,0
DA:41,0
DA:42,0
DA:45,0
DA:46,0
DA:47,0
DA:56,0
DA:57,0
DA:58,0
DA:59,0
DA:61,0
DA:64,0
DA:73,0
DA:74,0
DA:75,0
DA:76,0
DA:81,0
DA:87,0
DA:92,0
DA:97,0
LF:36
LH:0
BRDA:33,0,0,0
BRDA:33,0,1,0
BRDA:34,1,0,0
BRDA:34,1,1,0
BRDA:35,2,0,0
BRDA:35,2,1,0
BRDA:41,3,0,0
BRDA:41,3,1,0
BRDA:46,4,0,0
BRDA:46,4,1,0
BRDA:58,5,0,0
BRDA:58,5,1,0
BRDA:76,6,0,0
BRDA:76,6,1,0
BRDA:76,6,2,0
BRDA:76,6,3,0
BRF:16
BRH:0
end_of_record
TN:
SF:src\controllers\ResumeController.js
FN:10,(anonymous_0)
FN:36,(anonymous_1)
FN:55,(anonymous_2)
FN:74,(anonymous_3)
FN:94,(anonymous_4)
FN:120,(anonymous_5)
FNF:6
FNH:0
FNDA:0,(anonymous_0)
FNDA:0,(anonymous_1)
FNDA:0,(anonymous_2)
FNDA:0,(anonymous_3)
FNDA:0,(anonymous_4)
FNDA:0,(anonymous_5)
DA:1,0
DA:2,0
DA:3,0
DA:11,0
DA:12,0
DA:13,0
DA:15,0
DA:16,0
DA:17,0
DA:18,0
DA:21,0
DA:23,0
DA:28,0
DA:37,0
DA:38,0
DA:39,0
DA:41,0
DA:43,0
DA:47,0
DA:56,0
DA:57,0
DA:59,0
DA:61,0
DA:66,0
DA:75,0
DA:76,0
DA:77,0
DA:79,0
DA:81,0
DA:86,0
DA:95,0
DA:96,0
DA:97,0
DA:98,0
DA:100,0
DA:101,0
DA:102,0
DA:103,0
DA:106,0
DA:108,0
DA:113,0
DA:121,0
DA:122,0
DA:123,0
DA:125,0
DA:127,0
DA:131,0
DA:136,0
LF:48
LH:0
BRDA:15,0,0,0
BRDA:15,0,1,0
BRDA:100,1,0,0
BRDA:100,1,1,0
BRF:4
BRH:0
end_of_record
TN:
SF:src\controllers\SavedJobController.js
FN:10,(anonymous_0)
FN:35,(anonymous_1)
FN:53,(anonymous_2)
FNF:3
FNH:0
FNDA:0,(anonymous_0)
FNDA:0,(anonymous_1)
FNDA:0,(anonymous_2)
DA:1,0
DA:2,0
DA:3,0
DA:11,0
DA:12,0
DA:13,0
DA:15,0
DA:16,0
DA:17,0
DA:18,0
DA:21,0
DA:23,0
DA:27,0
DA:36,0
DA:37,0
DA:38,0
DA:40,0
DA:45,0
DA:54,0
DA:55,0
DA:56,0
DA:58,0
DA:59,0
DA:60,0
DA:61,0
DA:64,0
DA:66,0
DA:70,0
DA:75,0
LF:29
LH:0
BRDA:15,0,0,0
BRDA:15,0,1,0
BRDA:58,1,0,0
BRDA:58,1,1,0
BRF:4
BRH:0
end_of_record
TN:
SF:src\controllers\SkillController.js
FN:11,(anonymous_0)
FN:27,(anonymous_1)
FN:55,(anonymous_2)
FN:84,(anonymous_3)
FNF:4
FNH:0
FNDA:0,(anonymous_0)
FNDA:0,(anonymous_1)
FNDA:0,(anonymous_2)
FNDA:0,(anonymous_3)
DA:1,0
DA:2,0
DA:3,0
DA:4,0
DA:12,0
DA:13,0
DA:14,0
DA:19,0
DA:28,0
DA:29,0
DA:33,0
DA:34,0
DA:35,0
DA:36,0
DA:37,0
DA:40,0
DA:42,0
DA:47,0
DA:56,0
DA:57,0
DA:61,0
DA:62,0
DA:63,0
DA:64,0
DA:65,0
DA:68,0
DA:69,0
DA:71,0
DA:76,0
DA:85,0
DA:86,0
DA:87,0
DA:89,0
DA:93,0
DA:98,0
LF:35
LH:0
BRDA:34,0,0,0
BRDA:34,0,1,0
BRDA:62,1,0,0
BRDA:62,1,1,0
BRF:4
BRH:0
end_of_record
TN:
SF:src\controllers\UserController.js
FN:10,(anonymous_0)
FN:28,(anonymous_1)
FN:46,(anonymous_2)
FN:63,(anonymous_3)
FN:89,(anonymous_4)
FN:107,(anonymous_5)
FN:125,(anonymous_6)
FN:143,(anonymous_7)
FN:160,(anonymous_8)
FN:176,(anonymous_9)
FN:193,(anonymous_10)
FNF:11
FNH:0
FNDA:0,(anonymous_0)
FNDA:0,(anonymous_1)
FNDA:0,(anonymous_2)
FNDA:0,(anonymous_3)
FNDA:0,(anonymous_4)
FNDA:0,(anonymous_5)
FNDA:0,(anonymous_6)
FNDA:0,(anonymous_7)
FNDA:0,(anonymous_8)
FNDA:0,(anonymous_9)
FNDA:0,(anonymous_10)
DA:1,0
DA:2,0
DA:3,0
DA:11,0
DA:12,0
DA:13,0
DA:15,0
DA:20,0
DA:29,0
DA:30,0
DA:31,0
DA:33,0
DA:38,0
DA:47,0
DA:48,0
DA:49,0
DA:51,0
DA:55,0
DA:64,0
DA:65,0
DA:66,0
DA:67,0
DA:68,0
DA:71,0
DA:72,0
DA:74,0
DA:81,0
DA:90,0
DA:91,0
DA:92,0
DA:94,0
DA:99,0
DA:108,0
DA:109,0
DA:110,0
DA:111,0
DA:113,0
DA:117,0
DA:126,0
DA:127,0
DA:128,0
DA:129,0
DA:131,0
DA:135,0
DA:144,0
DA:145,0
DA:146,0
DA:148,0
DA:152,0
DA:161,0
DA:162,0
DA:163,0
DA:168,0
DA:177,0
DA:178,0
DA:179,0
DA:180,0
DA:185,0
DA:194,0
DA:195,0
DA:196,0
DA:197,0
DA:198,0
DA:202,0
DA:207,0
LF:65
LH:0
BRDA:65,0,0,0
BRDA:65,0,1,0
BRF:2
BRH:0
end_of_record
TN:
SF:src\middleware\authMiddleware.js
FN:10,(anonymous_0)
FN:65,(anonymous_1)
FN:104,(anonymous_2)
FN:105,(anonymous_3)
FN:132,(anonymous_4)
FNF:5
FNH:0
FNDA:0,(anonymous_0)
FNDA:0,(anonymous_1)
FNDA:0,(anonymous_2)
FNDA:0,(anonymous_3)
FNDA:0,(anonymous_4)
DA:1,0
DA:2,0
DA:3,0
DA:4,0
DA:10,0
DA:11,0
DA:12,0
DA:14,0
DA:15,0
DA:16,0
DA:17,0
DA:20,0
DA:24,0
DA:25,0
DA:26,0
DA:27,0
DA:30,0
DA:32,0
DA:40,0
DA:41,0
DA:42,0
DA:43,0
DA:46,0
DA:53,0
DA:55,0
DA:56,0
DA:58,0
DA:59,0
DA:60,0
DA:65,0
DA:66,0
DA:67,0
DA:68,0
DA:70,0
DA:74,0
DA:76,0
DA:77,0
DA:85,0
DA:86,0
DA:93,0
DA:96,0
DA:104,0
DA:105,0
DA:106,0
DA:107,0
DA:108,0
DA:109,0
DA:113,0
DA:123,0
DA:125,0
DA:126,0
DA:127,0
DA:128,0
DA:132,0
DA:134,0
DA:135,0
DA:136,0
DA:137,0
DA:140,0
DA:144,0
LF:60
LH:0
BRDA:14,0,0,0
BRDA:14,0,1,0
BRDA:20,1,0,0
BRDA:20,1,1,0
BRDA:24,2,0,0
BRDA:24,2,1,0
BRDA:40,3,0,0
BRDA:40,3,1,0
BRDA:49,4,0,0
BRDA:49,4,1,0
BRDA:55,5,0,0
BRDA:55,5,1,0
BRDA:68,6,0,0
BRDA:68,6,1,0
BRDA:70,7,0,0
BRDA:70,7,1,0
BRDA:74,8,0,0
BRDA:74,8,1,0
BRDA:85,9,0,0
BRDA:85,9,1,0
BRDA:89,10,0,0
BRDA:89,10,1,0
BRDA:104,11,0,0
BRDA:106,12,0,0
BRDA:106,12,1,0
BRDA:113,13,0,0
BRDA:113,13,1,0
BRDA:125,14,0,0
BRDA:125,14,1,0
BRDA:134,15,0,0
BRDA:134,15,1,0
BRF:31
BRH:0
end_of_record
TN:
SF:src\middleware\uploadMiddleware.js
FN:8,(anonymous_0)
FN:18,(anonymous_1)
FN:40,(anonymous_2)
FNF:3
FNH:0
FNDA:0,(anonymous_0)
FNDA:0,(anonymous_1)
FNDA:0,(anonymous_2)
DA:1,0
DA:2,0
DA:5,0
DA:8,0
DA:9,0
DA:10,0
DA:11,0
DA:13,0
DA:18,0
DA:19,0
DA:20,0
DA:22,0
DA:27,0
DA:33,0
DA:40,0
DA:42,0
DA:43,0
DA:44,0
DA:54,0
DA:56,0
DA:58,0
DA:66,0
DA:70,0
LF:23
LH:0
BRDA:10,0,0,0
BRDA:10,0,1,0
BRDA:19,1,0,0
BRDA:19,1,1,0
BRDA:42,2,0,0
BRDA:42,2,1,0
BRDA:43,3,0,0
BRDA:43,3,1,0
BRDA:54,4,0,0
BRDA:54,4,1,0
BRDA:56,5,0,0
BRDA:56,5,1,0
BRF:12
BRH:0
end_of_record
TN:
SF:src\models\Application.js
FNF:0
FNH:0
DA:1,4
DA:2,4
DA:4,4
DA:46,4
LF:4
LH:4
BRF:0
BRH:0
end_of_record
TN:
SF:src\models\Category.js
FNF:0
FNH:0
DA:1,4
DA:2,4
DA:4,4
DA:29,4
LF:4
LH:4
BRF:0
BRH:0
end_of_record
TN:
SF:src\models\Company.js
FNF:0
FNH:0
DA:1,4
DA:2,4
DA:4,4
DA:70,4
LF:4
LH:4
BRF:0
BRH:0
end_of_record
TN:
SF:src\models\Conversation.js
FNF:0
FNH:0
DA:1,4
DA:2,4
DA:4,4
DA:33,4
LF:4
LH:4
BRF:0
BRH:0
end_of_record
TN:
SF:src\models\Follow.js
FNF:0
FNH:0
DA:1,4
DA:2,4
DA:4,4
DA:23,4
LF:4
LH:4
BRF:0
BRH:0
end_of_record
TN:
SF:src\models\Interview.js
FNF:0
FNH:0
DA:1,4
DA:2,4
DA:4,4
DA:52,4
LF:4
LH:4
BRF:0
BRH:0
end_of_record
TN:
SF:src\models\InterviewQuestion.js
FNF:0
FNH:0
DA:1,4
DA:2,4
DA:4,4
DA:38,4
LF:4
LH:4
BRF:0
BRH:0
end_of_record
TN:
SF:src\models\JobPost.js
FNF:0
FNH:0
DA:1,4
DA:2,4
DA:4,4
DA:80,4
LF:4
LH:4
BRF:0
BRH:0
end_of_record
TN:
SF:src\models\JobSkill.js
FNF:0
FNH:0
DA:1,4
DA:2,4
DA:4,4
DA:21,4
LF:4
LH:4
BRF:0
BRH:0
end_of_record
TN:
SF:src\models\Level.js
FNF:0
FNH:0
DA:1,4
DA:2,4
DA:4,4
DA:23,4
LF:4
LH:4
BRF:0
BRH:0
end_of_record
TN:
SF:src\models\Location.js
FNF:0
FNH:0
DA:1,4
DA:2,4
DA:4,4
DA:24,4
LF:4
LH:4
BRF:0
BRH:0
end_of_record
TN:
SF:src\models\Message.js
FNF:0
FNH:0
DA:1,4
DA:2,4
DA:4,4
DA:43,4
LF:4
LH:4
BRF:0
BRH:0
end_of_record
TN:
SF:src\models\Notification.js
FNF:0
FNH:0
DA:1,4
DA:2,4
DA:4,4
DA:41,4
LF:4
LH:4
BRF:0
BRH:0
end_of_record
TN:
SF:src\models\Otp.js
FNF:0
FNH:0
DA:1,4
DA:2,4
DA:4,4
DA:42,4
LF:4
LH:4
BRF:0
BRH:0
end_of_record
TN:
SF:src\models\Resume.js
FNF:0
FNH:0
DA:1,4
DA:2,4
DA:4,4
DA:44,4
LF:4
LH:4
BRF:0
BRH:0
end_of_record
TN:
SF:src\models\Role.js
FNF:0
FNH:0
DA:1,4
DA:2,4
DA:4,4
DA:23,4
LF:4
LH:4
BRF:0
BRH:0
end_of_record
TN:
SF:src\models\SavedJob.js
FNF:0
FNH:0
DA:1,4
DA:2,4
DA:4,4
DA:23,4
LF:4
LH:4
BRF:0
BRH:0
end_of_record
TN:
SF:src\models\Skill.js
FNF:0
FNH:0
DA:1,4
DA:2,4
DA:4,4
DA:24,4
LF:4
LH:4
BRF:0
BRH:0
end_of_record
TN:
SF:src\models\Transaction.js
FNF:0
FNH:0
DA:1,4
DA:2,4
DA:8,4
DA:10,4
DA:54,4
LF:5
LH:5
BRF:0
BRH:0
end_of_record
TN:
SF:src\models\User.js
FNF:0
FNH:0
DA:1,4
DA:2,4
DA:4,4
DA:70,4
LF:4
LH:4
BRF:0
BRH:0
end_of_record
TN:
SF:src\models\UserSkill.js
FNF:0
FNH:0
DA:1,4
DA:2,4
DA:4,4
DA:21,4
LF:4
LH:4
BRF:0
BRH:0
end_of_record
TN:
SF:src\repositories\ApplicationRepository.js
FN:6,(anonymous_0)
FN:10,(anonymous_1)
FN:30,(anonymous_2)
FN:63,(anonymous_3)
FN:67,(anonymous_4)
FN:82,(anonymous_5)
FN:98,(anonymous_6)
FN:106,(anonymous_7)
FN:127,(anonymous_8)
FN:166,(anonymous_9)
FN:223,(anonymous_10)
FN:254,(anonymous_11)
FN:271,(anonymous_12)
FN:275,(anonymous_13)
FNF:14
FNH:1
FNDA:2,(anonymous_0)
FNDA:0,(anonymous_1)
FNDA:0,(anonymous_2)
FNDA:0,(anonymous_3)
FNDA:0,(anonymous_4)
FNDA:0,(anonymous_5)
FNDA:0,(anonymous_6)
FNDA:0,(anonymous_7)
FNDA:0,(anonymous_8)
FNDA:0,(anonymous_9)
FNDA:0,(anonymous_10)
FNDA:0,(anonymous_11)
FNDA:0,(anonymous_12)
FNDA:0,(anonymous_13)
DA:1,2
DA:2,2
DA:3,2
DA:7,2
DA:11,0
DA:12,0
DA:31,0
DA:33,0
DA:64,0
DA:68,0
DA:69,0
DA:83,0
DA:84,0
DA:99,0
DA:100,0
DA:101,0
DA:103,0
DA:107,0
DA:128,0
DA:130,0
DA:131,0
DA:132,0
DA:135,0
DA:167,0
DA:169,0
DA:170,0
DA:171,0
DA:174,0
DA:175,0
DA:176,0
DA:179,0
DA:187,0
DA:188,0
DA:189,0
DA:192,0
DA:224,0
DA:226,0
DA:255,0
DA:272,0
DA:276,0
DA:277,0
DA:303,2
LF:42
LH:5
BRDA:10,0,0,0
BRDA:30,1,0,0
BRDA:63,2,0,0
BRDA:98,3,0,0
BRDA:100,4,0,0
BRDA:100,4,1,0
BRDA:131,5,0,0
BRDA:131,5,1,0
BRDA:170,6,0,0
BRDA:170,6,1,0
BRDA:175,7,0,0
BRDA:175,7,1,0
BRDA:187,8,0,0
BRDA:187,8,1,0
BRDA:187,9,0,0
BRDA:187,9,1,0
BRF:16
BRH:0
end_of_record
TN:
SF:src\repositories\BaseRepository.js
FN:2,(anonymous_0)
FN:6,(anonymous_1)
FN:13,(anonymous_2)
FN:17,(anonymous_3)
FN:24,(anonymous_4)
FN:31,(anonymous_5)
FN:38,(anonymous_6)
FN:49,(anonymous_7)
FN:58,(anonymous_8)
FN:62,(anonymous_9)
FN:66,(anonymous_10)
FNF:11
FNH:2
FNDA:7,(anonymous_0)
FNDA:0,(anonymous_1)
FNDA:0,(anonymous_2)
FNDA:0,(anonymous_3)
FNDA:1,(anonymous_4)
FNDA:0,(anonymous_5)
FNDA:0,(anonymous_6)
FNDA:0,(anonymous_7)
FNDA:0,(anonymous_8)
FNDA:0,(anonymous_9)
FNDA:0,(anonymous_10)
DA:3,7
DA:7,0
DA:8,0
DA:10,0
DA:14,0
DA:18,0
DA:25,1
DA:32,0
DA:39,0
DA:40,0
DA:41,0
DA:43,0
DA:44,0
DA:46,0
DA:50,0
DA:51,0
DA:52,0
DA:54,0
DA:55,0
DA:59,0
DA:63,0
DA:67,0
DA:71,5
LF:23
LH:3
BRDA:6,0,0,0
BRDA:7,1,0,0
BRDA:7,1,1,0
BRDA:13,2,0,0
BRDA:17,3,0,0
BRDA:24,4,0,0
BRDA:24,5,0,0
BRDA:31,6,0,0
BRDA:31,7,0,0
BRDA:38,8,0,0
BRDA:40,9,0,0
BRDA:40,9,1,0
BRDA:43,10,0,0
BRDA:43,10,1,0
BRDA:51,11,0,0
BRDA:51,11,1,0
BRDA:62,12,0,0
BRF:17
BRH:0
end_of_record
TN:
SF:src\repositories\CategoryRepository.js
FN:5,(anonymous_0)
FN:9,(anonymous_1)
FN:13,(anonymous_2)
FN:17,(anonymous_3)
FNF:4
FNH:0
FNDA:0,(anonymous_0)
FNDA:0,(anonymous_1)
FNDA:0,(anonymous_2)
FNDA:0,(anonymous_3)
DA:1,0
DA:2,0
DA:6,0
DA:10,0
DA:14,0
DA:18,0
DA:22,0
LF:7
LH:0
BRDA:13,0,0,0
BRF:1
BRH:0
end_of_record
TN:
SF:src\repositories\CompanyRepository.js
FN:6,(anonymous_0)
FN:10,(anonymous_1)
FN:14,(anonymous_2)
FN:18,(anonymous_3)
FN:25,(anonymous_4)
FN:29,(anonymous_5)
FN:33,(anonymous_6)
FN:44,(anonymous_7)
FNF:8
FNH:1
FNDA:2,(anonymous_0)
FNDA:0,(anonymous_1)
FNDA:0,(anonymous_2)
FNDA:0,(anonymous_3)
FNDA:0,(anonymous_4)
FNDA:0,(anonymous_5)
FNDA:0,(anonymous_6)
FNDA:0,(anonymous_7)
DA:1,2
DA:2,2
DA:3,2
DA:7,2
DA:11,0
DA:15,0
DA:19,0
DA:26,0
DA:30,0
DA:34,0
DA:45,0
DA:46,0
DA:48,0
DA:53,0
DA:54,0
DA:57,0
DA:76,2
LF:17
LH:5
BRDA:14,0,0,0
BRDA:18,1,0,0
BRDA:25,2,0,0
BRDA:29,3,0,0
BRDA:53,4,0,0
BRDA:53,4,1,0
BRF:6
BRH:0
end_of_record
TN:
SF:src\repositories\ConversationRepository.js
FN:5,(anonymous_0)
FN:10,(anonymous_1)
FN:21,(anonymous_2)
FN:39,(anonymous_3)
FN:55,(anonymous_4)
FN:75,(anonymous_5)
FN:92,(anonymous_6)
FNF:7
FNH:0
FNDA:0,(anonymous_0)
FNDA:0,(anonymous_1)
FNDA:0,(anonymous_2)
FNDA:0,(anonymous_3)
FNDA:0,(anonymous_4)
FNDA:0,(anonymous_5)
FNDA:0,(anonymous_6)
DA:1,0
DA:2,0
DA:6,0
DA:11,0
DA:22,0
DA:40,0
DA:56,0
DA:76,0
DA:93,0
DA:97,0
LF:10
LH:0
BRDA:21,0,0,0
BRDA:39,1,0,0
BRDA:55,2,0,0
BRF:3
BRH:0
end_of_record
TN:
SF:src\repositories\FollowRepository.js
FN:5,(anonymous_0)
FN:9,(anonymous_1)
FN:25,(anonymous_2)
FN:29,(anonymous_3)
FN:33,(anonymous_4)
FN:37,(anonymous_5)
FNF:6
FNH:0
FNDA:0,(anonymous_0)
FNDA:0,(anonymous_1)
FNDA:0,(anonymous_2)
FNDA:0,(anonymous_3)
FNDA:0,(anonymous_4)
FNDA:0,(anonymous_5)
DA:1,0
DA:2,0
DA:6,0
DA:10,0
DA:12,0
DA:26,0
DA:30,0
DA:34,0
DA:38,0
DA:42,0
LF:10
LH:0
BRDA:9,0,0,0
BRDA:25,1,0,0
BRF:2
BRH:0
end_of_record
TN:
SF:src\repositories\InterviewQuestionRepository.js
FN:5,(anonymous_0)
FN:9,(anonymous_1)
FN:16,(anonymous_2)
FN:20,(anonymous_3)
FNF:4
FNH:4
FNDA:3,(anonymous_0)
FNDA:1,(anonymous_1)
FNDA:1,(anonymous_2)
FNDA:1,(anonymous_3)
DA:1,3
DA:2,3
DA:6,3
DA:10,1
DA:17,1
DA:21,1
DA:27,3
LF:7
LH:7
BRDA:9,0,0,0
BRDA:16,1,0,0
BRF:2
BRH:0
end_of_record
TN:
SF:src\repositories\InterviewRepository.js
FN:6,(anonymous_0)
FN:10,(anonymous_1)
FN:14,(anonymous_2)
FN:22,(anonymous_3)
FN:26,(anonymous_4)
FN:30,(anonymous_5)
FN:64,(anonymous_6)
FNF:7
FNH:0
FNDA:0,(anonymous_0)
FNDA:0,(anonymous_1)
FNDA:0,(anonymous_2)
FNDA:0,(anonymous_3)
FNDA:0,(anonymous_4)
FNDA:0,(anonymous_5)
FNDA:0,(anonymous_6)
DA:1,0
DA:2,0
DA:3,0
DA:7,0
DA:11,0
DA:15,0
DA:23,0
DA:27,0
DA:31,0
DA:33,0
DA:65,0
DA:67,0
DA:100,0
LF:13
LH:0
BRDA:14,0,0,0
BRDA:22,1,0,0
BRDA:30,2,0,0
BRDA:64,3,0,0
BRF:4
BRH:0
end_of_record
TN:
SF:src\repositories\JobPostRepository.js
FN:6,(anonymous_0)
FN:10,(anonymous_1)
FN:21,(anonymous_2)
FN:25,(anonymous_3)
FN:29,(anonymous_4)
FN:63,(anonymous_5)
FN:71,(anonymous_6)
FN:79,(anonymous_7)
FN:87,(anonymous_8)
FN:99,(anonymous_9)
FNF:10
FNH:0
FNDA:0,(anonymous_0)
FNDA:0,(anonymous_1)
FNDA:0,(anonymous_2)
FNDA:0,(anonymous_3)
FNDA:0,(anonymous_4)
FNDA:0,(anonymous_5)
FNDA:0,(anonymous_6)
FNDA:0,(anonymous_7)
FNDA:0,(anonymous_8)
FNDA:0,(anonymous_9)
DA:1,0
DA:2,0
DA:3,0
DA:7,0
DA:11,0
DA:12,0
DA:13,0
DA:15,0
DA:22,0
DA:26,0
DA:30,0
DA:35,0
DA:36,0
DA:38,0
DA:39,0
DA:41,0
DA:42,0
DA:45,0
DA:64,0
DA:65,0
DA:66,0
DA:68,0
DA:72,0
DA:73,0
DA:74,0
DA:76,0
DA:80,0
DA:88,0
DA:100,0
DA:102,0
DA:103,0
DA:104,0
DA:106,0
DA:120,0
LF:34
LH:0
BRDA:10,0,0,0
BRDA:10,1,0,0
BRDA:12,2,0,0
BRDA:12,2,1,0
BRDA:25,3,0,0
BRDA:29,4,0,0
BRDA:29,5,0,0
BRDA:35,6,0,0
BRDA:35,6,1,0
BRDA:38,7,0,0
BRDA:38,7,1,0
BRDA:41,8,0,0
BRDA:41,8,1,0
BRDA:63,9,0,0
BRDA:65,10,0,0
BRDA:65,10,1,0
BRDA:73,11,0,0
BRDA:73,11,1,0
BRDA:79,12,0,0
BRDA:99,13,0,0
BRDA:99,14,0,0
BRDA:102,15,0,0
BRDA:102,15,1,0
BRDA:103,16,0,0
BRDA:103,16,1,0
BRDA:104,17,0,0
BRDA:104,17,1,0
BRF:27
BRH:0
end_of_record
TN:
SF:src\repositories\JobSkillRepository.js
FN:5,(anonymous_0)
FN:9,(anonymous_1)
FN:13,(anonymous_2)
FN:17,(anonymous_3)
FN:18,(anonymous_4)
FN:22,(anonymous_5)
FNF:6
FNH:0
FNDA:0,(anonymous_0)
FNDA:0,(anonymous_1)
FNDA:0,(anonymous_2)
FNDA:0,(anonymous_3)
FNDA:0,(anonymous_4)
FNDA:0,(anonymous_5)
DA:1,0
DA:2,0
DA:6,0
DA:10,0
DA:14,0
DA:18,0
DA:19,0
DA:23,0
DA:27,0
LF:9
LH:0
BRF:0
BRH:0
end_of_record
TN:
SF:src\repositories\LevelRepository.js
FN:5,(anonymous_0)
FN:15,(anonymous_1)
FN:25,(anonymous_2)
FNF:3
FNH:0
FNDA:0,(anonymous_0)
FNDA:0,(anonymous_1)
FNDA:0,(anonymous_2)
DA:1,0
DA:2,0
DA:6,0
DA:16,0
DA:26,0
DA:33,0
LF:6
LH:0
BRDA:25,0,0,0
BRF:1
BRH:0
end_of_record
TN:
SF:src\repositories\LocationRepository.js
FN:5,(anonymous_0)
FN:9,(anonymous_1)
FN:13,(anonymous_2)
FNF:3
FNH:0
FNDA:0,(anonymous_0)
FNDA:0,(anonymous_1)
FNDA:0,(anonymous_2)
DA:1,0
DA:2,0
DA:6,0
DA:10,0
DA:14,0
DA:18,0
LF:6
LH:0
BRDA:13,0,0,0
BRF:1
BRH:0
end_of_record
TN:
SF:src\repositories\MessageRepository.js
FN:5,(anonymous_0)
FN:9,(anonymous_1)
FNF:2
FNH:0
FNDA:0,(anonymous_0)
FNDA:0,(anonymous_1)
DA:1,0
DA:2,0
DA:6,0
DA:10,0
DA:20,0
LF:5
LH:0
BRDA:9,0,0,0
BRF:1
BRH:0
end_of_record
TN:
SF:src\repositories\NotificationRepository.js
FN:5,(anonymous_0)
FN:9,(anonymous_1)
FN:13,(anonymous_2)
FN:17,(anonymous_3)
FN:21,(anonymous_4)
FN:25,(anonymous_5)
FNF:6
FNH:0
FNDA:0,(anonymous_0)
FNDA:0,(anonymous_1)
FNDA:0,(anonymous_2)
FNDA:0,(anonymous_3)
FNDA:0,(anonymous_4)
FNDA:0,(anonymous_5)
DA:1,0
DA:2,0
DA:6,0
DA:10,0
DA:14,0
DA:18,0
DA:22,0
DA:26,0
DA:33,0
LF:9
LH:0
BRDA:9,0,0,0
BRDA:13,1,0,0
BRF:2
BRH:0
end_of_record
TN:
SF:src\repositories\OtpRepository.js
FN:6,(anonymous_0)
FN:10,(anonymous_1)
FN:17,(anonymous_2)
FN:27,(anonymous_3)
FN:31,(anonymous_4)
FNF:5
FNH:0
FNDA:0,(anonymous_0)
FNDA:0,(anonymous_1)
FNDA:0,(anonymous_2)
FNDA:0,(anonymous_3)
FNDA:0,(anonymous_4)
DA:1,0
DA:2,0
DA:3,0
DA:7,0
DA:11,0
DA:18,0
DA:28,0
DA:32,0
DA:40,0
LF:9
LH:0
BRF:0
BRH:0
end_of_record
TN:
SF:src\repositories\ResumeRepository.js
FN:5,(anonymous_0)
FN:9,(anonymous_1)
FN:13,(anonymous_2)
FN:17,(anonymous_3)
FN:25,(anonymous_4)
FN:29,(anonymous_5)
FNF:6
FNH:0
FNDA:0,(anonymous_0)
FNDA:0,(anonymous_1)
FNDA:0,(anonymous_2)
FNDA:0,(anonymous_3)
FNDA:0,(anonymous_4)
FNDA:0,(anonymous_5)
DA:1,0
DA:2,0
DA:6,0
DA:10,0
DA:14,0
DA:18,0
DA:22,0
DA:26,0
DA:30,0
DA:31,0
DA:32,0
DA:34,0
DA:35,0
DA:37,0
DA:47,0
LF:15
LH:0
BRDA:9,0,0,0
BRF:1
BRH:0
end_of_record
TN:
SF:src\repositories\RoleRepository.js
FN:5,(anonymous_0)
FN:9,(anonymous_1)
FNF:2
FNH:0
FNDA:0,(anonymous_0)
FNDA:0,(anonymous_1)
DA:1,0
DA:2,0
DA:6,0
DA:10,0
DA:14,0
LF:5
LH:0
BRF:0
BRH:0
end_of_record
TN:
SF:src\repositories\SavedJobRepository.js
FN:5,(anonymous_0)
FN:9,(anonymous_1)
FN:46,(anonymous_2)
FN:50,(anonymous_3)
FN:54,(anonymous_4)
FNF:5
FNH:0
FNDA:0,(anonymous_0)
FNDA:0,(anonymous_1)
FNDA:0,(anonymous_2)
FNDA:0,(anonymous_3)
FNDA:0,(anonymous_4)
DA:1,0
DA:2,0
DA:6,0
DA:11,0
DA:13,0
DA:47,0
DA:51,0
DA:55,0
DA:59,0
LF:9
LH:0
BRDA:9,0,0,0
BRF:1
BRH:0
end_of_record
TN:
SF:src\repositories\SkillRepository.js
FN:5,(anonymous_0)
FN:9,(anonymous_1)
FN:13,(anonymous_2)
FN:17,(anonymous_3)
FNF:4
FNH:0
FNDA:0,(anonymous_0)
FNDA:0,(anonymous_1)
FNDA:0,(anonymous_2)
FNDA:0,(anonymous_3)
DA:1,0
DA:2,0
DA:6,0
DA:10,0
DA:14,0
DA:18,0
DA:24,0
LF:7
LH:0
BRDA:13,0,0,0
BRF:1
BRH:0
end_of_record
TN:
SF:src\repositories\TransactionRepository.js
FN:5,(anonymous_0)
FN:9,(anonymous_1)
FN:13,(anonymous_2)
FN:17,(anonymous_3)
FN:21,(anonymous_4)
FNF:5
FNH:0
FNDA:0,(anonymous_0)
FNDA:0,(anonymous_1)
FNDA:0,(anonymous_2)
FNDA:0,(anonymous_3)
FNDA:0,(anonymous_4)
DA:1,0
DA:2,0
DA:6,0
DA:10,0
DA:14,0
DA:18,0
DA:22,0
DA:26,0
LF:8
LH:0
BRDA:9,0,0,0
BRDA:17,1,0,0
BRDA:21,2,0,0
BRF:3
BRH:0
end_of_record
TN:
SF:src\repositories\UserRepository.js
FN:6,(anonymous_0)
FN:10,(anonymous_1)
FN:14,(anonymous_2)
FN:25,(anonymous_3)
FN:29,(anonymous_4)
FN:33,(anonymous_5)
FN:40,(anonymous_6)
FN:44,(anonymous_7)
FN:55,(anonymous_8)
FN:64,(anonymous_9)
FN:73,(anonymous_10)
FN:101,(anonymous_11)
FNF:12
FNH:0
FNDA:0,(anonymous_0)
FNDA:0,(anonymous_1)
FNDA:0,(anonymous_2)
FNDA:0,(anonymous_3)
FNDA:0,(anonymous_4)
FNDA:0,(anonymous_5)
FNDA:0,(anonymous_6)
FNDA:0,(anonymous_7)
FNDA:0,(anonymous_8)
FNDA:0,(anonymous_9)
FNDA:0,(anonymous_10)
FNDA:0,(anonymous_11)
DA:1,0
DA:2,0
DA:3,0
DA:7,0
DA:11,0
DA:15,0
DA:16,0
DA:26,0
DA:30,0
DA:34,0
DA:41,0
DA:45,0
DA:56,0
DA:57,0
DA:60,0
DA:61,0
DA:65,0
DA:66,0
DA:69,0
DA:70,0
DA:74,0
DA:75,0
DA:77,0
DA:83,0
DA:84,0
DA:90,0
DA:92,0
DA:95,0
DA:96,0
DA:99,0
DA:102,0
DA:103,0
DA:114,0
LF:33
LH:0
BRDA:25,0,0,0
BRDA:29,1,0,0
BRDA:33,2,0,0
BRDA:40,3,0,0
BRDA:57,4,0,0
BRDA:57,4,1,0
BRDA:66,5,0,0
BRDA:66,5,1,0
BRDA:73,6,0,0
BRDA:83,7,0,0
BRDA:83,7,1,0
BRDA:90,8,0,0
BRDA:90,8,1,0
BRDA:95,9,0,0
BRDA:95,9,1,0
BRDA:101,10,0,0
BRF:16
BRH:0
end_of_record
TN:
SF:src\repositories\UserSkillRepository.js
FN:5,(anonymous_0)
FN:9,(anonymous_1)
FN:13,(anonymous_2)
FN:17,(anonymous_3)
FN:18,(anonymous_4)
FN:22,(anonymous_5)
FN:26,(anonymous_6)
FNF:7
FNH:0
FNDA:0,(anonymous_0)
FNDA:0,(anonymous_1)
FNDA:0,(anonymous_2)
FNDA:0,(anonymous_3)
FNDA:0,(anonymous_4)
FNDA:0,(anonymous_5)
FNDA:0,(anonymous_6)
DA:1,0
DA:2,0
DA:6,0
DA:10,0
DA:14,0
DA:18,0
DA:19,0
DA:23,0
DA:27,0
DA:31,0
LF:10
LH:0
BRF:0
BRH:0
end_of_record
TN:
SF:src\routes\adminRoutes.js
FNF:0
FNH:0
DA:1,0
DA:2,0
DA:3,0
DA:4,0
DA:5,0
DA:28,0
DA:54,0
DA:91,0
DA:133,0
DA:135,0
DA:179,0
DA:255,0
DA:256,0
DA:258,0
DA:287,0
DA:332,0
DA:333,0
DA:335,0
DA:364,0
DA:409,0
DA:410,0
DA:412,0
DA:454,0
DA:478,0
DA:517,0
DA:519,0
DA:556,0
DA:570,0
DA:572,0
LF:29
LH:0
BRF:0
BRH:0
end_of_record
TN:
SF:src\routes\applicationRoutes.js
FNF:0
FNH:0
DA:1,0
DA:2,0
DA:3,0
DA:4,0
DA:61,0
DA:63,0
LF:6
LH:0
BRF:0
BRH:0
end_of_record
TN:
SF:src\routes\authRoutes.js
FNF:0
FNH:0
DA:1,0
DA:2,0
DA:3,0
DA:12,0
DA:51,0
DA:101,0
DA:133,0
DA:190,0
DA:236,0
DA:291,0
DA:343,0
DA:385,0
DA:419,0
DA:421,0
LF:14
LH:0
BRF:0
BRH:0
end_of_record
TN:
SF:src\routes\candidateRoutes.js
FNF:0
FNH:0
DA:1,0
DA:2,0
DA:3,0
DA:4,0
DA:5,0
DA:6,0
DA:72,0
DA:176,0
DA:247,0
DA:249,0
DA:278,0
DA:344,0
DA:352,0
LF:13
LH:0
BRF:0
BRH:0
end_of_record
TN:
SF:src\routes\categoryRoutes.js
FNF:0
FNH:0
DA:1,0
DA:2,0
DA:3,0
DA:40,0
DA:77,0
DA:79,0
LF:6
LH:0
BRF:0
BRH:0
end_of_record
TN:
SF:src\routes\companyRoutes.js
FNF:0
FNH:0
DA:1,0
DA:2,0
DA:3,0
DA:4,0
DA:5,0
DA:6,0
DA:57,0
DA:108,0
DA:151,0
DA:194,0
DA:285,0
DA:319,0
DA:360,0
DA:362,0
LF:14
LH:0
BRF:0
BRH:0
end_of_record
TN:
SF:src\routes\conversationRoutes.js
FNF:0
FNH:0
DA:1,0
DA:2,0
DA:3,0
DA:4,0
DA:75,0
DA:122,0
DA:186,0
DA:188,0
LF:8
LH:0
BRF:0
BRH:0
end_of_record
TN:
SF:src\routes\employerRoutes.js
FNF:0
FNH:0
DA:1,0
DA:2,0
DA:3,0
DA:4,0
DA:5,0
DA:6,0
DA:10,0
DA:11,0
DA:12,0
DA:42,0
DA:66,0
DA:104,0
DA:165,0
DA:213,0
DA:249,0
DA:321,0
DA:373,0
DA:375,0
DA:402,0
DA:438,0
DA:446,0
LF:21
LH:0
BRF:0
BRH:0
end_of_record
TN:
SF:src\routes\followRoutes.js
FNF:0
FNH:0
DA:1,0
DA:2,0
DA:3,0
DA:4,0
DA:52,0
DA:102,0
DA:136,0
DA:138,0
LF:8
LH:0
BRF:0
BRH:0
end_of_record
TN:
SF:src\routes\interviewRoutes.js
FNF:0
FNH:0
DA:1,0
DA:2,0
DA:3,0
DA:4,0
DA:67,0
DA:122,0
DA:156,0
DA:192,0
DA:194,0
LF:9
LH:0
BRF:0
BRH:0
end_of_record
TN:
SF:src\routes\jobRoutes.js
FNF:0
FNH:0
DA:1,0
DA:2,0
DA:3,0
DA:4,0
DA:5,0
DA:59,0
DA:123,0
DA:157,0
DA:188,0
DA:235,0
DA:259,0
DA:297,0
DA:299,0
LF:13
LH:0
BRF:0
BRH:0
end_of_record
TN:
SF:src\routes\levelRoutes.js
FNF:0
FNH:0
DA:1,0
DA:2,0
DA:3,0
DA:4,0
DA:5,0
DA:47,0
DA:89,0
DA:143,0
DA:212,0
DA:254,0
DA:262,0
LF:11
LH:0
BRF:0
BRH:0
end_of_record
TN:
SF:src\routes\locationRoutes.js
FNF:0
FNH:0
DA:1,0
DA:2,0
DA:3,0
DA:40,0
DA:42,0
LF:5
LH:0
BRF:0
BRH:0
end_of_record
TN:
SF:src\routes\messageRoutes.js
FNF:0
FNH:0
DA:1,0
DA:2,0
DA:3,0
DA:4,0
DA:41,0
DA:43,0
LF:6
LH:0
BRF:0
BRH:0
end_of_record
TN:
SF:src\routes\notificationRoutes.js
FNF:0
FNH:0
DA:1,0
DA:2,0
DA:3,0
DA:4,0
DA:38,0
DA:62,0
DA:76,0
DA:102,0
DA:104,0
LF:9
LH:0
BRF:0
BRH:0
end_of_record
TN:
SF:src\routes\paymentRoutes.js
FNF:0
FNH:0
DA:1,0
DA:2,0
DA:3,0
DA:4,0
DA:38,0
DA:60,0
DA:69,0
DA:78,0
DA:80,0
LF:9
LH:0
BRF:0
BRH:0
end_of_record
TN:
SF:src\routes\resumeRoutes.js
FNF:0
FNH:0
DA:1,0
DA:2,0
DA:3,0
DA:4,0
DA:5,0
DA:61,0
DA:87,0
DA:126,0
DA:168,0
DA:225,0
DA:259,0
DA:261,0
LF:12
LH:0
BRF:0
BRH:0
end_of_record
TN:
SF:src\routes\savedJobRoutes.js
FNF:0
FNH:0
DA:1,0
DA:2,0
DA:3,0
DA:4,0
DA:52,0
DA:105,0
DA:139,0
DA:141,0
LF:8
LH:0
BRF:0
BRH:0
end_of_record
TN:
SF:src\routes\skillRoutes.js
FNF:0
FNH:0
DA:1,0
DA:2,0
DA:3,0
DA:40,0
DA:42,0
LF:5
LH:0
BRF:0
BRH:0
end_of_record
TN:
SF:src\routes\userRoutes.js
FNF:0
FNH:0
DA:1,0
DA:2,0
DA:3,0
DA:4,0
DA:5,0
DA:6,0
DA:78,0
DA:156,0
DA:205,0
DA:253,0
DA:291,0
DA:335,0
DA:371,0
DA:422,0
DA:424,0
LF:15
LH:0
BRF:0
BRH:0
end_of_record
TN:
SF:src\services\AIService.js
FN:5,(anonymous_0)
FN:11,(anonymous_1)
FN:13,(anonymous_2)
FN:16,(anonymous_3)
FN:56,(anonymous_4)
FN:58,(anonymous_5)
FN:66,(anonymous_6)
FN:75,(anonymous_7)
FN:78,(anonymous_8)
FN:116,(anonymous_9)
FN:118,(anonymous_10)
FN:126,(anonymous_11)
FN:170,(anonymous_12)
FN:171,(anonymous_13)
FN:189,(anonymous_14)
FN:192,(anonymous_15)
FN:196,(anonymous_16)
FN:226,(anonymous_17)
FNF:18
FNH:1
FNDA:2,(anonymous_0)
FNDA:0,(anonymous_1)
FNDA:0,(anonymous_2)
FNDA:0,(anonymous_3)
FNDA:0,(anonymous_4)
FNDA:0,(anonymous_5)
FNDA:0,(anonymous_6)
FNDA:0,(anonymous_7)
FNDA:0,(anonymous_8)
FNDA:0,(anonymous_9)
FNDA:0,(anonymous_10)
FNDA:0,(anonymous_11)
FNDA:0,(anonymous_12)
FNDA:0,(anonymous_13)
FNDA:0,(anonymous_14)
FNDA:0,(anonymous_15)
FNDA:0,(anonymous_16)
FNDA:0,(anonymous_17)
DA:1,2
DA:2,2
DA:6,2
DA:7,2
DA:8,2
DA:13,0
DA:16,0
DA:21,0
DA:43,0
DA:52,0
DA:55,0
DA:56,0
DA:57,0
DA:58,0
DA:59,0
DA:60,0
DA:63,0
DA:75,0
DA:78,0
DA:82,0
DA:103,0
DA:112,0
DA:115,0
DA:116,0
DA:117,0
DA:118,0
DA:119,0
DA:120,0
DA:123,0
DA:127,0
DA:152,0
DA:161,0
DA:163,0
DA:164,0
DA:167,0
DA:171,0
DA:172,0
DA:174,0
DA:176,0
DA:187,0
DA:189,0
DA:190,0
DA:192,0
DA:193,0
DA:196,0
DA:197,0
DA:198,0
DA:199,0
DA:200,0
DA:201,0
DA:203,0
DA:204,0
DA:207,0
DA:208,0
DA:209,0
DA:211,0
DA:212,0
DA:215,0
DA:216,0
DA:219,0
DA:220,0
DA:221,0
DA:226,0
DA:227,0
DA:228,0
DA:231,0
DA:232,0
DA:237,2
LF:68
LH:6
BRDA:7,0,0,2
BRDA:7,0,1,1
BRDA:8,1,0,2
BRDA:8,1,1,1
BRDA:16,2,0,0
BRDA:16,2,1,0
BRDA:18,3,0,0
BRDA:18,3,1,0
BRDA:18,4,0,0
BRDA:18,4,1,0
BRDA:18,5,0,0
BRDA:18,5,1,0
BRDA:55,6,0,0
BRDA:55,6,1,0
BRDA:55,7,0,0
BRDA:55,7,1,0
BRDA:55,7,2,0
BRDA:59,8,0,0
BRDA:59,8,1,0
BRDA:78,9,0,0
BRDA:78,9,1,0
BRDA:86,10,0,0
BRDA:86,10,1,0
BRDA:115,11,0,0
BRDA:115,11,1,0
BRDA:115,12,0,0
BRDA:115,12,1,0
BRDA:115,12,2,0
BRDA:119,13,0,0
BRDA:119,13,1,0
BRDA:163,14,0,0
BRDA:163,14,1,0
BRDA:163,15,0,0
BRDA:163,15,1,0
BRDA:163,15,2,0
BRDA:197,16,0,0
BRDA:197,16,1,0
BRDA:197,17,0,0
BRDA:197,17,1,0
BRDA:200,18,0,0
BRDA:200,18,1,0
BRDA:200,19,0,0
BRDA:200,19,1,0
BRF:43
BRH:4
end_of_record
TN:
SF:src\services\ApplicationService.js
FN:19,(anonymous_0)
FN:99,(anonymous_1)
FN:118,(anonymous_2)
FN:128,(anonymous_3)
FN:166,(anonymous_4)
FN:203,(anonymous_5)
FN:226,(anonymous_6)
FN:252,(anonymous_7)
FN:289,(anonymous_8)
FN:353,(anonymous_9)
FN:384,(anonymous_10)
FN:388,(anonymous_11)
FN:404,(anonymous_12)
FNF:13
FNH:0
FNDA:0,(anonymous_0)
FNDA:0,(anonymous_1)
FNDA:0,(anonymous_2)
FNDA:0,(anonymous_3)
FNDA:0,(anonymous_4)
FNDA:0,(anonymous_5)
FNDA:0,(anonymous_6)
FNDA:0,(anonymous_7)
FNDA:0,(anonymous_8)
FNDA:0,(anonymous_9)
FNDA:0,(anonymous_10)
FNDA:0,(anonymous_11)
FNDA:0,(anonymous_12)
DA:6,0
DA:7,0
DA:8,0
DA:9,0
DA:10,0
DA:20,0
DA:23,0
DA:24,0
DA:25,0
DA:26,0
DA:27,0
DA:31,0
DA:32,0
DA:33,0
DA:34,0
DA:35,0
DA:38,0
DA:39,0
DA:40,0
DA:41,0
DA:45,0
DA:46,0
DA:47,0
DA:48,0
DA:49,0
DA:53,0
DA:61,0
DA:64,0
DA:65,0
DA:69,0
DA:70,0
DA:72,0
DA:73,0
DA:74,0
DA:75,0
DA:77,0
DA:85,0
DA:88,0
DA:92,0
DA:100,0
DA:119,0
DA:121,0
DA:128,0
DA:138,0
DA:140,0
DA:168,0
DA:173,0
DA:176,0
DA:181,0
DA:183,0
DA:184,0
DA:185,0
DA:189,0
DA:190,0
DA:191,0
DA:195,0
DA:204,0
DA:206,0
DA:207,0
DA:208,0
DA:209,0
DA:212,0
DA:213,0
DA:214,0
DA:215,0
DA:218,0
DA:228,0
DA:229,0
DA:230,0
DA:231,0
DA:232,0
DA:236,0
DA:237,0
DA:238,0
DA:239,0
DA:240,0
DA:244,0
DA:254,0
DA:255,0
DA:256,0
DA:257,0
DA:258,0
DA:262,0
DA:263,0
DA:264,0
DA:265,0
DA:266,0
DA:270,0
DA:271,0
DA:276,0
DA:279,0
DA:290,0
DA:291,0
DA:292,0
DA:293,0
DA:294,0
DA:298,0
DA:299,0
DA:300,0
DA:301,0
DA:302,0
DA:306,0
DA:307,0
DA:308,0
DA:309,0
DA:310,0
DA:314,0
DA:317,0
DA:318,0
DA:325,0
DA:333,0
DA:334,0
DA:336,0
DA:344,0
DA:347,0
DA:350,0
DA:354,0
DA:356,0
DA:357,0
DA:358,0
DA:359,0
DA:360,0
DA:363,0
DA:364,0
DA:365,0
DA:366,0
DA:367,0
DA:368,0
DA:371,0
DA:372,0
DA:373,0
DA:374,0
DA:378,0
DA:379,0
DA:384,0
DA:388,0
DA:393,0
DA:405,0
DA:406,0
DA:407,0
DA:408,0
DA:409,0
DA:412,0
DA:413,0
DA:414,0
DA:415,0
DA:416,0
DA:419,0
DA:420,0
DA:421,0
DA:422,0
DA:425,0
DA:426,0
DA:427,0
DA:428,0
DA:431,0
DA:432,0
DA:436,0
DA:437,0
DA:444,0
DA:445,0
DA:446,0
DA:449,0
DA:450,0
DA:454,0
DA:462,0
LF:166
LH:0
BRDA:24,0,0,0
BRDA:24,0,1,0
BRDA:32,1,0,0
BRDA:32,1,1,0
BRDA:38,2,0,0
BRDA:38,2,1,0
BRDA:46,3,0,0
BRDA:46,3,1,0
BRDA:72,4,0,0
BRDA:72,4,1,0
BRDA:72,5,0,0
BRDA:72,5,1,0
BRDA:75,6,0,0
BRDA:75,6,1,0
BRDA:131,7,0,0
BRDA:131,7,1,0
BRDA:132,8,0,0
BRDA:132,8,1,0
BRDA:173,9,0,0
BRDA:173,9,1,0
BRDA:181,10,0,0
BRDA:181,10,1,0
BRDA:206,11,0,0
BRDA:206,11,1,0
BRDA:212,12,0,0
BRDA:212,12,1,0
BRDA:229,13,0,0
BRDA:229,13,1,0
BRDA:237,14,0,0
BRDA:237,14,1,0
BRDA:237,15,0,0
BRDA:237,15,1,0
BRDA:255,16,0,0
BRDA:255,16,1,0
BRDA:263,17,0,0
BRDA:263,17,1,0
BRDA:263,18,0,0
BRDA:263,18,1,0
BRDA:270,19,0,0
BRDA:270,19,1,0
BRDA:291,20,0,0
BRDA:291,20,1,0
BRDA:299,21,0,0
BRDA:299,21,1,0
BRDA:307,22,0,0
BRDA:307,22,1,0
BRDA:307,23,0,0
BRDA:307,23,1,0
BRDA:333,24,0,0
BRDA:333,24,1,0
BRDA:334,25,0,0
BRDA:334,25,1,0
BRDA:357,26,0,0
BRDA:357,26,1,0
BRDA:363,27,0,0
BRDA:363,27,1,0
BRDA:365,28,0,0
BRDA:365,28,1,0
BRDA:371,29,0,0
BRDA:371,29,1,0
BRDA:386,30,0,0
BRDA:386,30,1,0
BRDA:387,31,0,0
BRDA:387,31,1,0
BRDA:388,32,0,0
BRDA:388,32,1,0
BRDA:406,33,0,0
BRDA:406,33,1,0
BRDA:413,34,0,0
BRDA:413,34,1,0
BRDA:419,35,0,0
BRDA:419,35,1,0
BRDA:419,36,0,0
BRDA:419,36,1,0
BRDA:425,37,0,0
BRDA:425,37,1,0
BRDA:425,38,0,0
BRDA:425,38,1,0
BRDA:431,39,0,0
BRDA:431,39,1,0
BRDA:449,40,0,0
BRDA:449,40,1,0
BRDA:450,41,0,0
BRDA:450,41,1,0
BRDA:450,42,0,0
BRDA:450,42,1,0
BRDA:455,43,0,0
BRDA:455,43,1,0
BRF:88
BRH:0
end_of_record
TN:
SF:src\services\AuthService.js
FN:34,(anonymous_0)
FN:46,(anonymous_1)
FN:84,(anonymous_2)
FN:92,(anonymous_3)
FN:140,(anonymous_4)
FN:161,(anonymous_5)
FN:168,(anonymous_6)
FN:231,(anonymous_7)
FN:281,(anonymous_8)
FN:288,(anonymous_9)
FN:319,(anonymous_10)
FN:333,(anonymous_11)
FN:359,(anonymous_12)
FN:403,(anonymous_13)
FN:426,(anonymous_14)
FNF:15
FNH:0
FNDA:0,(anonymous_0)
FNDA:0,(anonymous_1)
FNDA:0,(anonymous_2)
FNDA:0,(anonymous_3)
FNDA:0,(anonymous_4)
FNDA:0,(anonymous_5)
FNDA:0,(anonymous_6)
FNDA:0,(anonymous_7)
FNDA:0,(anonymous_8)
FNDA:0,(anonymous_9)
FNDA:0,(anonymous_10)
FNDA:0,(anonymous_11)
FNDA:0,(anonymous_12)
FNDA:0,(anonymous_13)
FNDA:0,(anonymous_14)
DA:1,0
DA:8,0
DA:9,0
DA:10,0
DA:11,0
DA:12,0
DA:13,0
DA:14,0
DA:15,0
DA:16,0
DA:17,0
DA:23,0
DA:25,0
DA:26,0
DA:27,0
DA:28,0
DA:29,0
DA:30,0
DA:31,0
DA:35,0
DA:36,0
DA:39,0
DA:40,0
DA:43,0
DA:47,0
DA:49,0
DA:50,0
DA:51,0
DA:52,0
DA:53,0
DA:56,0
DA:57,0
DA:58,0
DA:59,0
DA:60,0
DA:63,0
DA:65,0
DA:73,0
DA:74,0
DA:76,0
DA:83,0
DA:84,0
DA:86,0
DA:93,0
DA:95,0
DA:96,0
DA:97,0
DA:98,0
DA:99,0
DA:102,0
DA:103,0
DA:104,0
DA:105,0
DA:106,0
DA:109,0
DA:110,0
DA:111,0
DA:112,0
DA:115,0
DA:116,0
DA:117,0
DA:118,0
DA:121,0
DA:127,0
DA:129,0
DA:141,0
DA:143,0
DA:144,0
DA:145,0
DA:146,0
DA:147,0
DA:150,0
DA:151,0
DA:153,0
DA:160,0
DA:161,0
DA:163,0
DA:169,0
DA:171,0
DA:172,0
DA:173,0
DA:174,0
DA:175,0
DA:179,0
DA:180,0
DA:181,0
DA:182,0
DA:184,0
DA:191,0
DA:192,0
DA:193,0
DA:195,0
DA:201,0
DA:208,0
DA:209,0
DA:211,0
DA:212,0
DA:213,0
DA:214,0
DA:217,0
DA:218,0
DA:220,0
DA:221,0
DA:222,0
DA:223,0
DA:226,0
DA:227,0
DA:228,0
DA:232,0
DA:234,0
DA:235,0
DA:236,0
DA:237,0
DA:238,0
DA:241,0
DA:243,0
DA:244,0
DA:251,0
DA:252,0
DA:253,0
DA:254,0
DA:257,0
DA:263,0
DA:264,0
DA:265,0
DA:266,0
DA:269,0
DA:270,0
DA:271,0
DA:274,0
DA:275,0
DA:277,0
DA:278,0
DA:280,0
DA:281,0
DA:283,0
DA:289,0
DA:291,0
DA:292,0
DA:293,0
DA:296,0
DA:297,0
DA:298,0
DA:299,0
DA:302,0
DA:308,0
DA:312,0
DA:313,0
DA:314,0
DA:315,0
DA:322,0
DA:323,0
DA:325,0
DA:326,0
DA:329,0
DA:334,0
DA:336,0
DA:337,0
DA:338,0
DA:339,0
DA:340,0
DA:343,0
DA:344,0
DA:345,0
DA:346,0
DA:347,0
DA:350,0
DA:351,0
DA:352,0
DA:353,0
DA:354,0
DA:357,0
DA:359,0
DA:360,0
DA:369,0
DA:377,0
DA:386,0
DA:394,0
DA:400,0
DA:404,0
DA:406,0
DA:407,0
DA:408,0
DA:409,0
DA:412,0
DA:413,0
DA:414,0
DA:415,0
DA:416,0
DA:419,0
DA:420,0
DA:421,0
DA:422,0
DA:425,0
DA:426,0
DA:427,0
DA:431,0
DA:432,0
DA:433,0
DA:434,0
DA:435,0
DA:438,0
DA:439,0
DA:441,0
DA:448,0
DA:451,0
DA:455,0
DA:461,0
LF:208
LH:0
BRDA:35,0,0,0
BRDA:35,0,1,0
BRDA:39,1,0,0
BRDA:39,1,1,0
BRDA:39,2,0,0
BRDA:39,2,1,0
BRDA:50,3,0,0
BRDA:50,3,1,0
BRDA:57,4,0,0
BRDA:57,4,1,0
BRDA:96,5,0,0
BRDA:96,5,1,0
BRDA:103,6,0,0
BRDA:103,6,1,0
BRDA:109,7,0,0
BRDA:109,7,1,0
BRDA:115,8,0,0
BRDA:115,8,1,0
BRDA:144,9,0,0
BRDA:144,9,1,0
BRDA:172,10,0,0
BRDA:172,10,1,0
BRDA:180,11,0,0
BRDA:180,11,1,0
BRDA:192,12,0,0
BRDA:192,12,1,0
BRDA:211,13,0,0
BRDA:211,13,1,0
BRDA:211,14,0,0
BRDA:211,14,1,0
BRDA:220,15,0,0
BRDA:220,15,1,0
BRDA:220,16,0,0
BRDA:220,16,1,0
BRDA:235,17,0,0
BRDA:235,17,1,0
BRDA:243,18,0,0
BRDA:243,18,1,0
BRDA:251,19,0,0
BRDA:251,19,1,0
BRDA:263,20,0,0
BRDA:263,20,1,0
BRDA:296,21,0,0
BRDA:296,21,1,0
BRDA:312,22,0,0
BRDA:312,22,1,0
BRDA:337,23,0,0
BRDA:337,23,1,0
BRDA:344,24,0,0
BRDA:344,24,1,0
BRDA:351,25,0,0
BRDA:351,25,1,0
BRDA:406,26,0,0
BRDA:406,26,1,0
BRDA:413,27,0,0
BRDA:413,27,1,0
BRDA:419,28,0,0
BRDA:419,28,1,0
BRDA:425,29,0,0
BRDA:425,29,1,0
BRDA:432,30,0,0
BRDA:432,30,1,0
BRF:62
BRH:0
end_of_record
TN:
SF:src\services\CategoryService.js
FN:4,(anonymous_0)
FN:11,(anonymous_1)
FN:24,(anonymous_2)
FN:40,(anonymous_3)
FN:64,(anonymous_4)
FNF:5
FNH:0
FNDA:0,(anonymous_0)
FNDA:0,(anonymous_1)
FNDA:0,(anonymous_2)
FNDA:0,(anonymous_3)
FNDA:0,(anonymous_4)
DA:1,0
DA:5,0
DA:12,0
DA:13,0
DA:15,0
DA:16,0
DA:17,0
DA:18,0
DA:19,0
DA:21,0
DA:25,0
DA:26,0
DA:27,0
DA:30,0
DA:31,0
DA:32,0
DA:33,0
DA:34,0
DA:37,0
DA:41,0
DA:42,0
DA:43,0
DA:45,0
DA:46,0
DA:47,0
DA:48,0
DA:49,0
DA:52,0
DA:53,0
DA:54,0
DA:55,0
DA:56,0
DA:57,0
DA:61,0
DA:65,0
DA:66,0
DA:68,0
DA:69,0
DA:70,0
DA:71,0
DA:72,0
DA:75,0
DA:79,0
LF:43
LH:0
BRDA:16,0,0,0
BRDA:16,0,1,0
BRDA:31,1,0,0
BRDA:31,1,1,0
BRDA:46,2,0,0
BRDA:46,2,1,0
BRDA:52,3,0,0
BRDA:52,3,1,0
BRDA:52,4,0,0
BRDA:52,4,1,0
BRDA:54,5,0,0
BRDA:54,5,1,0
BRDA:54,6,0,0
BRDA:54,6,1,0
BRDA:69,7,0,0
BRDA:69,7,1,0
BRF:16
BRH:0
end_of_record
TN:
SF:src\services\ChatService.js
FN:13,(anonymous_0)
FN:65,(anonymous_1)
FN:94,(anonymous_2)
FN:134,(anonymous_3)
FNF:4
FNH:0
FNDA:0,(anonymous_0)
FNDA:0,(anonymous_1)
FNDA:0,(anonymous_2)
FNDA:0,(anonymous_3)
DA:1,0
DA:2,0
DA:3,0
DA:4,0
DA:15,0
DA:16,0
DA:17,0
DA:18,0
DA:22,0
DA:23,0
DA:24,0
DA:25,0
DA:31,0
DA:34,0
DA:37,0
DA:39,0
DA:40,0
DA:41,0
DA:43,0
DA:44,0
DA:47,0
DA:48,0
DA:49,0
DA:53,0
DA:54,0
DA:55,0
DA:62,0
DA:66,0
DA:67,0
DA:69,0
DA:71,0
DA:72,0
DA:73,0
DA:74,0
DA:76,0
DA:77,0
DA:79,0
DA:80,0
DA:81,0
DA:84,0
DA:85,0
DA:86,0
DA:87,0
DA:89,0
DA:90,0
DA:96,0
DA:97,0
DA:98,0
DA:99,0
DA:100,0
DA:103,0
DA:104,0
DA:106,0
DA:108,0
DA:109,0
DA:111,0
DA:113,0
DA:114,0
DA:115,0
DA:119,0
DA:120,0
DA:121,0
DA:122,0
DA:125,0
DA:135,0
DA:138,0
DA:139,0
DA:140,0
DA:141,0
DA:142,0
DA:145,0
DA:148,0
DA:150,0
DA:152,0
DA:153,0
DA:154,0
DA:155,0
DA:160,0
DA:161,0
DA:163,0
DA:164,0
DA:165,0
DA:166,0
DA:167,0
DA:168,0
DA:172,0
DA:174,0
DA:175,0
DA:176,0
DA:180,0
DA:188,0
DA:191,0
DA:192,0
DA:196,0
DA:208,0
DA:209,0
DA:210,0
DA:211,0
DA:212,0
DA:224,0
DA:228,0
DA:232,0
LF:102
LH:0
BRDA:15,0,0,0
BRDA:15,0,1,0
BRDA:22,1,0,0
BRDA:22,1,1,0
BRDA:37,2,0,0
BRDA:37,2,1,0
BRDA:41,3,0,0
BRDA:41,3,1,0
BRDA:54,4,0,0
BRDA:54,4,1,0
BRDA:66,5,0,0
BRDA:66,5,1,0
BRDA:69,6,0,0
BRDA:69,6,1,0
BRDA:69,7,0,0
BRDA:69,7,1,0
BRDA:74,8,0,0
BRDA:74,8,1,0
BRDA:74,9,0,0
BRDA:74,9,1,0
BRDA:79,10,0,0
BRDA:79,10,1,0
BRDA:97,11,0,0
BRDA:97,11,1,0
BRDA:106,12,0,0
BRDA:106,12,1,0
BRDA:106,13,0,0
BRDA:106,13,1,0
BRDA:108,14,0,0
BRDA:108,14,1,0
BRDA:111,15,0,0
BRDA:111,15,1,0
BRDA:111,16,0,0
BRDA:111,16,1,0
BRDA:114,17,0,0
BRDA:114,17,1,0
BRDA:114,18,0,0
BRDA:114,18,1,0
BRDA:119,19,0,0
BRDA:119,19,1,0
BRDA:139,20,0,0
BRDA:139,20,1,0
BRDA:150,21,0,0
BRDA:150,21,1,0
BRDA:150,22,0,0
BRDA:150,22,1,0
BRDA:152,23,0,0
BRDA:152,23,1,0
BRDA:161,24,0,0
BRDA:161,24,1,0
BRDA:163,25,0,0
BRDA:163,25,1,0
BRDA:165,26,0,0
BRDA:165,26,1,0
BRDA:165,27,0,0
BRDA:165,27,1,0
BRDA:191,28,0,0
BRDA:191,28,1,0
BRDA:196,29,0,0
BRDA:196,29,1,0
BRF:60
BRH:0
end_of_record
TN:
SF:src\services\CompanyService.js
FN:13,(anonymous_0)
FN:31,(anonymous_1)
FN:62,(anonymous_2)
FN:84,(anonymous_3)
FN:105,(anonymous_4)
FN:122,(anonymous_5)
FN:145,(anonymous_6)
FN:180,(anonymous_7)
FNF:8
FNH:0
FNDA:0,(anonymous_0)
FNDA:0,(anonymous_1)
FNDA:0,(anonymous_2)
FNDA:0,(anonymous_3)
FNDA:0,(anonymous_4)
FNDA:0,(anonymous_5)
FNDA:0,(anonymous_6)
FNDA:0,(anonymous_7)
DA:1,0
DA:2,0
DA:3,0
DA:4,0
DA:5,0
DA:14,0
DA:16,0
DA:17,0
DA:18,0
DA:19,0
DA:22,0
DA:32,0
DA:34,0
DA:35,0
DA:36,0
DA:37,0
DA:41,0
DA:42,0
DA:43,0
DA:44,0
DA:45,0
DA:46,0
DA:47,0
DA:48,0
DA:49,0
DA:51,0
DA:53,0
DA:63,0
DA:65,0
DA:66,0
DA:67,0
DA:68,0
DA:71,0
DA:73,0
DA:75,0
DA:85,0
DA:87,0
DA:88,0
DA:89,0
DA:90,0
DA:93,0
DA:95,0
DA:97,0
DA:106,0
DA:108,0
DA:109,0
DA:110,0
DA:111,0
DA:114,0
DA:123,0
DA:125,0
DA:126,0
DA:128,0
DA:134,0
DA:146,0
DA:147,0
DA:148,0
DA:149,0
DA:150,0
DA:153,0
DA:160,0
DA:167,0
DA:181,0
DA:182,0
DA:183,0
DA:184,0
DA:185,0
DA:188,0
DA:192,0
DA:196,0
LF:70
LH:0
BRDA:16,0,0,0
BRDA:16,0,1,0
BRDA:34,1,0,0
BRDA:34,1,1,0
BRDA:42,2,0,0
BRDA:42,2,1,0
BRDA:43,3,0,0
BRDA:43,3,1,0
BRDA:44,4,0,0
BRDA:44,4,1,0
BRDA:45,5,0,0
BRDA:45,5,1,0
BRDA:46,6,0,0
BRDA:46,6,1,0
BRDA:47,7,0,0
BRDA:47,7,1,0
BRDA:48,8,0,0
BRDA:48,8,1,0
BRDA:49,9,0,0
BRDA:49,9,1,0
BRDA:65,10,0,0
BRDA:65,10,1,0
BRDA:87,11,0,0
BRDA:87,11,1,0
BRDA:108,12,0,0
BRDA:108,12,1,0
BRDA:123,13,0,0
BRDA:123,14,0,0
BRDA:123,15,0,0
BRDA:125,16,0,0
BRDA:125,16,1,0
BRDA:126,17,0,0
BRDA:126,17,1,0
BRDA:147,18,0,0
BRDA:147,18,1,0
BRDA:182,19,0,0
BRDA:182,19,1,0
BRF:37
BRH:0
end_of_record
TN:
SF:src\services\FollowService.js
FN:11,(anonymous_0)
FN:36,(anonymous_1)
FN:45,(anonymous_2)
FNF:3
FNH:0
FNDA:0,(anonymous_0)
FNDA:0,(anonymous_1)
FNDA:0,(anonymous_2)
DA:1,0
DA:2,0
DA:3,0
DA:13,0
DA:14,0
DA:15,0
DA:16,0
DA:17,0
DA:21,0
DA:22,0
DA:23,0
DA:24,0
DA:25,0
DA:29,0
DA:37,0
DA:47,0
DA:48,0
DA:49,0
DA:50,0
DA:51,0
DA:55,0
DA:59,0
LF:22
LH:0
BRDA:14,0,0,0
BRDA:14,0,1,0
BRDA:22,1,0,0
BRDA:22,1,1,0
BRDA:48,2,0,0
BRDA:48,2,1,0
BRF:6
BRH:0
end_of_record
TN:
SF:src\services\InterviewQuestionService.js
FN:9,(anonymous_0)
FN:67,(anonymous_1)
FNF:2
FNH:2
FNDA:8,(anonymous_0)
FNDA:2,(anonymous_1)
DA:1,2
DA:2,2
DA:3,2
DA:4,2
DA:5,2
DA:6,2
DA:11,8
DA:12,8
DA:13,1
DA:14,1
DA:15,1
DA:19,7
DA:20,7
DA:21,1
DA:22,1
DA:23,1
DA:27,6
DA:28,6
DA:29,2
DA:30,1
DA:35,5
DA:42,5
DA:43,5
DA:44,1
DA:45,1
DA:46,1
DA:49,4
DA:50,4
DA:51,4
DA:53,1
DA:54,1
DA:55,1
DA:58,3
DA:59,1
DA:60,1
DA:61,1
DA:65,2
DA:67,2
DA:74,2
DA:75,2
DA:76,2
DA:77,1
DA:79,2
DA:80,1
DA:82,1
DA:83,1
DA:87,1
DA:91,2
LF:48
LH:48
BRDA:12,0,0,1
BRDA:12,0,1,7
BRDA:20,1,0,1
BRDA:20,1,1,6
BRDA:20,2,0,7
BRDA:20,2,1,7
BRDA:28,3,0,2
BRDA:28,3,1,4
BRDA:28,4,0,6
BRDA:28,4,1,6
BRDA:29,5,0,1
BRDA:29,5,1,1
BRDA:36,6,0,5
BRDA:36,6,1,1
BRDA:37,7,0,5
BRDA:37,7,1,1
BRDA:38,8,0,5
BRDA:38,8,1,1
BRDA:42,9,0,4
BRDA:42,9,1,1
BRDA:43,10,0,1
BRDA:43,10,1,4
BRDA:58,11,0,1
BRDA:58,11,1,2
BRDA:58,12,0,3
BRDA:58,12,1,3
BRDA:76,13,0,1
BRDA:76,13,1,1
BRF:28
BRH:28
end_of_record
TN:
SF:src\services\InterviewService.js
FN:11,(anonymous_0)
FN:88,(anonymous_1)
FN:130,(anonymous_2)
FN:183,(anonymous_3)
FN:228,(anonymous_4)
FN:246,(anonymous_5)
FNF:6
FNH:0
FNDA:0,(anonymous_0)
FNDA:0,(anonymous_1)
FNDA:0,(anonymous_2)
FNDA:0,(anonymous_3)
FNDA:0,(anonymous_4)
FNDA:0,(anonymous_5)
DA:1,0
DA:2,0
DA:3,0
DA:12,0
DA:13,0
DA:15,0
DA:17,0
DA:19,0
DA:20,0
DA:21,0
DA:22,0
DA:23,0
DA:27,0
DA:28,0
DA:29,0
DA:30,0
DA:31,0
DA:35,0
DA:45,0
DA:48,0
DA:50,0
DA:53,0
DA:54,0
DA:55,0
DA:56,0
DA:58,0
DA:67,0
DA:70,0
DA:74,0
DA:77,0
DA:78,0
DA:90,0
DA:91,0
DA:92,0
DA:93,0
DA:94,0
DA:99,0
DA:100,0
DA:102,0
DA:103,0
DA:104,0
DA:107,0
DA:108,0
DA:109,0
DA:110,0
DA:111,0
DA:115,0
DA:116,0
DA:117,0
DA:118,0
DA:119,0
DA:120,0
DA:122,0
DA:131,0
DA:134,0
DA:135,0
DA:136,0
DA:137,0
DA:138,0
DA:142,0
DA:143,0
DA:144,0
DA:145,0
DA:146,0
DA:149,0
DA:150,0
DA:151,0
DA:152,0
DA:153,0
DA:159,0
DA:160,0
DA:161,0
DA:170,0
DA:171,0
DA:173,0
DA:174,0
DA:185,0
DA:186,0
DA:187,0
DA:188,0
DA:189,0
DA:197,0
DA:198,0
DA:199,0
DA:200,0
DA:201,0
DA:205,0
DA:207,0
DA:208,0
DA:209,0
DA:210,0
DA:211,0
DA:215,0
DA:216,0
DA:217,0
DA:218,0
DA:221,0
DA:229,0
DA:232,0
DA:233,0
DA:235,0
DA:239,0
DA:247,0
DA:251,0
LF:104
LH:0
BRDA:20,0,0,0
BRDA:20,0,1,0
BRDA:28,1,0,0
BRDA:28,1,1,0
BRDA:28,2,0,0
BRDA:28,2,1,0
BRDA:55,3,0,0
BRDA:55,3,1,0
BRDA:56,4,0,0
BRDA:56,4,1,0
BRDA:91,5,0,0
BRDA:91,5,1,0
BRDA:100,6,0,0
BRDA:100,6,1,0
BRDA:108,7,0,0
BRDA:108,7,1,0
BRDA:108,8,0,0
BRDA:108,8,1,0
BRDA:116,9,0,0
BRDA:116,9,1,0
BRDA:117,10,0,0
BRDA:117,10,1,0
BRDA:118,11,0,0
BRDA:118,11,1,0
BRDA:119,12,0,0
BRDA:119,12,1,0
BRDA:120,13,0,0
BRDA:120,13,1,0
BRDA:135,14,0,0
BRDA:135,14,1,0
BRDA:143,15,0,0
BRDA:143,15,1,0
BRDA:150,16,0,0
BRDA:150,16,1,0
BRDA:150,17,0,0
BRDA:150,17,1,0
BRDA:186,18,0,0
BRDA:186,18,1,0
BRDA:198,19,0,0
BRDA:198,19,1,0
BRDA:208,20,0,0
BRDA:208,20,1,0
BRDA:208,21,0,0
BRDA:208,21,1,0
BRDA:210,22,0,0
BRDA:210,22,1,0
BRDA:210,23,0,0
BRDA:210,23,1,0
BRDA:215,24,0,0
BRDA:215,24,1,0
BRDA:215,25,0,0
BRDA:215,25,1,0
BRDA:233,26,0,0
BRDA:233,26,1,0
BRF:54
BRH:0
end_of_record
TN:
SF:src\services\JobService.js
FN:21,(anonymous_0)
FN:30,(anonymous_1)
FN:134,(anonymous_2)
FN:167,(anonymous_3)
FN:195,(anonymous_4)
FN:257,(anonymous_5)
FN:305,(anonymous_6)
FN:334,(anonymous_7)
FN:386,(anonymous_8)
FN:411,(anonymous_9)
FN:444,(anonymous_10)
FN:460,(anonymous_11)
FN:485,(anonymous_12)
FN:513,(anonymous_13)
FNF:14
FNH:0
FNDA:0,(anonymous_0)
FNDA:0,(anonymous_1)
FNDA:0,(anonymous_2)
FNDA:0,(anonymous_3)
FNDA:0,(anonymous_4)
FNDA:0,(anonymous_5)
FNDA:0,(anonymous_6)
FNDA:0,(anonymous_7)
FNDA:0,(anonymous_8)
FNDA:0,(anonymous_9)
FNDA:0,(anonymous_10)
FNDA:0,(anonymous_11)
FNDA:0,(anonymous_12)
FNDA:0,(anonymous_13)
DA:1,0
DA:2,0
DA:3,0
DA:4,0
DA:9,0
DA:10,0
DA:11,0
DA:12,0
DA:23,0
DA:24,0
DA:25,0
DA:26,0
DA:27,0
DA:30,0
DA:31,0
DA:34,0
DA:36,0
DA:37,0
DA:38,0
DA:39,0
DA:42,0
DA:43,0
DA:46,0
DA:47,0
DA:48,0
DA:49,0
DA:52,0
DA:53,0
DA:54,0
DA:56,0
DA:60,0
DA:64,0
DA:66,0
DA:77,0
DA:80,0
DA:81,0
DA:83,0
DA:84,0
DA:86,0
DA:88,0
DA:90,0
DA:91,0
DA:95,0
DA:100,0
DA:101,0
DA:104,0
DA:105,0
DA:106,0
DA:110,0
DA:112,0
DA:113,0
DA:117,0
DA:118,0
DA:119,0
DA:121,0
DA:124,0
DA:125,0
DA:135,0
DA:136,0
DA:137,0
DA:138,0
DA:140,0
DA:146,0
DA:151,0
DA:168,0
DA:170,0
DA:171,0
DA:172,0
DA:173,0
DA:176,0
DA:179,0
DA:180,0
DA:181,0
DA:182,0
DA:183,0
DA:186,0
DA:196,0
DA:197,0
DA:200,0
DA:201,0
DA:202,0
DA:203,0
DA:204,0
DA:208,0
DA:222,0
DA:225,0
DA:226,0
DA:236,0
DA:243,0
DA:258,0
DA:261,0
DA:262,0
DA:263,0
DA:264,0
DA:265,0
DA:269,0
DA:270,0
DA:271,0
DA:272,0
DA:273,0
DA:277,0
DA:278,0
DA:279,0
DA:280,0
DA:281,0
DA:282,0
DA:283,0
DA:284,0
DA:285,0
DA:288,0
DA:289,0
DA:291,0
DA:292,0
DA:293,0
DA:294,0
DA:297,0
DA:298,0
DA:306,0
DA:309,0
DA:310,0
DA:311,0
DA:312,0
DA:313,0
DA:317,0
DA:318,0
DA:319,0
DA:320,0
DA:321,0
DA:325,0
DA:326,0
DA:335,0
DA:338,0
DA:339,0
DA:340,0
DA:341,0
DA:342,0
DA:346,0
DA:347,0
DA:348,0
DA:349,0
DA:350,0
DA:354,0
DA:356,0
DA:357,0
DA:358,0
DA:359,0
DA:365,0
DA:370,0
DA:371,0
DA:372,0
DA:373,0
DA:377,0
DA:378,0
DA:387,0
DA:390,0
DA:391,0
DA:392,0
DA:393,0
DA:394,0
DA:397,0
DA:398,0
DA:399,0
DA:402,0
DA:403,0
DA:412,0
DA:415,0
DA:416,0
DA:417,0
DA:418,0
DA:419,0
DA:423,0
DA:424,0
DA:425,0
DA:426,0
DA:427,0
DA:431,0
DA:432,0
DA:433,0
DA:434,0
DA:437,0
DA:450,0
DA:453,0
DA:462,0
DA:463,0
DA:464,0
DA:465,0
DA:466,0
DA:470,0
DA:471,0
DA:472,0
DA:473,0
DA:477,0
DA:487,0
DA:488,0
DA:489,0
DA:490,0
DA:491,0
DA:495,0
DA:496,0
DA:497,0
DA:498,0
DA:506,0
DA:514,0
DA:515,0
DA:517,0
DA:518,0
DA:519,0
DA:521,0
DA:526,0
LF:209
LH:0
BRDA:24,0,0,0
BRDA:24,0,1,0
BRDA:30,1,0,0
BRDA:30,1,1,0
BRDA:31,2,0,0
BRDA:31,2,1,0
BRDA:37,3,0,0
BRDA:37,3,1,0
BRDA:37,4,0,0
BRDA:37,4,1,0
BRDA:42,5,0,0
BRDA:42,5,1,0
BRDA:47,6,0,0
BRDA:47,6,1,0
BRDA:53,7,0,0
BRDA:53,7,1,0
BRDA:54,8,0,0
BRDA:54,8,1,0
BRDA:83,9,0,0
BRDA:83,9,1,0
BRDA:90,10,0,0
BRDA:90,10,1,0
BRDA:90,11,0,0
BRDA:90,11,1,0
BRDA:90,11,2,0
BRDA:100,12,0,0
BRDA:100,12,1,0
BRDA:100,13,0,0
BRDA:100,13,1,0
BRDA:101,14,0,0
BRDA:101,14,1,0
BRDA:112,15,0,0
BRDA:112,15,1,0
BRDA:118,16,0,0
BRDA:118,16,1,0
BRDA:135,17,0,0
BRDA:135,18,0,0
BRDA:136,19,0,0
BRDA:136,19,1,0
BRDA:137,20,0,0
BRDA:137,20,1,0
BRDA:170,21,0,0
BRDA:170,21,1,0
BRDA:179,22,0,0
BRDA:179,22,1,0
BRDA:201,23,0,0
BRDA:201,23,1,0
BRDA:212,24,0,0
BRDA:212,24,1,0
BRDA:215,25,0,0
BRDA:215,25,1,0
BRDA:216,26,0,0
BRDA:216,26,1,0
BRDA:217,27,0,0
BRDA:217,27,1,0
BRDA:262,28,0,0
BRDA:262,28,1,0
BRDA:270,29,0,0
BRDA:270,29,1,0
BRDA:270,30,0,0
BRDA:270,30,1,0
BRDA:278,31,0,0
BRDA:278,31,1,0
BRDA:279,32,0,0
BRDA:279,32,1,0
BRDA:280,33,0,0
BRDA:280,33,1,0
BRDA:281,34,0,0
BRDA:281,34,1,0
BRDA:282,35,0,0
BRDA:282,35,1,0
BRDA:283,36,0,0
BRDA:283,36,1,0
BRDA:284,37,0,0
BRDA:284,37,1,0
BRDA:285,38,0,0
BRDA:285,38,1,0
BRDA:288,39,0,0
BRDA:288,39,1,0
BRDA:289,40,0,0
BRDA:289,40,1,0
BRDA:291,41,0,0
BRDA:291,41,1,0
BRDA:291,42,0,0
BRDA:291,42,1,0
BRDA:291,42,2,0
BRDA:310,43,0,0
BRDA:310,43,1,0
BRDA:318,44,0,0
BRDA:318,44,1,0
BRDA:318,45,0,0
BRDA:318,45,1,0
BRDA:339,46,0,0
BRDA:339,46,1,0
BRDA:347,47,0,0
BRDA:347,47,1,0
BRDA:347,48,0,0
BRDA:347,48,1,0
BRDA:354,49,0,0
BRDA:354,49,1,0
BRDA:356,50,0,0
BRDA:356,50,1,0
BRDA:356,51,0,0
BRDA:356,51,1,0
BRDA:365,52,0,0
BRDA:365,52,1,0
BRDA:370,53,0,0
BRDA:370,53,1,0
BRDA:370,54,0,0
BRDA:370,54,1,0
BRDA:391,55,0,0
BRDA:391,55,1,0
BRDA:398,56,0,0
BRDA:398,56,1,0
BRDA:416,57,0,0
BRDA:416,57,1,0
BRDA:424,58,0,0
BRDA:424,58,1,0
BRDA:431,59,0,0
BRDA:431,59,1,0
BRDA:463,60,0,0
BRDA:463,60,1,0
BRDA:470,61,0,0
BRDA:470,61,1,0
BRDA:488,62,0,0
BRDA:488,62,1,0
BRDA:495,63,0,0
BRDA:495,63,1,0
BRDA:518,64,0,0
BRDA:518,64,1,0
BRDA:519,65,0,0
BRDA:519,65,1,0
BRDA:519,66,0,0
BRDA:519,66,1,0
BRF:134
BRH:0
end_of_record
TN:
SF:src\services\LevelService.js
FN:11,(anonymous_0)
FN:14,(anonymous_1)
FN:27,(anonymous_2)
FN:49,(anonymous_3)
FN:76,(anonymous_4)
FN:114,(anonymous_5)
FNF:6
FNH:0
FNDA:0,(anonymous_0)
FNDA:0,(anonymous_1)
FNDA:0,(anonymous_2)
FNDA:0,(anonymous_3)
FNDA:0,(anonymous_4)
FNDA:0,(anonymous_5)
DA:1,0
DA:2,0
DA:3,0
DA:12,0
DA:14,0
DA:28,0
DA:30,0
DA:31,0
DA:32,0
DA:33,0
DA:36,0
DA:50,0
DA:53,0
DA:54,0
DA:55,0
DA:56,0
DA:57,0
DA:60,0
DA:62,0
DA:77,0
DA:80,0
DA:81,0
DA:82,0
DA:83,0
DA:84,0
DA:88,0
DA:89,0
DA:90,0
DA:91,0
DA:92,0
DA:93,0
DA:97,0
DA:99,0
DA:101,0
DA:115,0
DA:117,0
DA:118,0
DA:119,0
DA:120,0
DA:123,0
DA:127,0
LF:41
LH:0
BRDA:17,0,0,0
BRDA:17,0,1,0
BRDA:30,1,0,0
BRDA:30,1,1,0
BRDA:39,2,0,0
BRDA:39,2,1,0
BRDA:54,3,0,0
BRDA:54,3,1,0
BRDA:65,4,0,0
BRDA:65,4,1,0
BRDA:81,5,0,0
BRDA:81,5,1,0
BRDA:88,6,0,0
BRDA:88,6,1,0
BRDA:88,7,0,0
BRDA:88,7,1,0
BRDA:90,8,0,0
BRDA:90,8,1,0
BRDA:90,9,0,0
BRDA:90,9,1,0
BRDA:104,10,0,0
BRDA:104,10,1,0
BRDA:117,11,0,0
BRDA:117,11,1,0
BRF:24
BRH:0
end_of_record
TN:
SF:src\services\LocationService.js
FN:4,(anonymous_0)
FN:11,(anonymous_1)
FN:26,(anonymous_2)
FN:50,(anonymous_3)
FNF:4
FNH:0
FNDA:0,(anonymous_0)
FNDA:0,(anonymous_1)
FNDA:0,(anonymous_2)
FNDA:0,(anonymous_3)
DA:1,0
DA:5,0
DA:12,0
DA:13,0
DA:14,0
DA:16,0
DA:17,0
DA:18,0
DA:19,0
DA:20,0
DA:23,0
DA:27,0
DA:28,0
DA:29,0
DA:31,0
DA:32,0
DA:33,0
DA:34,0
DA:35,0
DA:38,0
DA:39,0
DA:40,0
DA:41,0
DA:42,0
DA:43,0
DA:47,0
DA:51,0
DA:52,0
DA:54,0
DA:55,0
DA:56,0
DA:57,0
DA:58,0
DA:62,0
DA:66,0
LF:35
LH:0
BRDA:17,0,0,0
BRDA:17,0,1,0
BRDA:32,1,0,0
BRDA:32,1,1,0
BRDA:38,2,0,0
BRDA:38,2,1,0
BRDA:38,3,0,0
BRDA:38,3,1,0
BRDA:40,4,0,0
BRDA:40,4,1,0
BRDA:40,5,0,0
BRDA:40,5,1,0
BRDA:55,6,0,0
BRDA:55,6,1,0
BRF:14
BRH:0
end_of_record
TN:
SF:src\services\NotificationService.js
FN:11,(anonymous_0)
FN:27,(anonymous_1)
FN:48,(anonymous_2)
FN:56,(anonymous_3)
FNF:4
FNH:0
FNDA:0,(anonymous_0)
FNDA:0,(anonymous_1)
FNDA:0,(anonymous_2)
FNDA:0,(anonymous_3)
DA:1,0
DA:2,0
DA:3,0
DA:12,0
DA:13,0
DA:19,0
DA:28,0
DA:29,0
DA:30,0
DA:31,0
DA:32,0
DA:35,0
DA:36,0
DA:37,0
DA:38,0
DA:41,0
DA:49,0
DA:57,0
DA:61,0
LF:19
LH:0
BRDA:12,0,0,0
BRDA:12,1,0,0
BRDA:29,2,0,0
BRDA:29,2,1,0
BRDA:35,3,0,0
BRDA:35,3,1,0
BRF:6
BRH:0
end_of_record
TN:
SF:src\services\PaymentService.js
FN:26,(anonymous_0)
FN:84,(anonymous_1)
FN:104,(anonymous_2)
FNF:3
FNH:0
FNDA:0,(anonymous_0)
FNDA:0,(anonymous_1)
FNDA:0,(anonymous_2)
DA:6,0
DA:7,0
DA:8,0
DA:9,0
DA:10,0
DA:16,0
DA:18,0
DA:19,0
DA:27,0
DA:30,0
DA:31,0
DA:32,0
DA:33,0
DA:34,0
DA:38,0
DA:39,0
DA:41,0
DA:42,0
DA:43,0
DA:44,0
DA:48,0
DA:49,0
DA:50,0
DA:51,0
DA:55,0
DA:56,0
DA:66,0
DA:73,0
DA:86,0
DA:88,0
DA:89,0
DA:90,0
DA:91,0
DA:95,0
DA:96,0
DA:97,0
DA:98,0
DA:99,0
DA:103,0
DA:104,0
DA:105,0
DA:112,0
DA:113,0
DA:114,0
DA:116,0
DA:122,0
DA:123,0
DA:124,0
DA:125,0
DA:126,0
DA:127,0
DA:130,0
DA:131,0
DA:135,0
DA:145,0
DA:150,0
DA:158,0
LF:57
LH:0
BRDA:31,0,0,0
BRDA:31,0,1,0
BRDA:41,1,0,0
BRDA:41,1,1,0
BRDA:41,2,0,0
BRDA:41,2,1,0
BRDA:48,3,0,0
BRDA:48,3,1,0
BRDA:48,4,0,0
BRDA:48,4,1,0
BRDA:88,5,0,0
BRDA:88,5,1,0
BRDA:96,6,0,0
BRDA:96,6,1,0
BRDA:103,7,0,0
BRDA:103,7,1,0
BRDA:112,8,0,0
BRDA:112,8,1,0
BRDA:112,9,0,0
BRDA:112,9,1,0
BRDA:122,10,0,0
BRDA:122,10,1,0
BRDA:124,11,0,0
BRDA:124,11,1,0
BRDA:137,12,0,0
BRDA:137,12,1,0
BRF:26
BRH:0
end_of_record
TN:
SF:src\services\ResumeService.js
FN:12,(anonymous_0)
FN:58,(anonymous_1)
FN:82,(anonymous_2)
FN:93,(anonymous_3)
FN:118,(anonymous_4)
FN:151,(anonymous_5)
FNF:6
FNH:0
FNDA:0,(anonymous_0)
FNDA:0,(anonymous_1)
FNDA:0,(anonymous_2)
FNDA:0,(anonymous_3)
FNDA:0,(anonymous_4)
FNDA:0,(anonymous_5)
DA:1,0
DA:2,0
DA:3,0
DA:4,0
DA:17,0
DA:18,0
DA:19,0
DA:20,0
DA:21,0
DA:25,0
DA:26,0
DA:27,0
DA:28,0
DA:29,0
DA:35,0
DA:41,0
DA:43,0
DA:50,0
DA:59,0
DA:61,0
DA:62,0
DA:63,0
DA:64,0
DA:68,0
DA:69,0
DA:70,0
DA:71,0
DA:75,0
DA:83,0
DA:94,0
DA:96,0
DA:97,0
DA:98,0
DA:99,0
DA:103,0
DA:104,0
DA:105,0
DA:106,0
DA:109,0
DA:119,0
DA:121,0
DA:122,0
DA:123,0
DA:124,0
DA:127,0
DA:128,0
DA:129,0
DA:130,0
DA:134,0
DA:140,0
DA:152,0
DA:154,0
DA:155,0
DA:156,0
DA:157,0
DA:160,0
DA:161,0
DA:162,0
DA:163,0
DA:166,0
DA:171,0
LF:61
LH:0
BRDA:18,0,0,0
BRDA:18,0,1,0
BRDA:26,1,0,0
BRDA:26,1,1,0
BRDA:61,2,0,0
BRDA:61,2,1,0
BRDA:68,3,0,0
BRDA:68,3,1,0
BRDA:96,4,0,0
BRDA:96,4,1,0
BRDA:103,5,0,0
BRDA:103,5,1,0
BRDA:121,6,0,0
BRDA:121,6,1,0
BRDA:127,7,0,0
BRDA:127,7,1,0
BRDA:154,8,0,0
BRDA:154,8,1,0
BRDA:160,9,0,0
BRDA:160,9,1,0
BRF:20
BRH:0
end_of_record
TN:
SF:src\services\SavedJobService.js
FN:11,(anonymous_0)
FN:36,(anonymous_1)
FN:45,(anonymous_2)
FNF:3
FNH:0
FNDA:0,(anonymous_0)
FNDA:0,(anonymous_1)
FNDA:0,(anonymous_2)
DA:1,0
DA:2,0
DA:3,0
DA:13,0
DA:14,0
DA:15,0
DA:16,0
DA:17,0
DA:21,0
DA:22,0
DA:23,0
DA:24,0
DA:25,0
DA:29,0
DA:37,0
DA:47,0
DA:48,0
DA:49,0
DA:50,0
DA:51,0
DA:55,0
DA:59,0
LF:22
LH:0
BRDA:14,0,0,0
BRDA:14,0,1,0
BRDA:22,1,0,0
BRDA:22,1,1,0
BRDA:48,2,0,0
BRDA:48,2,1,0
BRF:6
BRH:0
end_of_record
TN:
SF:src\services\SkillService.js
FN:4,(anonymous_0)
FN:11,(anonymous_1)
FN:26,(anonymous_2)
FN:50,(anonymous_3)
FNF:4
FNH:0
FNDA:0,(anonymous_0)
FNDA:0,(anonymous_1)
FNDA:0,(anonymous_2)
FNDA:0,(anonymous_3)
DA:1,0
DA:5,0
DA:12,0
DA:13,0
DA:14,0
DA:16,0
DA:17,0
DA:18,0
DA:19,0
DA:20,0
DA:23,0
DA:27,0
DA:28,0
DA:29,0
DA:31,0
DA:32,0
DA:33,0
DA:34,0
DA:35,0
DA:38,0
DA:39,0
DA:40,0
DA:41,0
DA:42,0
DA:43,0
DA:47,0
DA:51,0
DA:52,0
DA:54,0
DA:55,0
DA:56,0
DA:57,0
DA:58,0
DA:62,0
DA:66,0
LF:35
LH:0
BRDA:17,0,0,0
BRDA:17,0,1,0
BRDA:32,1,0,0
BRDA:32,1,1,0
BRDA:38,2,0,0
BRDA:38,2,1,0
BRDA:38,3,0,0
BRDA:38,3,1,0
BRDA:40,4,0,0
BRDA:40,4,1,0
BRDA:40,5,0,0
BRDA:40,5,1,0
BRDA:55,6,0,0
BRDA:55,6,1,0
BRF:14
BRH:0
end_of_record
TN:
SF:src\services\SocketService.js
FN:4,(anonymous_0)
FN:13,(anonymous_1)
FN:17,(anonymous_2)
FN:24,(anonymous_3)
FN:32,(anonymous_4)
FN:45,(anonymous_5)
FN:59,(anonymous_6)
FNF:7
FNH:0
FNDA:0,(anonymous_0)
FNDA:0,(anonymous_1)
FNDA:0,(anonymous_2)
FNDA:0,(anonymous_3)
FNDA:0,(anonymous_4)
FNDA:0,(anonymous_5)
FNDA:0,(anonymous_6)
DA:4,0
DA:5,0
DA:6,0
DA:13,0
DA:14,0
DA:17,0
DA:18,0
DA:19,0
DA:20,0
DA:24,0
DA:25,0
DA:29,0
DA:32,0
DA:33,0
DA:34,0
DA:36,0
DA:45,0
DA:46,0
DA:47,0
DA:48,0
DA:49,0
DA:51,0
DA:55,0
DA:60,0
DA:61,0
DA:63,0
DA:70,0
DA:73,0
DA:74,0
DA:75,0
DA:77,0
LF:31
LH:0
BRDA:18,0,0,0
BRDA:18,0,1,0
BRDA:33,1,0,0
BRDA:33,1,1,0
BRF:4
BRH:0
end_of_record
TN:
SF:src\services\StatisticsService.js
FN:5,(anonymous_0)
FN:51,(anonymous_1)
FNF:2
FNH:0
FNDA:0,(anonymous_0)
FNDA:0,(anonymous_1)
DA:1,0
DA:2,0
DA:6,0
DA:7,0
DA:10,0
DA:15,0
DA:20,0
DA:25,0
DA:30,0
DA:36,0
DA:41,0
DA:52,0
DA:53,0
DA:54,0
DA:55,0
DA:56,0
DA:57,0
DA:58,0
DA:59,0
DA:61,0
DA:66,0
DA:71,0
DA:77,0
DA:81,0
LF:24
LH:0
BRF:0
BRH:0
end_of_record
TN:
SF:src\services\TransactionService.js
FN:10,(anonymous_0)
FNF:1
FNH:0
FNDA:0,(anonymous_0)
DA:1,0
DA:2,0
DA:11,0
DA:14,0
DA:15,0
DA:16,0
DA:17,0
DA:18,0
DA:21,0
DA:27,0
DA:31,0
LF:11
LH:0
BRDA:11,0,0,0
BRDA:11,1,0,0
BRDA:15,2,0,0
BRDA:15,2,1,0
BRF:4
BRH:0
end_of_record
TN:
SF:src\services\UserService.js
FN:14,(anonymous_0)
FN:47,(anonymous_1)
FN:60,(anonymous_2)
FN:100,(anonymous_3)
FN:139,(anonymous_4)
FN:166,(anonymous_5)
FN:184,(anonymous_6)
FN:215,(anonymous_7)
FN:235,(anonymous_8)
FN:279,(anonymous_9)
FN:294,(anonymous_10)
FN:318,(anonymous_11)
FNF:12
FNH:0
FNDA:0,(anonymous_0)
FNDA:0,(anonymous_1)
FNDA:0,(anonymous_2)
FNDA:0,(anonymous_3)
FNDA:0,(anonymous_4)
FNDA:0,(anonymous_5)
FNDA:0,(anonymous_6)
FNDA:0,(anonymous_7)
FNDA:0,(anonymous_8)
FNDA:0,(anonymous_9)
FNDA:0,(anonymous_10)
FNDA:0,(anonymous_11)
DA:1,0
DA:2,0
DA:3,0
DA:4,0
DA:5,0
DA:15,0
DA:17,0
DA:18,0
DA:19,0
DA:20,0
DA:24,0
DA:48,0
DA:50,0
DA:51,0
DA:52,0
DA:53,0
DA:57,0
DA:58,0
DA:60,0
DA:61,0
DA:63,0
DA:65,0
DA:69,0
DA:72,0
DA:75,0
DA:101,0
DA:104,0
DA:106,0
DA:107,0
DA:108,0
DA:109,0
DA:113,0
DA:115,0
DA:116,0
DA:117,0
DA:118,0
DA:122,0
DA:125,0
DA:127,0
DA:141,0
DA:143,0
DA:144,0
DA:145,0
DA:146,0
DA:150,0
DA:153,0
DA:155,0
DA:167,0
DA:169,0
DA:170,0
DA:171,0
DA:172,0
DA:175,0
DA:186,0
DA:190,0
DA:191,0
DA:192,0
DA:193,0
DA:196,0
DA:198,0
DA:199,0
DA:200,0
DA:201,0
DA:204,0
DA:216,0
DA:218,0
DA:219,0
DA:220,0
DA:221,0
DA:224,0
DA:236,0
DA:237,0
DA:238,0
DA:239,0
DA:240,0
DA:244,0
DA:245,0
DA:246,0
DA:247,0
DA:248,0
DA:252,0
DA:253,0
DA:254,0
DA:255,0
DA:256,0
DA:261,0
DA:270,0
DA:272,0
DA:280,0
DA:281,0
DA:283,0
DA:290,0
DA:291,0
DA:295,0
DA:296,0
DA:297,0
DA:298,0
DA:299,0
DA:302,0
DA:319,0
DA:320,0
DA:321,0
DA:322,0
DA:323,0
DA:326,0
DA:327,0
DA:328,0
DA:329,0
DA:332,0
DA:336,0
LF:110
LH:0
BRDA:17,0,0,0
BRDA:17,0,1,0
BRDA:34,1,0,0
BRDA:34,1,1,0
BRDA:36,2,0,0
BRDA:36,2,1,0
BRDA:50,3,0,0
BRDA:50,3,1,0
BRDA:61,4,0,0
BRDA:61,4,1,0
BRDA:63,5,0,0
BRDA:63,5,1,0
BRDA:64,6,0,0
BRDA:64,6,1,0
BRDA:106,7,0,0
BRDA:106,7,1,0
BRDA:115,8,0,0
BRDA:115,8,1,0
BRDA:143,9,0,0
BRDA:143,9,1,0
BRDA:169,10,0,0
BRDA:169,10,1,0
BRDA:175,11,0,0
BRDA:175,11,1,0
BRDA:190,12,0,0
BRDA:190,12,1,0
BRDA:198,13,0,0
BRDA:198,13,1,0
BRDA:218,14,0,0
BRDA:218,14,1,0
BRDA:237,15,0,0
BRDA:237,15,1,0
BRDA:245,16,0,0
BRDA:245,16,1,0
BRDA:253,17,0,0
BRDA:253,17,1,0
BRDA:280,18,0,0
BRDA:280,19,0,0
BRDA:281,20,0,0
BRDA:281,20,1,0
BRDA:296,21,0,0
BRDA:296,21,1,0
BRDA:320,22,0,0
BRDA:320,22,1,0
BRDA:326,23,0,0
BRDA:326,23,1,0
BRF:46
BRH:0
end_of_record
TN:
SF:src\services\emailService.js
FN:5,(anonymous_0)
FN:17,(anonymous_1)
FN:40,(anonymous_2)
FN:191,(anonymous_3)
FNF:4
FNH:0
FNDA:0,(anonymous_0)
FNDA:0,(anonymous_1)
FNDA:0,(anonymous_2)
FNDA:0,(anonymous_3)
DA:1,0
DA:2,0
DA:6,0
DA:18,0
DA:31,0
DA:32,0
DA:33,0
DA:35,0
DA:36,0
DA:41,0
DA:182,0
DA:183,0
DA:184,0
DA:186,0
DA:187,0
DA:192,0
DA:334,0
DA:335,0
DA:336,0
DA:338,0
DA:339,0
DA:344,0
LF:22
LH:0
BRF:0
BRH:0
end_of_record
TN:
SF:src\utils\jwtHelper.js
FN:9,(anonymous_0)
FN:15,(anonymous_1)
FN:21,(anonymous_2)
FN:29,(anonymous_3)
FN:37,(anonymous_4)
FNF:5
FNH:0
FNDA:0,(anonymous_0)
FNDA:0,(anonymous_1)
FNDA:0,(anonymous_2)
FNDA:0,(anonymous_3)
FNDA:0,(anonymous_4)
DA:1,0
DA:3,0
DA:4,0
DA:5,0
DA:6,0
DA:10,0
DA:16,0
DA:22,0
DA:23,0
DA:25,0
DA:30,0
DA:31,0
DA:33,0
DA:38,0
DA:39,0
DA:41,0
DA:48,0
LF:17
LH:0
BRDA:5,0,0,0
BRDA:5,0,1,0
BRDA:6,1,0,0
BRDA:6,1,1,0
BRF:4
BRH:0
end_of_record
TN:
SF:src\utils\otpGenerator.js
FN:4,(anonymous_0)
FN:8,(anonymous_1)
FNF:2
FNH:0
FNDA:0,(anonymous_0)
FNDA:0,(anonymous_1)
DA:1,0
DA:2,0
DA:4,0
DA:5,0
DA:8,0
DA:9,0
DA:10,0
DA:13,0
LF:8
LH:0
BRF:0
BRH:0
end_of_record
TN:
SF:src\utils\passwordGenerator.js
FN:7,generatePassword
FN:28,(anonymous_1)
FNF:2
FNH:0
FNDA:0,generatePassword
FNDA:0,(anonymous_1)
DA:8,0
DA:9,0
DA:10,0
DA:11,0
DA:13,0
DA:16,0
DA:17,0
DA:18,0
DA:19,0
DA:20,0
DA:23,0
DA:24,0
DA:28,0
DA:31,0
LF:14
LH:0
BRDA:7,0,0,0
BRF:1
BRH:0
end_of_record
TN:
SF:src\utils\pdfExtractor.js
FN:10,extractTextFromPdfUrl
FNF:1
FNH:1
FNDA:3,extractTextFromPdfUrl
DA:1,3
DA:2,3
DA:11,3
DA:12,3
DA:13,2
DA:14,1
DA:16,2
DA:20,3
LF:8
LH:8
BRF:0
BRH:0
end_of_record
TN:
SF:src\utils\uploadService.js
FN:11,(anonymous_0)
FN:12,(anonymous_1)
FN:33,(anonymous_2)
FN:53,(anonymous_3)
FNF:4
FNH:0
FNDA:0,(anonymous_0)
FNDA:0,(anonymous_1)
FNDA:0,(anonymous_2)
FNDA:0,(anonymous_3)
DA:1,0
DA:2,0
DA:12,0
DA:13,0
DA:23,0
DA:24,0
DA:25,0
DA:31,0
DA:34,0
DA:35,0
DA:36,0
DA:38,0
DA:39,0
DA:44,0
DA:54,0
DA:55,0
DA:57,0
DA:62,0
LF:18
LH:0
BRDA:11,0,0,0
BRDA:11,1,0,0
BRDA:15,2,0,0
BRDA:15,2,1,0
BRDA:23,3,0,0
BRDA:23,3,1,0
BRDA:23,4,0,0
BRDA:23,4,1,0
BRDA:34,5,0,0
BRDA:34,5,1,0
BRF:10
BRH:0
end_of_record
TN:
SF:src\utils\vnpayHelper.js
FN:5,(anonymous_0)
FN:13,(anonymous_1)
FN:29,(anonymous_2)
FN:51,(anonymous_3)
FN:61,(anonymous_4)
FN:69,(anonymous_5)
FN:86,(anonymous_6)
FNF:7
FNH:0
FNDA:0,(anonymous_0)
FNDA:0,(anonymous_1)
FNDA:0,(anonymous_2)
FNDA:0,(anonymous_3)
FNDA:0,(anonymous_4)
FNDA:0,(anonymous_5)
FNDA:0,(anonymous_6)
DA:1,0
DA:2,0
DA:6,0
DA:7,0
DA:8,0
DA:9,0
DA:14,0
DA:15,0
DA:17,0
DA:18,0
DA:19,0
DA:22,0
DA:23,0
DA:24,0
DA:26,0
DA:30,0
DA:32,0
DA:34,0
DA:49,0
DA:51,0
DA:52,0
DA:53,0
DA:56,0
DA:58,0
DA:62,0
DA:64,0
DA:65,0
DA:67,0
DA:69,0
DA:70,0
DA:71,0
DA:73,0
DA:87,0
DA:88,0
DA:89,0
DA:90,0
DA:91,0
DA:92,0
DA:94,0
DA:98,0
LF:40
LH:0
BRDA:18,0,0,0
BRDA:18,0,1,0
BRDA:44,1,0,0
BRDA:44,1,1,0
BRF:4
BRH:0
end_of_record
TN:
SF:src\validators\applicationValidator.js
FN:132,(anonymous_0)
FN:156,(anonymous_1)
FN:176,(anonymous_2)
FN:194,(anonymous_3)
FN:201,(anonymous_4)
FNF:5
FNH:0
FNDA:0,(anonymous_0)
FNDA:0,(anonymous_1)
FNDA:0,(anonymous_2)
FNDA:0,(anonymous_3)
FNDA:0,(anonymous_4)
DA:1,0
DA:2,0
DA:3,0
DA:4,0
DA:11,0
DA:31,0
DA:62,0
DA:114,0
DA:132,0
DA:133,0
DA:138,0
DA:139,0
DA:148,0
DA:149,0
DA:156,0
DA:157,0
DA:162,0
DA:163,0
DA:172,0
DA:173,0
DA:176,0
DA:177,0
DA:182,0
DA:183,0
DA:192,0
DA:193,0
DA:194,0
DA:197,0
DA:198,0
DA:201,0
DA:202,0
DA:207,0
DA:208,0
DA:217,0
DA:218,0
DA:221,0
LF:36
LH:0
BRDA:138,0,0,0
BRDA:138,0,1,0
BRDA:162,1,0,0
BRDA:162,1,1,0
BRDA:182,2,0,0
BRDA:182,2,1,0
BRDA:193,3,0,0
BRDA:193,3,1,0
BRDA:207,4,0,0
BRDA:207,4,1,0
BRF:10
BRH:0
end_of_record
TN:
SF:src\validators\authValidator.js
FN:92,(anonymous_0)
FN:93,(anonymous_1)
FN:98,(anonymous_2)
FNF:3
FNH:0
FNDA:0,(anonymous_0)
FNDA:0,(anonymous_1)
FNDA:0,(anonymous_2)
DA:1,0
DA:2,0
DA:3,0
DA:5,0
DA:43,0
DA:92,0
DA:93,0
DA:94,0
DA:95,0
DA:97,0
DA:98,0
DA:99,0
DA:107,0
DA:108,0
DA:110,0
DA:112,0
DA:116,0
DA:134,0
DA:145,0
DA:164,0
DA:173,0
DA:179,0
LF:22
LH:0
BRDA:92,0,0,0
BRDA:94,1,0,0
BRDA:94,1,1,0
BRDA:97,2,0,0
BRDA:97,2,1,0
BRDA:107,3,0,0
BRDA:107,3,1,0
BRF:7
BRH:0
end_of_record
TN:
SF:src\validators\companyValidator.js
FN:4,(anonymous_0)
FN:5,(anonymous_1)
FNF:2
FNH:0
FNDA:0,(anonymous_0)
FNDA:0,(anonymous_1)
DA:1,0
DA:2,0
DA:4,0
DA:5,0
DA:6,0
DA:8,0
DA:9,0
DA:10,0
DA:18,0
DA:22,0
DA:61,0
LF:11
LH:0
BRDA:8,0,0,0
BRDA:8,0,1,0
BRF:2
BRH:0
end_of_record
TN:
SF:src\validators\interviewQuestionValidator.js
FN:16,(anonymous_0)
FNF:1
FNH:1
FNDA:4,(anonymous_0)
DA:1,1
DA:2,1
DA:4,1
DA:16,1
DA:17,4
DA:25,4
DA:26,2
DA:35,2
DA:36,2
DA:39,1
LF:10
LH:10
BRDA:25,0,0,2
BRDA:25,0,1,2
BRDA:26,1,0,2
BRDA:26,1,1,0
BRDA:29,2,0,2
BRDA:29,2,1,0
BRF:6
BRH:4
end_of_record
TN:
SF:src\validators\jobValidator.js
FN:61,(anonymous_0)
FN:64,(anonymous_1)
FN:73,(anonymous_2)
FN:76,(anonymous_3)
FN:95,(anonymous_4)
FN:98,(anonymous_5)
FNF:6
FNH:0
FNDA:0,(anonymous_0)
FNDA:0,(anonymous_1)
FNDA:0,(anonymous_2)
FNDA:0,(anonymous_3)
FNDA:0,(anonymous_4)
FNDA:0,(anonymous_5)
DA:1,0
DA:2,0
DA:4,0
DA:51,0
DA:61,0
DA:62,0
DA:63,0
DA:64,0
DA:65,0
DA:70,0
DA:73,0
DA:74,0
DA:75,0
DA:76,0
DA:77,0
DA:82,0
DA:85,0
DA:95,0
DA:96,0
DA:97,0
DA:98,0
DA:99,0
DA:104,0
DA:107,0
LF:24
LH:0
BRDA:63,0,0,0
BRDA:63,0,1,0
BRDA:75,1,0,0
BRDA:75,1,1,0
BRDA:97,2,0,0
BRDA:97,2,1,0
BRF:6
BRH:0
end_of_record
TN:
SF:src\validators\levelValidator.js
FN:47,(anonymous_0)
FN:51,(anonymous_1)
FN:61,(anonymous_2)
FN:65,(anonymous_3)
FN:75,(anonymous_4)
FN:82,(anonymous_5)
FNF:6
FNH:0
FNDA:0,(anonymous_0)
FNDA:0,(anonymous_1)
FNDA:0,(anonymous_2)
FNDA:0,(anonymous_3)
FNDA:0,(anonymous_4)
FNDA:0,(anonymous_5)
DA:1,0
DA:2,0
DA:4,0
DA:47,0
DA:48,0
DA:50,0
DA:51,0
DA:52,0
DA:58,0
DA:61,0
DA:62,0
DA:64,0
DA:65,0
DA:66,0
DA:72,0
DA:75,0
DA:76,0
DA:81,0
DA:82,0
DA:83,0
DA:89,0
DA:92,0
LF:22
LH:0
BRDA:50,0,0,0
BRDA:50,0,1,0
BRDA:64,1,0,0
BRDA:64,1,1,0
BRDA:81,2,0,0
BRDA:81,2,1,0
BRF:6
BRH:0
end_of_record
TN:
SF:src\validators\userValidator.js
FN:4,(anonymous_0)
FN:5,(anonymous_1)
FN:112,(anonymous_2)
FN:113,(anonymous_3)
FNF:4
FNH:0
FNDA:0,(anonymous_0)
FNDA:0,(anonymous_1)
FNDA:0,(anonymous_2)
FNDA:0,(anonymous_3)
DA:1,0
DA:2,0
DA:4,0
DA:5,0
DA:6,0
DA:8,0
DA:9,0
DA:10,0
DA:18,0
DA:22,0
DA:76,0
DA:95,0
DA:112,0
DA:113,0
DA:114,0
DA:116,0
DA:117,0
DA:118,0
DA:126,0
DA:130,0
DA:143,0
DA:168,0
LF:22
LH:0
BRDA:8,0,0,0
BRDA:8,0,1,0
BRDA:116,1,0,0
BRDA:116,1,1,0
BRF:4
BRH:0
end_of_record
